Some weights of GPT2LMHeadModel were not initialized from the model checkpoint at gpt2 and are newly initialized: ['h.0.attn.masked_bias', 'h.1.attn.masked_bias', 'h.2.attn.masked_bias', 'h.3.attn.masked_bias', 'h.4.attn.masked_bias', 'h.5.attn.masked_bias', 'h.6.attn.masked_bias', 'h.7.attn.masked_bias', 'h.8.attn.masked_bias', 'h.9.attn.masked_bias', 'h.10.attn.masked_bias', 'h.11.attn.masked_bias', 'lm_head.weight']
You should probably TRAIN this model on a down-stream task to be able to use it for predictions and inference.
/project/6027213/shankar5/envs/logicnlg/env/lib/python3.7/site-packages/nltk/translate/bleu_score.py:516: UserWarning: 
The hypothesis contains 0 counts of 3-gram overlaps.
Therefore the BLEU score evaluates to 0, independently of
how many N-gram overlaps of lower order it contains.
Consider using lower n-gram order or use SmoothingFunction()
  warnings.warn(_msg)
/project/6027213/shankar5/envs/logicnlg/env/lib/python3.7/site-packages/nltk/translate/bleu_score.py:516: UserWarning: 
The hypothesis contains 0 counts of 2-gram overlaps.
Therefore the BLEU score evaluates to 0, independently of
how many N-gram overlaps of lower order it contains.
Consider using lower n-gram order or use SmoothingFunction()
  warnings.warn(_msg)
{'batch_size': '3', 'gold_train': 'data/train_lm_preprocessed.json', 'gold_test': 'data/test_lm.json', 'data_tables': 'data/tables/', 'epochs': '15', 'stage': '2', 'max_length': '800', 'model': 'gpt2', 'device': 'cuda', 'learning_rate': '2e-6', 'checkpoint_dir': 'model_checkpoints/', 'log_dir': 'model_logs/', 'model_stage1_file': 'C2F_stage1_epoch9.pt', 'model_test_file': 'C2F_stage2_epoch14.pt', 'test_output_dir': 'output/', 'max_decoding_length': '50', 'top_k': '1', 'top_p': '0.0'}
table: 2-18424778-6.html.csv, bleu-1: 58.27, bleu-2: 44.16, bleu-3: 25.81
table: 2-1458666-4.html.csv, bleu-1: 44.85, bleu-2: 33.25, bleu-3: 20.13
table: 2-12164751-7.html.csv, bleu-1: 45.54, bleu-2: 30.88, bleu-3: 18.83
table: 1-27987623-1.html.csv, bleu-1: 36.92, bleu-2: 23.16, bleu-3: 14.13
table: 2-11036258-13.html.csv, bleu-1: 35.48, bleu-2: 19.90, bleu-3: 11.30
table: 2-11545282-4.html.csv, bleu-1: 35.90, bleu-2: 18.34, bleu-3: 10.33
table: 2-15715109-9.html.csv, bleu-1: 35.60, bleu-2: 18.53, bleu-3: 10.85
table: 1-2668420-17.html.csv, bleu-1: 36.93, bleu-2: 20.21, bleu-3: 12.46
table: 2-17245565-6.html.csv, bleu-1: 37.33, bleu-2: 20.18, bleu-3: 12.84
table: 2-11613207-1.html.csv, bleu-1: 36.83, bleu-2: 18.85, bleu-3: 11.56
table: 2-12275551-1.html.csv, bleu-1: 37.50, bleu-2: 19.23, bleu-3: 10.87
table: 2-10790804-13.html.csv, bleu-1: 37.46, bleu-2: 19.66, bleu-3: 11.53
table: 2-1123314-1.html.csv, bleu-1: 38.68, bleu-2: 20.88, bleu-3: 11.75
table: 2-14227676-3.html.csv, bleu-1: 38.74, bleu-2: 21.15, bleu-3: 12.25
table: 2-17814838-6.html.csv, bleu-1: 39.70, bleu-2: 21.26, bleu-3: 12.02
table: 2-13913673-5.html.csv, bleu-1: 40.54, bleu-2: 21.69, bleu-3: 12.44
table: 2-18379129-5.html.csv, bleu-1: 41.17, bleu-2: 21.46, bleu-3: 11.88
table: 2-13135264-6.html.csv, bleu-1: 40.25, bleu-2: 20.26, bleu-3: 11.09
table: 1-262534-2.html.csv, bleu-1: 40.47, bleu-2: 20.53, bleu-3: 10.66
table: 2-18662679-7.html.csv, bleu-1: 40.54, bleu-2: 19.72, bleu-3: 10.13
table: 2-18842947-2.html.csv, bleu-1: 41.42, bleu-2: 20.43, bleu-3: 10.60
table: 2-10362162-2.html.csv, bleu-1: 42.14, bleu-2: 20.83, bleu-3: 11.35
table: 2-1219456-1.html.csv, bleu-1: 40.95, bleu-2: 20.04, bleu-3: 10.86
table: 2-1122485-2.html.csv, bleu-1: 40.61, bleu-2: 19.64, bleu-3: 10.49
table: 2-11025881-1.html.csv, bleu-1: 40.15, bleu-2: 19.32, bleu-3: 10.07
table: 1-2897457-3.html.csv, bleu-1: 39.75, bleu-2: 18.86, bleu-3: 9.69
table: 2-13649804-1.html.csv, bleu-1: 39.63, bleu-2: 18.87, bleu-3: 9.70
table: 2-16023753-2.html.csv, bleu-1: 39.86, bleu-2: 18.58, bleu-3: 9.51
table: 2-13962594-1.html.csv, bleu-1: 39.60, bleu-2: 17.94, bleu-3: 9.18
table: 2-14611590-3.html.csv, bleu-1: 40.27, bleu-2: 18.69, bleu-3: 9.51
table: 2-1554464-3.html.csv, bleu-1: 40.88, bleu-2: 19.32, bleu-3: 9.62
table: 2-15679690-3.html.csv, bleu-1: 40.97, bleu-2: 18.94, bleu-3: 9.32
table: 2-1204658-17.html.csv, bleu-1: 40.83, bleu-2: 19.15, bleu-3: 9.34
table: 2-15205941-2.html.csv, bleu-1: 39.63, bleu-2: 18.58, bleu-3: 9.06
table: 2-11097691-2.html.csv, bleu-1: 39.77, bleu-2: 18.72, bleu-3: 8.89
table: 2-10808681-18.html.csv, bleu-1: 40.50, bleu-2: 19.66, bleu-3: 9.43
table: 2-10776330-14.html.csv, bleu-1: 40.18, bleu-2: 19.43, bleu-3: 9.17
table: 2-14939494-2.html.csv, bleu-1: 39.36, bleu-2: 18.92, bleu-3: 8.93
table: 2-10651573-1.html.csv, bleu-1: 39.73, bleu-2: 19.39, bleu-3: 9.27
table: 1-27547668-2.html.csv, bleu-1: 39.80, bleu-2: 19.70, bleu-3: 9.35
table: 2-1226502-2.html.csv, bleu-1: 40.05, bleu-2: 19.92, bleu-3: 9.25
table: 2-170969-2.html.csv, bleu-1: 39.93, bleu-2: 19.79, bleu-3: 9.14
table: 2-10747009-9.html.csv, bleu-1: 39.88, bleu-2: 19.78, bleu-3: 9.11
table: 2-11512626-6.html.csv, bleu-1: 40.02, bleu-2: 19.65, bleu-3: 8.90
table: 2-14584488-11.html.csv, bleu-1: 40.27, bleu-2: 19.79, bleu-3: 9.04
table: 2-12617978-7.html.csv, bleu-1: 40.28, bleu-2: 19.78, bleu-3: 8.84
table: 1-27771406-1.html.csv, bleu-1: 40.08, bleu-2: 19.45, bleu-3: 8.65
table: 2-12197750-6.html.csv, bleu-1: 40.00, bleu-2: 19.43, bleu-3: 8.61
table: 2-18935018-1.html.csv, bleu-1: 40.27, bleu-2: 19.55, bleu-3: 8.64
table: 2-12913985-5.html.csv, bleu-1: 40.42, bleu-2: 19.68, bleu-3: 8.47
table: 2-15780049-10.html.csv, bleu-1: 40.51, bleu-2: 19.79, bleu-3: 8.33
table: 1-24138601-2.html.csv, bleu-1: 40.96, bleu-2: 20.20, bleu-3: 8.76
table: 2-13810690-10.html.csv, bleu-1: 41.10, bleu-2: 20.29, bleu-3: 8.90
table: 2-12807827-2.html.csv, bleu-1: 41.25, bleu-2: 20.45, bleu-3: 8.95
table: 2-15828727-6.html.csv, bleu-1: 41.24, bleu-2: 20.55, bleu-3: 9.08
table: 1-2655016-4.html.csv, bleu-1: 41.27, bleu-2: 20.34, bleu-3: 8.92
table: 2-1123150-1.html.csv, bleu-1: 41.36, bleu-2: 20.60, bleu-3: 9.17
table: 2-16806446-2.html.csv, bleu-1: 41.20, bleu-2: 20.55, bleu-3: 9.25
table: 2-1172877-1.html.csv, bleu-1: 41.02, bleu-2: 20.50, bleu-3: 9.09
table: 2-17445673-2.html.csv, bleu-1: 41.07, bleu-2: 20.28, bleu-3: 9.01
table: 2-12572989-1.html.csv, bleu-1: 41.22, bleu-2: 20.50, bleu-3: 9.27
table: 2-1122902-1.html.csv, bleu-1: 41.54, bleu-2: 20.96, bleu-3: 9.73
table: 2-12586672-1.html.csv, bleu-1: 41.24, bleu-2: 20.88, bleu-3: 9.78
table: 2-14255774-8.html.csv, bleu-1: 41.62, bleu-2: 20.96, bleu-3: 9.62
table: 2-17964087-2.html.csv, bleu-1: 41.69, bleu-2: 21.02, bleu-3: 9.75
table: 2-14320222-15.html.csv, bleu-1: 41.80, bleu-2: 21.13, bleu-3: 9.66
table: 2-18546846-1.html.csv, bleu-1: 41.99, bleu-2: 21.37, bleu-3: 9.88
table: 2-18087075-2.html.csv, bleu-1: 42.15, bleu-2: 21.52, bleu-3: 9.82
table: 2-14883-2.html.csv, bleu-1: 42.15, bleu-2: 21.65, bleu-3: 9.98
table: 2-11965402-8.html.csv, bleu-1: 42.33, bleu-2: 21.75, bleu-3: 10.12
table: 2-17389615-6.html.csv, bleu-1: 42.54, bleu-2: 21.86, bleu-3: 10.21
table: 2-12503727-1.html.csv, bleu-1: 42.48, bleu-2: 21.58, bleu-3: 10.07
table: 2-12207449-2.html.csv, bleu-1: 42.60, bleu-2: 21.77, bleu-3: 10.26
table: 2-1111175-9.html.csv, bleu-1: 42.57, bleu-2: 21.55, bleu-3: 10.12
table: 2-13044634-2.html.csv, bleu-1: 42.57, bleu-2: 21.43, bleu-3: 9.99
table: 2-12582968-1.html.csv, bleu-1: 42.78, bleu-2: 21.58, bleu-3: 9.86
table: 2-10809271-4.html.csv, bleu-1: 43.00, bleu-2: 21.78, bleu-3: 9.86
table: 2-12410929-70.html.csv, bleu-1: 43.02, bleu-2: 21.75, bleu-3: 9.92
table: 2-1064216-1.html.csv, bleu-1: 42.98, bleu-2: 21.57, bleu-3: 9.87
table: 2-11739153-4.html.csv, bleu-1: 43.03, bleu-2: 21.59, bleu-3: 9.93
table: 2-17751797-2.html.csv, bleu-1: 43.06, bleu-2: 21.40, bleu-3: 9.81
table: 2-11552877-1.html.csv, bleu-1: 43.04, bleu-2: 21.48, bleu-3: 9.86
table: 2-14820149-3.html.csv, bleu-1: 43.01, bleu-2: 21.50, bleu-3: 9.90
table: 2-10773753-1.html.csv, bleu-1: 43.01, bleu-2: 21.57, bleu-3: 9.98
table: 1-286271-1.html.csv, bleu-1: 43.08, bleu-2: 21.67, bleu-3: 10.05
table: 2-12108114-5.html.csv, bleu-1: 43.13, bleu-2: 21.76, bleu-3: 10.19
table: 2-1137274-2.html.csv, bleu-1: 43.13, bleu-2: 21.73, bleu-3: 10.24
table: 1-23314951-4.html.csv, bleu-1: 42.90, bleu-2: 21.55, bleu-3: 10.12
table: 2-10788451-14.html.csv, bleu-1: 42.90, bleu-2: 21.52, bleu-3: 10.08
table: 2-11128774-10.html.csv, bleu-1: 42.84, bleu-2: 21.59, bleu-3: 10.16
table: 2-11964047-6.html.csv, bleu-1: 42.86, bleu-2: 21.67, bleu-3: 10.26
table: 2-17505751-2.html.csv, bleu-1: 42.69, bleu-2: 21.61, bleu-3: 10.15
table: 2-10776330-15.html.csv, bleu-1: 43.29, bleu-2: 22.44, bleu-3: 11.07
table: 2-12392766-3.html.csv, bleu-1: 43.13, bleu-2: 22.38, bleu-3: 11.01
table: 2-1710991-1.html.csv, bleu-1: 43.22, bleu-2: 22.41, bleu-3: 11.04
table: 2-1140095-1.html.csv, bleu-1: 43.26, bleu-2: 22.54, bleu-3: 11.18
table: 2-17471066-1.html.csv, bleu-1: 42.99, bleu-2: 22.30, bleu-3: 11.06
table: 2-1123180-2.html.csv, bleu-1: 42.90, bleu-2: 22.30, bleu-3: 10.95
table: 2-16712803-2.html.csv, bleu-1: 42.88, bleu-2: 22.31, bleu-3: 10.98
table: 2-1746765-1.html.csv, bleu-1: 42.85, bleu-2: 22.36, bleu-3: 11.05
table: 2-15198842-20.html.csv, bleu-1: 43.17, bleu-2: 22.69, bleu-3: 11.29
table: 1-2419754-1.html.csv, bleu-1: 43.19, bleu-2: 22.80, bleu-3: 11.41
table: 2-11545282-1.html.csv, bleu-1: 43.27, bleu-2: 22.91, bleu-3: 11.58
table: 2-17746881-1.html.csv, bleu-1: 43.47, bleu-2: 23.03, bleu-3: 11.64
table: 2-11636955-27.html.csv, bleu-1: 43.38, bleu-2: 23.05, bleu-3: 11.61
table: 2-17928444-1.html.csv, bleu-1: 43.33, bleu-2: 23.01, bleu-3: 11.60
table: 2-11452712-1.html.csv, bleu-1: 43.40, bleu-2: 23.05, bleu-3: 11.66
table: 2-15887683-4.html.csv, bleu-1: 43.53, bleu-2: 23.08, bleu-3: 11.59
table: 2-16218498-1.html.csv, bleu-1: 43.58, bleu-2: 23.18, bleu-3: 11.68
table: 2-1140105-6.html.csv, bleu-1: 43.56, bleu-2: 23.18, bleu-3: 11.70
table: 2-17355716-9.html.csv, bleu-1: 43.85, bleu-2: 23.35, bleu-3: 11.63
table: 1-23157997-13.html.csv, bleu-1: 43.99, bleu-2: 23.51, bleu-3: 11.73
table: 2-11916083-27.html.csv, bleu-1: 44.00, bleu-2: 23.52, bleu-3: 11.78
table: 2-1122338-1.html.csv, bleu-1: 43.92, bleu-2: 23.43, bleu-3: 11.71
table: 2-1236238-1.html.csv, bleu-1: 44.01, bleu-2: 23.54, bleu-3: 11.78
table: 1-27756014-5.html.csv, bleu-1: 44.02, bleu-2: 23.56, bleu-3: 11.74
table: 2-1621212-1.html.csv, bleu-1: 44.00, bleu-2: 23.45, bleu-3: 11.64
table: 2-10807990-7.html.csv, bleu-1: 44.38, bleu-2: 23.96, bleu-3: 12.19
table: 2-18912995-9.html.csv, bleu-1: 44.42, bleu-2: 23.97, bleu-3: 12.14
table: 2-18198579-6.html.csv, bleu-1: 44.11, bleu-2: 23.77, bleu-3: 12.04
table: 2-14604250-1.html.csv, bleu-1: 44.22, bleu-2: 23.91, bleu-3: 12.18
table: 2-14347546-17.html.csv, bleu-1: 44.26, bleu-2: 23.96, bleu-3: 12.22
table: 2-1213811-1.html.csv, bleu-1: 44.38, bleu-2: 24.02, bleu-3: 12.23
table: 2-15211468-5.html.csv, bleu-1: 44.39, bleu-2: 23.89, bleu-3: 12.17
table: 2-10826385-9.html.csv, bleu-1: 44.50, bleu-2: 23.99, bleu-3: 12.21
table: 2-11522060-6.html.csv, bleu-1: 44.39, bleu-2: 23.91, bleu-3: 12.11
table: 2-16073541-1.html.csv, bleu-1: 44.34, bleu-2: 23.84, bleu-3: 12.08
table: 2-187504-13.html.csv, bleu-1: 44.37, bleu-2: 23.90, bleu-3: 12.03
table: 1-23248940-9.html.csv, bleu-1: 44.58, bleu-2: 24.16, bleu-3: 12.33
table: 2-12251219-2.html.csv, bleu-1: 44.65, bleu-2: 24.24, bleu-3: 12.37
table: 2-15089329-1.html.csv, bleu-1: 44.70, bleu-2: 24.25, bleu-3: 12.38
table: 2-10788451-2.html.csv, bleu-1: 44.79, bleu-2: 24.36, bleu-3: 12.47
table: 2-16351707-18.html.csv, bleu-1: 44.74, bleu-2: 24.37, bleu-3: 12.46
table: 2-15526447-1.html.csv, bleu-1: 44.83, bleu-2: 24.40, bleu-3: 12.49
table: 2-11677691-4.html.csv, bleu-1: 44.80, bleu-2: 24.38, bleu-3: 12.40
table: 2-12030247-8.html.csv, bleu-1: 44.95, bleu-2: 24.51, bleu-3: 12.45
table: 2-11936264-2.html.csv, bleu-1: 45.03, bleu-2: 24.57, bleu-3: 12.49
table: 1-2602958-5.html.csv, bleu-1: 44.98, bleu-2: 24.55, bleu-3: 12.50
table: 2-1233146-1.html.csv, bleu-1: 45.11, bleu-2: 24.70, bleu-3: 12.65
table: 2-11105214-2.html.csv, bleu-1: 45.16, bleu-2: 24.74, bleu-3: 12.64
table: 2-16400024-2.html.csv, bleu-1: 44.98, bleu-2: 24.57, bleu-3: 12.55
table: 1-25997153-1.html.csv, bleu-1: 44.98, bleu-2: 24.48, bleu-3: 12.46
table: 2-18855244-2.html.csv, bleu-1: 44.87, bleu-2: 24.40, bleu-3: 12.41
table: 2-14076898-4.html.csv, bleu-1: 44.92, bleu-2: 24.43, bleu-3: 12.41
table: 1-27484208-1.html.csv, bleu-1: 44.82, bleu-2: 24.39, bleu-3: 12.37
table: 2-16045118-20.html.csv, bleu-1: 44.79, bleu-2: 24.30, bleu-3: 12.29
table: 2-18048776-7.html.csv, bleu-1: 44.95, bleu-2: 24.47, bleu-3: 12.44
table: 2-18890652-1.html.csv, bleu-1: 44.98, bleu-2: 24.53, bleu-3: 12.44
table: 2-14148130-1.html.csv, bleu-1: 45.03, bleu-2: 24.55, bleu-3: 12.36
table: 2-1262592-1.html.csv, bleu-1: 44.92, bleu-2: 24.44, bleu-3: 12.28
table: 2-10234157-2.html.csv, bleu-1: 44.88, bleu-2: 24.40, bleu-3: 12.24
table: 2-1129026-1.html.csv, bleu-1: 44.95, bleu-2: 24.44, bleu-3: 12.26
table: 2-18726561-4.html.csv, bleu-1: 44.87, bleu-2: 24.34, bleu-3: 12.18
table: 2-11344569-3.html.csv, bleu-1: 45.15, bleu-2: 24.70, bleu-3: 12.56
table: 2-12523044-5.html.csv, bleu-1: 45.14, bleu-2: 24.69, bleu-3: 12.51
table: 2-10883333-10.html.csv, bleu-1: 45.14, bleu-2: 24.74, bleu-3: 12.60
table: 2-1226566-2.html.csv, bleu-1: 45.23, bleu-2: 24.85, bleu-3: 12.70
table: 2-10783853-3.html.csv, bleu-1: 45.20, bleu-2: 24.80, bleu-3: 12.64
table: 2-1715880-3.html.csv, bleu-1: 45.04, bleu-2: 24.64, bleu-3: 12.56
table: 2-1222904-1.html.csv, bleu-1: 45.04, bleu-2: 24.62, bleu-3: 12.52
table: 2-12167074-1.html.csv, bleu-1: 45.02, bleu-2: 24.63, bleu-3: 12.54
table: 2-13041602-7.html.csv, bleu-1: 45.03, bleu-2: 24.67, bleu-3: 12.62
table: 2-1137700-3.html.csv, bleu-1: 45.02, bleu-2: 24.66, bleu-3: 12.54
table: 2-10826385-8.html.csv, bleu-1: 45.03, bleu-2: 24.70, bleu-3: 12.55
table: 1-25887826-17.html.csv, bleu-1: 44.87, bleu-2: 24.55, bleu-3: 12.47
table: 2-14272086-7.html.csv, bleu-1: 44.90, bleu-2: 24.61, bleu-3: 12.56
table: 2-17455843-3.html.csv, bleu-1: 44.78, bleu-2: 24.50, bleu-3: 12.48
table: 2-1543453-1.html.csv, bleu-1: 44.80, bleu-2: 24.52, bleu-3: 12.48
table: 2-18732289-1.html.csv, bleu-1: 44.83, bleu-2: 24.54, bleu-3: 12.44
table: 2-18153721-5.html.csv, bleu-1: 44.62, bleu-2: 24.40, bleu-3: 12.37
table: 2-10918196-1.html.csv, bleu-1: 44.63, bleu-2: 24.47, bleu-3: 12.47
table: 2-1689029-2.html.csv, bleu-1: 44.52, bleu-2: 24.41, bleu-3: 12.43
table: 2-12962773-9.html.csv, bleu-1: 44.49, bleu-2: 24.37, bleu-3: 12.41
table: 2-1204658-16.html.csv, bleu-1: 44.49, bleu-2: 24.36, bleu-3: 12.41
table: 2-18789626-2.html.csv, bleu-1: 44.48, bleu-2: 24.32, bleu-3: 12.34
table: 2-1131463-1.html.csv, bleu-1: 44.58, bleu-2: 24.42, bleu-3: 12.41
table: 2-16783017-5.html.csv, bleu-1: 44.53, bleu-2: 24.31, bleu-3: 12.34
table: 2-1140114-1.html.csv, bleu-1: 44.64, bleu-2: 24.43, bleu-3: 12.46
table: 2-1226338-2.html.csv, bleu-1: 44.77, bleu-2: 24.61, bleu-3: 12.60
table: 2-15427957-1.html.csv, bleu-1: 44.70, bleu-2: 24.51, bleu-3: 12.53
table: 2-11309680-2.html.csv, bleu-1: 44.66, bleu-2: 24.46, bleu-3: 12.46
table: 2-16512496-2.html.csv, bleu-1: 44.82, bleu-2: 24.67, bleu-3: 12.67
table: 2-1517891-1.html.csv, bleu-1: 44.80, bleu-2: 24.68, bleu-3: 12.71
table: 2-12207158-4.html.csv, bleu-1: 44.89, bleu-2: 24.78, bleu-3: 12.79
table: 2-16593799-8.html.csv, bleu-1: 44.89, bleu-2: 24.80, bleu-3: 12.81
table: 2-17924362-1.html.csv, bleu-1: 44.86, bleu-2: 24.71, bleu-3: 12.76
table: 2-1122440-5.html.csv, bleu-1: 44.77, bleu-2: 24.63, bleu-3: 12.69
table: 2-1097299-1.html.csv, bleu-1: 44.87, bleu-2: 24.71, bleu-3: 12.79
table: 1-2933761-1.html.csv, bleu-1: 44.95, bleu-2: 24.73, bleu-3: 12.76
table: 2-11566142-1.html.csv, bleu-1: 44.89, bleu-2: 24.61, bleu-3: 12.70
table: 2-17760670-5.html.csv, bleu-1: 44.93, bleu-2: 24.70, bleu-3: 12.71
table: 2-17311797-7.html.csv, bleu-1: 45.03, bleu-2: 24.76, bleu-3: 12.76
table: 2-13041602-6.html.csv, bleu-1: 45.08, bleu-2: 24.81, bleu-3: 12.80
table: 2-149693-1.html.csv, bleu-1: 44.98, bleu-2: 24.68, bleu-3: 12.74
table: 2-14752049-4.html.csv, bleu-1: 44.89, bleu-2: 24.65, bleu-3: 12.75
table: 2-11963735-4.html.csv, bleu-1: 44.89, bleu-2: 24.69, bleu-3: 12.79
table: 2-11630008-8.html.csv, bleu-1: 44.86, bleu-2: 24.65, bleu-3: 12.73
table: 2-17311812-7.html.csv, bleu-1: 44.85, bleu-2: 24.60, bleu-3: 12.66
table: 2-1179778-1.html.csv, bleu-1: 44.78, bleu-2: 24.51, bleu-3: 12.60
table: 2-12535990-1.html.csv, bleu-1: 44.80, bleu-2: 24.58, bleu-3: 12.69
table: 2-15194193-3.html.csv, bleu-1: 44.81, bleu-2: 24.54, bleu-3: 12.65
table: 2-18598581-2.html.csv, bleu-1: 44.86, bleu-2: 24.50, bleu-3: 12.59
table: 2-17455843-2.html.csv, bleu-1: 44.93, bleu-2: 24.58, bleu-3: 12.69
table: 1-28059992-1.html.csv, bleu-1: 45.03, bleu-2: 24.62, bleu-3: 12.70
table: 2-14175075-5.html.csv, bleu-1: 44.90, bleu-2: 24.50, bleu-3: 12.64
table: 2-12206689-4.html.csv, bleu-1: 44.94, bleu-2: 24.56, bleu-3: 12.69
table: 2-16212245-1.html.csv, bleu-1: 44.88, bleu-2: 24.51, bleu-3: 12.64
table: 2-15558076-1.html.csv, bleu-1: 44.86, bleu-2: 24.51, bleu-3: 12.63
table: 1-25030512-41.html.csv, bleu-1: 44.88, bleu-2: 24.55, bleu-3: 12.67
table: 2-15177130-1.html.csv, bleu-1: 44.75, bleu-2: 24.46, bleu-3: 12.61
table: 2-15389424-1.html.csv, bleu-1: 44.73, bleu-2: 24.46, bleu-3: 12.60
table: 2-1520559-1.html.csv, bleu-1: 44.81, bleu-2: 24.51, bleu-3: 12.66
table: 2-1123236-2.html.csv, bleu-1: 44.91, bleu-2: 24.63, bleu-3: 12.75
table: 1-2649597-1.html.csv, bleu-1: 44.94, bleu-2: 24.68, bleu-3: 12.78
table: 2-18122130-2.html.csv, bleu-1: 44.92, bleu-2: 24.71, bleu-3: 12.80
table: 2-10826072-12.html.csv, bleu-1: 44.97, bleu-2: 24.75, bleu-3: 12.84
table: 2-15621965-11.html.csv, bleu-1: 45.13, bleu-2: 24.90, bleu-3: 12.97
table: 2-18662026-3.html.csv, bleu-1: 45.05, bleu-2: 24.84, bleu-3: 12.91
table: 2-17684663-3.html.csv, bleu-1: 45.05, bleu-2: 24.89, bleu-3: 12.95
table: 2-11737744-5.html.csv, bleu-1: 45.16, bleu-2: 24.95, bleu-3: 12.99
table: 2-11867642-3.html.csv, bleu-1: 45.12, bleu-2: 24.90, bleu-3: 12.97
table: 2-12792876-1.html.csv, bleu-1: 45.24, bleu-2: 25.04, bleu-3: 13.11
table: 2-15957062-7.html.csv, bleu-1: 45.25, bleu-2: 25.08, bleu-3: 13.13
table: 2-17337904-12.html.csv, bleu-1: 45.20, bleu-2: 25.01, bleu-3: 13.07
table: 1-27722734-12.html.csv, bleu-1: 45.31, bleu-2: 25.12, bleu-3: 13.16
table: 2-10521952-3.html.csv, bleu-1: 45.28, bleu-2: 25.12, bleu-3: 13.18
table: 2-18178608-9.html.csv, bleu-1: 45.25, bleu-2: 25.07, bleu-3: 13.12
table: 1-25847911-1.html.csv, bleu-1: 45.20, bleu-2: 25.01, bleu-3: 13.09
table: 2-15038728-5.html.csv, bleu-1: 45.24, bleu-2: 25.05, bleu-3: 13.13
table: 2-14924851-1.html.csv, bleu-1: 45.20, bleu-2: 25.03, bleu-3: 13.11
table: 2-1722194-5.html.csv, bleu-1: 45.20, bleu-2: 25.08, bleu-3: 13.18
table: 1-28138035-20.html.csv, bleu-1: 45.18, bleu-2: 25.01, bleu-3: 13.13
table: 2-160994-4.html.csv, bleu-1: 45.19, bleu-2: 25.03, bleu-3: 13.07
table: 2-174663-2.html.csv, bleu-1: 45.15, bleu-2: 24.96, bleu-3: 13.04
table: 2-17290101-4.html.csv, bleu-1: 45.16, bleu-2: 25.01, bleu-3: 13.08
table: 2-1027162-1.html.csv, bleu-1: 45.14, bleu-2: 25.00, bleu-3: 13.05
table: 2-10826072-21.html.csv, bleu-1: 45.15, bleu-2: 24.98, bleu-3: 12.99
table: 2-10790397-10.html.csv, bleu-1: 45.12, bleu-2: 24.94, bleu-3: 12.97
table: 2-161972-5.html.csv, bleu-1: 45.09, bleu-2: 24.95, bleu-3: 12.97
table: 2-1846235-1.html.csv, bleu-1: 45.10, bleu-2: 24.97, bleu-3: 13.02
table: 2-1050189-1.html.csv, bleu-1: 45.12, bleu-2: 25.02, bleu-3: 13.08
table: 2-18762971-2.html.csv, bleu-1: 45.08, bleu-2: 24.95, bleu-3: 13.05
table: 2-1114755-1.html.csv, bleu-1: 45.13, bleu-2: 24.96, bleu-3: 13.02
table: 2-18985137-1.html.csv, bleu-1: 45.19, bleu-2: 25.07, bleu-3: 13.13
table: 2-15029747-1.html.csv, bleu-1: 45.23, bleu-2: 25.15, bleu-3: 13.22
table: 2-14670286-4.html.csv, bleu-1: 45.18, bleu-2: 25.12, bleu-3: 13.22
table: 2-15008664-2.html.csv, bleu-1: 45.23, bleu-2: 25.14, bleu-3: 13.20
table: 1-24560733-1.html.csv, bleu-1: 45.25, bleu-2: 25.11, bleu-3: 13.19
table: 2-1507431-4.html.csv, bleu-1: 45.35, bleu-2: 25.23, bleu-3: 13.30
table: 2-11713403-3.html.csv, bleu-1: 45.40, bleu-2: 25.30, bleu-3: 13.34
table: 2-12261872-2.html.csv, bleu-1: 45.44, bleu-2: 25.34, bleu-3: 13.34
table: 2-17371135-8.html.csv, bleu-1: 45.52, bleu-2: 25.42, bleu-3: 13.43
table: 2-18648572-1.html.csv, bleu-1: 45.60, bleu-2: 25.51, bleu-3: 13.52
table: 2-17064421-1.html.csv, bleu-1: 45.54, bleu-2: 25.44, bleu-3: 13.48
table: 2-15869204-4.html.csv, bleu-1: 45.56, bleu-2: 25.43, bleu-3: 13.45
table: 2-18499677-12.html.csv, bleu-1: 45.61, bleu-2: 25.48, bleu-3: 13.49
table: 2-18025901-1.html.csv, bleu-1: 45.60, bleu-2: 25.40, bleu-3: 13.44
table: 2-14971788-1.html.csv, bleu-1: 45.62, bleu-2: 25.40, bleu-3: 13.43
table: 2-17626681-10.html.csv, bleu-1: 45.57, bleu-2: 25.37, bleu-3: 13.42
table: 2-15753390-1.html.csv, bleu-1: 45.50, bleu-2: 25.30, bleu-3: 13.38
table: 2-153162-1.html.csv, bleu-1: 45.50, bleu-2: 25.28, bleu-3: 13.35
table: 2-16740136-1.html.csv, bleu-1: 45.44, bleu-2: 25.25, bleu-3: 13.31
table: 2-1122039-1.html.csv, bleu-1: 45.43, bleu-2: 25.22, bleu-3: 13.26
table: 2-14844461-2.html.csv, bleu-1: 45.37, bleu-2: 25.16, bleu-3: 13.21
table: 2-1805191-33.html.csv, bleu-1: 45.23, bleu-2: 25.08, bleu-3: 13.17
table: 1-24584486-1.html.csv, bleu-1: 45.16, bleu-2: 25.02, bleu-3: 13.12
table: 2-10750694-19.html.csv, bleu-1: 45.22, bleu-2: 25.05, bleu-3: 13.10
table: 2-15378820-1.html.csv, bleu-1: 45.27, bleu-2: 25.09, bleu-3: 13.10
table: 2-10789881-10.html.csv, bleu-1: 45.27, bleu-2: 25.07, bleu-3: 13.07
table: 1-23886181-1.html.csv, bleu-1: 45.23, bleu-2: 25.05, bleu-3: 13.05
table: 2-15845253-1.html.csv, bleu-1: 45.32, bleu-2: 25.11, bleu-3: 13.02
table: 2-14344570-5.html.csv, bleu-1: 45.38, bleu-2: 25.15, bleu-3: 13.01
table: 2-16142610-11.html.csv, bleu-1: 45.50, bleu-2: 25.23, bleu-3: 13.02
table: 2-17325580-10.html.csv, bleu-1: 45.52, bleu-2: 25.23, bleu-3: 13.02
table: 2-12614827-2.html.csv, bleu-1: 45.47, bleu-2: 25.20, bleu-3: 12.97
table: 2-12509095-16.html.csv, bleu-1: 45.42, bleu-2: 25.15, bleu-3: 12.92
table: 2-15387537-1.html.csv, bleu-1: 45.38, bleu-2: 25.11, bleu-3: 12.92
table: 2-14320222-6.html.csv, bleu-1: 45.41, bleu-2: 25.13, bleu-3: 12.89
table: 2-1169552-16.html.csv, bleu-1: 45.36, bleu-2: 25.05, bleu-3: 12.85
table: 2-10784349-18.html.csv, bleu-1: 45.38, bleu-2: 25.11, bleu-3: 12.92
table: 2-10310098-2.html.csv, bleu-1: 45.39, bleu-2: 25.09, bleu-3: 12.91
table: 2-1615980-8.html.csv, bleu-1: 45.51, bleu-2: 25.21, bleu-3: 12.99
table: 2-12450336-19.html.csv, bleu-1: 45.52, bleu-2: 25.18, bleu-3: 12.98
table: 2-10647639-1.html.csv, bleu-1: 45.55, bleu-2: 25.18, bleu-3: 12.95
table: 2-1290024-8.html.csv, bleu-1: 45.54, bleu-2: 25.17, bleu-3: 12.91
table: 2-1706942-1.html.csv, bleu-1: 45.48, bleu-2: 25.11, bleu-3: 12.88
table: 2-1140522-3.html.csv, bleu-1: 45.59, bleu-2: 25.19, bleu-3: 12.90
table: 1-28498999-6.html.csv, bleu-1: 45.58, bleu-2: 25.21, bleu-3: 12.88
table: 2-17832085-4.html.csv, bleu-1: 45.57, bleu-2: 25.20, bleu-3: 12.85
table: 1-29294042-48.html.csv, bleu-1: 45.51, bleu-2: 25.11, bleu-3: 12.81
table: 2-14959598-9.html.csv, bleu-1: 45.54, bleu-2: 25.15, bleu-3: 12.87
table: 2-15524351-5.html.csv, bleu-1: 45.54, bleu-2: 25.15, bleu-3: 12.86
table: 2-10220460-2.html.csv, bleu-1: 45.51, bleu-2: 25.13, bleu-3: 12.85
table: 2-15647838-3.html.csv, bleu-1: 45.52, bleu-2: 25.13, bleu-3: 12.82
table: 2-10774891-18.html.csv, bleu-1: 45.51, bleu-2: 25.10, bleu-3: 12.80
table: 1-2503102-2.html.csv, bleu-1: 45.52, bleu-2: 25.07, bleu-3: 12.76
table: 2-14369924-1.html.csv, bleu-1: 45.57, bleu-2: 25.09, bleu-3: 12.77
table: 2-15663132-1.html.csv, bleu-1: 45.69, bleu-2: 25.22, bleu-3: 12.90
table: 2-1825661-2.html.csv, bleu-1: 45.70, bleu-2: 25.22, bleu-3: 12.86
table: 2-12207528-5.html.csv, bleu-1: 45.75, bleu-2: 25.30, bleu-3: 12.95
table: 2-14662246-5.html.csv, bleu-1: 45.81, bleu-2: 25.38, bleu-3: 12.97
table: 2-14244631-6.html.csv, bleu-1: 45.78, bleu-2: 25.33, bleu-3: 12.93
table: 2-1269400-1.html.csv, bleu-1: 45.74, bleu-2: 25.29, bleu-3: 12.89
table: 1-24910733-1.html.csv, bleu-1: 45.71, bleu-2: 25.27, bleu-3: 12.88
table: 2-167235-4.html.csv, bleu-1: 45.78, bleu-2: 25.35, bleu-3: 12.95
table: 2-14057447-9.html.csv, bleu-1: 45.78, bleu-2: 25.30, bleu-3: 12.91
table: 2-12794433-3.html.csv, bleu-1: 45.80, bleu-2: 25.31, bleu-3: 12.92
table: 2-1226503-1.html.csv, bleu-1: 45.81, bleu-2: 25.31, bleu-3: 12.90
table: 2-10361861-2.html.csv, bleu-1: 45.81, bleu-2: 25.26, bleu-3: 12.85
table: 2-16326318-1.html.csv, bleu-1: 45.88, bleu-2: 25.28, bleu-3: 12.82
table: 2-10773616-16.html.csv, bleu-1: 45.96, bleu-2: 25.32, bleu-3: 12.82
table: 2-13913673-2.html.csv, bleu-1: 45.91, bleu-2: 25.28, bleu-3: 12.81
table: 2-1114709-2.html.csv, bleu-1: 45.88, bleu-2: 25.22, bleu-3: 12.77
table: 2-1363705-1.html.csv, bleu-1: 45.88, bleu-2: 25.24, bleu-3: 12.77
table: 2-14583258-3.html.csv, bleu-1: 45.87, bleu-2: 25.25, bleu-3: 12.77
table: 2-16590486-3.html.csv, bleu-1: 45.80, bleu-2: 25.21, bleu-3: 12.74
table: 2-11873099-17.html.csv, bleu-1: 45.75, bleu-2: 25.17, bleu-3: 12.70
table: 2-1100124-1.html.csv, bleu-1: 45.80, bleu-2: 25.19, bleu-3: 12.66
table: 2-1503551-1.html.csv, bleu-1: 45.77, bleu-2: 25.15, bleu-3: 12.65
table: 2-1145226-5.html.csv, bleu-1: 45.74, bleu-2: 25.14, bleu-3: 12.62
table: 2-17162268-2.html.csv, bleu-1: 45.75, bleu-2: 25.18, bleu-3: 12.68
table: 2-17786294-1.html.csv, bleu-1: 45.72, bleu-2: 25.16, bleu-3: 12.64
table: 2-157294-1.html.csv, bleu-1: 45.73, bleu-2: 25.19, bleu-3: 12.63
table: 2-11048203-1.html.csv, bleu-1: 45.69, bleu-2: 25.15, bleu-3: 12.59
table: 2-17324893-3.html.csv, bleu-1: 45.69, bleu-2: 25.16, bleu-3: 12.60
table: 2-1122654-1.html.csv, bleu-1: 45.67, bleu-2: 25.14, bleu-3: 12.57
table: 2-18017936-2.html.csv, bleu-1: 45.66, bleu-2: 25.13, bleu-3: 12.57
table: 2-1520959-1.html.csv, bleu-1: 45.65, bleu-2: 25.11, bleu-3: 12.54
table: 1-23297-3.html.csv, bleu-1: 45.64, bleu-2: 25.11, bleu-3: 12.51
table: 1-23285849-5.html.csv, bleu-1: 45.68, bleu-2: 25.13, bleu-3: 12.50
table: 2-14123212-1.html.csv, bleu-1: 45.69, bleu-2: 25.12, bleu-3: 12.51
table: 2-17637041-2.html.csv, bleu-1: 45.75, bleu-2: 25.17, bleu-3: 12.55
table: 2-13949437-2.html.csv, bleu-1: 45.78, bleu-2: 25.19, bleu-3: 12.56
table: 2-1235883-1.html.csv, bleu-1: 45.77, bleu-2: 25.16, bleu-3: 12.53
table: 2-17944591-1.html.csv, bleu-1: 45.74, bleu-2: 25.15, bleu-3: 12.51
table: 2-18169845-1.html.csv, bleu-1: 45.74, bleu-2: 25.17, bleu-3: 12.55
table: 2-15179545-1.html.csv, bleu-1: 45.79, bleu-2: 25.23, bleu-3: 12.59
table: 2-10660136-4.html.csv, bleu-1: 45.71, bleu-2: 25.16, bleu-3: 12.55
table: 2-18813729-2.html.csv, bleu-1: 45.71, bleu-2: 25.15, bleu-3: 12.53
table: 2-12446715-4.html.csv, bleu-1: 45.69, bleu-2: 25.14, bleu-3: 12.52
table: 2-180342-8.html.csv, bleu-1: 45.71, bleu-2: 25.20, bleu-3: 12.59
table: 2-12209065-5.html.csv, bleu-1: 45.73, bleu-2: 25.20, bleu-3: 12.55
table: 1-2540803-2.html.csv, bleu-1: 45.76, bleu-2: 25.22, bleu-3: 12.55
table: 2-10167122-1.html.csv, bleu-1: 45.86, bleu-2: 25.31, bleu-3: 12.62
table: 2-17140608-10.html.csv, bleu-1: 45.91, bleu-2: 25.33, bleu-3: 12.66
table: 2-11677760-10.html.csv, bleu-1: 45.94, bleu-2: 25.39, bleu-3: 12.72
table: 2-10669284-1.html.csv, bleu-1: 45.91, bleu-2: 25.39, bleu-3: 12.71
table: 2-17100961-62.html.csv, bleu-1: 46.00, bleu-2: 25.48, bleu-3: 12.75
table: 1-2850912-3.html.csv, bleu-1: 45.96, bleu-2: 25.42, bleu-3: 12.72
table: 2-17467244-2.html.csv, bleu-1: 46.01, bleu-2: 25.44, bleu-3: 12.71
table: 2-10637415-3.html.csv, bleu-1: 46.04, bleu-2: 25.48, bleu-3: 12.75
table: 2-18700010-1.html.csv, bleu-1: 46.01, bleu-2: 25.47, bleu-3: 12.75
table: 2-1023035-3.html.csv, bleu-1: 45.98, bleu-2: 25.45, bleu-3: 12.74
table: 2-14202514-1.html.csv, bleu-1: 46.05, bleu-2: 25.48, bleu-3: 12.76
table: 1-27755784-10.html.csv, bleu-1: 46.06, bleu-2: 25.49, bleu-3: 12.74
table: 1-24028176-2.html.csv, bleu-1: 46.06, bleu-2: 25.50, bleu-3: 12.77
table: 2-11097420-1.html.csv, bleu-1: 46.05, bleu-2: 25.45, bleu-3: 12.74
table: 2-11634225-1.html.csv, bleu-1: 46.00, bleu-2: 25.40, bleu-3: 12.72
table: 2-1103715-1.html.csv, bleu-1: 46.03, bleu-2: 25.44, bleu-3: 12.75
table: 2-10788451-9.html.csv, bleu-1: 46.04, bleu-2: 25.44, bleu-3: 12.74
table: 2-11450911-2.html.csv, bleu-1: 46.03, bleu-2: 25.41, bleu-3: 12.72
table: 2-18255941-6.html.csv, bleu-1: 46.01, bleu-2: 25.36, bleu-3: 12.68
table: 2-18662679-3.html.csv, bleu-1: 45.97, bleu-2: 25.29, bleu-3: 12.65
table: 2-1230478-2.html.csv, bleu-1: 45.97, bleu-2: 25.30, bleu-3: 12.63
table: 2-16912111-3.html.csv, bleu-1: 45.90, bleu-2: 25.27, bleu-3: 12.62
table: 2-10776330-12.html.csv, bleu-1: 45.91, bleu-2: 25.29, bleu-3: 12.64
table: 2-16570286-3.html.csv, bleu-1: 45.91, bleu-2: 25.28, bleu-3: 12.61
table: 1-28298589-4.html.csv, bleu-1: 45.91, bleu-2: 25.27, bleu-3: 12.58
table: 1-2482547-5.html.csv, bleu-1: 45.95, bleu-2: 25.31, bleu-3: 12.63
table: 1-25983027-1.html.csv, bleu-1: 45.93, bleu-2: 25.27, bleu-3: 12.60
table: 2-13745048-3.html.csv, bleu-1: 45.86, bleu-2: 25.23, bleu-3: 12.59
table: 2-16176685-4.html.csv, bleu-1: 45.88, bleu-2: 25.23, bleu-3: 12.58
table: 2-167638-3.html.csv, bleu-1: 45.87, bleu-2: 25.21, bleu-3: 12.58
table: 2-12367921-7.html.csv, bleu-1: 45.82, bleu-2: 25.16, bleu-3: 12.55
table: 2-18781567-2.html.csv, bleu-1: 45.86, bleu-2: 25.21, bleu-3: 12.56
table: 2-10656107-1.html.csv, bleu-1: 45.87, bleu-2: 25.23, bleu-3: 12.61
table: 2-14749151-1.html.csv, bleu-1: 45.88, bleu-2: 25.23, bleu-3: 12.58
table: 2-12988799-9.html.csv, bleu-1: 45.90, bleu-2: 25.23, bleu-3: 12.59
table: 2-15220147-3.html.csv, bleu-1: 45.93, bleu-2: 25.23, bleu-3: 12.58
table: 2-11452830-2.html.csv, bleu-1: 45.96, bleu-2: 25.27, bleu-3: 12.61
table: 2-1139087-2.html.csv, bleu-1: 46.02, bleu-2: 25.32, bleu-3: 12.62
table: 2-16376436-4.html.csv, bleu-1: 46.06, bleu-2: 25.36, bleu-3: 12.66
table: 2-11511365-6.html.csv, bleu-1: 46.07, bleu-2: 25.39, bleu-3: 12.70
table: 2-18639024-14.html.csv, bleu-1: 46.07, bleu-2: 25.38, bleu-3: 12.67
table: 1-28243691-1.html.csv, bleu-1: 46.07, bleu-2: 25.38, bleu-3: 12.66
table: 2-16287116-2.html.csv, bleu-1: 46.07, bleu-2: 25.38, bleu-3: 12.65
table: 2-14890430-2.html.csv, bleu-1: 46.07, bleu-2: 25.35, bleu-3: 12.62
table: 2-18607260-13.html.csv, bleu-1: 46.05, bleu-2: 25.34, bleu-3: 12.62
table: 2-14986292-1.html.csv, bleu-1: 46.06, bleu-2: 25.35, bleu-3: 12.61
table: 2-1722347-2.html.csv, bleu-1: 46.05, bleu-2: 25.35, bleu-3: 12.60
table: 2-18772558-9.html.csv, bleu-1: 46.05, bleu-2: 25.31, bleu-3: 12.59
table: 2-1385081-3.html.csv, bleu-1: 46.09, bleu-2: 25.35, bleu-3: 12.63
table: 2-180719-1.html.csv, bleu-1: 46.06, bleu-2: 25.32, bleu-3: 12.62
table: 2-17206737-6.html.csv, bleu-1: 46.10, bleu-2: 25.35, bleu-3: 12.66
table: 2-17599325-1.html.csv, bleu-1: 46.09, bleu-2: 25.32, bleu-3: 12.63
table: 2-16851172-1.html.csv, bleu-1: 46.07, bleu-2: 25.29, bleu-3: 12.62
table: 2-18842944-2.html.csv, bleu-1: 46.10, bleu-2: 25.28, bleu-3: 12.59
table: 2-17811141-1.html.csv, bleu-1: 46.05, bleu-2: 25.24, bleu-3: 12.55
table: 2-18259953-6.html.csv, bleu-1: 46.01, bleu-2: 25.21, bleu-3: 12.52
table: 2-11756731-10.html.csv, bleu-1: 46.04, bleu-2: 25.22, bleu-3: 12.50
table: 2-10746808-7.html.csv, bleu-1: 46.04, bleu-2: 25.21, bleu-3: 12.50
table: 2-1570274-4.html.csv, bleu-1: 46.06, bleu-2: 25.25, bleu-3: 12.52
table: 2-12186309-1.html.csv, bleu-1: 46.07, bleu-2: 25.30, bleu-3: 12.57
table: 2-17455843-5.html.csv, bleu-1: 46.05, bleu-2: 25.25, bleu-3: 12.54
table: 2-18974097-2.html.csv, bleu-1: 46.07, bleu-2: 25.27, bleu-3: 12.53
table: 2-17991356-3.html.csv, bleu-1: 46.04, bleu-2: 25.24, bleu-3: 12.51
table: 2-12392569-3.html.csv, bleu-1: 46.04, bleu-2: 25.26, bleu-3: 12.53
table: 2-14783550-1.html.csv, bleu-1: 46.08, bleu-2: 25.29, bleu-3: 12.52
table: 2-1620397-5.html.csv, bleu-1: 46.05, bleu-2: 25.24, bleu-3: 12.50
table: 2-17290150-5.html.csv, bleu-1: 46.12, bleu-2: 25.32, bleu-3: 12.57
table: 2-10869646-20.html.csv, bleu-1: 46.13, bleu-2: 25.32, bleu-3: 12.58
table: 2-11138928-1.html.csv, bleu-1: 46.12, bleu-2: 25.30, bleu-3: 12.54
table: 2-14640450-3.html.csv, bleu-1: 46.17, bleu-2: 25.35, bleu-3: 12.58
table: 2-1756688-1.html.csv, bleu-1: 46.19, bleu-2: 25.38, bleu-3: 12.60
table: 2-14841421-2.html.csv, bleu-1: 46.15, bleu-2: 25.34, bleu-3: 12.57
table: 2-1053453-8.html.csv, bleu-1: 46.14, bleu-2: 25.36, bleu-3: 12.60
table: 2-10289926-9.html.csv, bleu-1: 46.12, bleu-2: 25.34, bleu-3: 12.58
table: 2-15494883-26.html.csv, bleu-1: 46.16, bleu-2: 25.37, bleu-3: 12.55
table: 2-12275654-1.html.csv, bleu-1: 46.15, bleu-2: 25.37, bleu-3: 12.57
table: 2-16055831-2.html.csv, bleu-1: 46.15, bleu-2: 25.36, bleu-3: 12.57
table: 2-17674688-2.html.csv, bleu-1: 46.18, bleu-2: 25.37, bleu-3: 12.54
table: 2-15968208-6.html.csv, bleu-1: 46.18, bleu-2: 25.35, bleu-3: 12.52
table: 2-18936749-1.html.csv, bleu-1: 46.13, bleu-2: 25.31, bleu-3: 12.49
table: 2-10621888-3.html.csv, bleu-1: 46.11, bleu-2: 25.29, bleu-3: 12.46
table: 2-1332332-1.html.csv, bleu-1: 46.17, bleu-2: 25.33, bleu-3: 12.49
table: 2-11137150-4.html.csv, bleu-1: 46.21, bleu-2: 25.33, bleu-3: 12.50
table: 2-10809351-5.html.csv, bleu-1: 46.24, bleu-2: 25.38, bleu-3: 12.53
table: 2-15191894-1.html.csv, bleu-1: 46.27, bleu-2: 25.42, bleu-3: 12.55
table: 2-14565148-5.html.csv, bleu-1: 46.29, bleu-2: 25.45, bleu-3: 12.61
table: 2-17306260-1.html.csv, bleu-1: 46.27, bleu-2: 25.44, bleu-3: 12.58
table: 2-13189034-1.html.csv, bleu-1: 46.21, bleu-2: 25.40, bleu-3: 12.56
table: 2-11961051-5.html.csv, bleu-1: 46.24, bleu-2: 25.43, bleu-3: 12.58
table: 2-15163175-2.html.csv, bleu-1: 46.27, bleu-2: 25.41, bleu-3: 12.58
table: 2-178242-2.html.csv, bleu-1: 46.27, bleu-2: 25.44, bleu-3: 12.60
table: 2-12774720-3.html.csv, bleu-1: 46.28, bleu-2: 25.46, bleu-3: 12.60
table: 2-11561548-9.html.csv, bleu-1: 46.35, bleu-2: 25.46, bleu-3: 12.60
table: 2-10776330-7.html.csv, bleu-1: 46.47, bleu-2: 25.63, bleu-3: 12.79
table: 2-17162239-5.html.csv, bleu-1: 46.45, bleu-2: 25.62, bleu-3: 12.81
table: 2-1226463-1.html.csv, bleu-1: 46.45, bleu-2: 25.59, bleu-3: 12.78
table: 2-1218008-1.html.csv, bleu-1: 46.47, bleu-2: 25.62, bleu-3: 12.81
table: 2-1671401-1.html.csv, bleu-1: 46.48, bleu-2: 25.61, bleu-3: 12.81
table: 2-10563642-3.html.csv, bleu-1: 46.46, bleu-2: 25.60, bleu-3: 12.80
table: 1-2897457-4.html.csv, bleu-1: 46.41, bleu-2: 25.56, bleu-3: 12.77
table: 2-15100419-7.html.csv, bleu-1: 46.44, bleu-2: 25.58, bleu-3: 12.78
table: 2-11902366-4.html.csv, bleu-1: 46.45, bleu-2: 25.59, bleu-3: 12.79
table: 2-1210297-2.html.csv, bleu-1: 46.44, bleu-2: 25.59, bleu-3: 12.76
table: 2-17344651-6.html.csv, bleu-1: 46.43, bleu-2: 25.60, bleu-3: 12.78
table: 2-1803594-1.html.csv, bleu-1: 46.46, bleu-2: 25.62, bleu-3: 12.81
table: 2-10966872-2.html.csv, bleu-1: 46.49, bleu-2: 25.65, bleu-3: 12.81
table: 2-11963209-7.html.csv, bleu-1: 46.51, bleu-2: 25.68, bleu-3: 12.84
table: 2-17058178-8.html.csv, bleu-1: 46.54, bleu-2: 25.71, bleu-3: 12.89
table: 2-10282772-2.html.csv, bleu-1: 46.52, bleu-2: 25.71, bleu-3: 12.91
table: 2-1563605-1.html.csv, bleu-1: 46.54, bleu-2: 25.74, bleu-3: 12.94
table: 1-2417308-3.html.csv, bleu-1: 46.51, bleu-2: 25.72, bleu-3: 12.92
table: 2-11154357-4.html.csv, bleu-1: 46.47, bleu-2: 25.69, bleu-3: 12.89
table: 2-10790651-10.html.csv, bleu-1: 46.45, bleu-2: 25.68, bleu-3: 12.87
table: 1-23286158-7.html.csv, bleu-1: 46.48, bleu-2: 25.67, bleu-3: 12.86
table: 1-27610775-1.html.csv, bleu-1: 46.50, bleu-2: 25.70, bleu-3: 12.88
table: 2-11739153-7.html.csv, bleu-1: 46.47, bleu-2: 25.68, bleu-3: 12.87
table: 2-16002638-1.html.csv, bleu-1: 46.46, bleu-2: 25.68, bleu-3: 12.84
table: 2-18084-3.html.csv, bleu-1: 46.45, bleu-2: 25.68, bleu-3: 12.81
table: 2-16386910-4.html.csv, bleu-1: 46.49, bleu-2: 25.75, bleu-3: 12.90
table: 2-15353223-1.html.csv, bleu-1: 46.49, bleu-2: 25.72, bleu-3: 12.87
table: 2-10776868-9.html.csv, bleu-1: 46.49, bleu-2: 25.72, bleu-3: 12.88
table: 2-11945691-3.html.csv, bleu-1: 46.46, bleu-2: 25.70, bleu-3: 12.87
table: 2-12454334-1.html.csv, bleu-1: 46.44, bleu-2: 25.67, bleu-3: 12.85
table: 2-11782763-1.html.csv, bleu-1: 46.42, bleu-2: 25.67, bleu-3: 12.85
table: 2-18569021-5.html.csv, bleu-1: 46.38, bleu-2: 25.65, bleu-3: 12.84
table: 2-17511295-5.html.csv, bleu-1: 46.40, bleu-2: 25.67, bleu-3: 12.83
table: 2-11035487-1.html.csv, bleu-1: 46.37, bleu-2: 25.65, bleu-3: 12.81
table: 2-17807586-1.html.csv, bleu-1: 46.38, bleu-2: 25.64, bleu-3: 12.81
table: 2-18847736-2.html.csv, bleu-1: 46.35, bleu-2: 25.62, bleu-3: 12.80
table: 2-10537807-4.html.csv, bleu-1: 46.36, bleu-2: 25.66, bleu-3: 12.83
table: 2-10932739-2.html.csv, bleu-1: 46.37, bleu-2: 25.66, bleu-3: 12.83
table: 2-12207924-4.html.csv, bleu-1: 46.42, bleu-2: 25.72, bleu-3: 12.88
table: 2-18496100-2.html.csv, bleu-1: 46.47, bleu-2: 25.76, bleu-3: 12.94
table: 1-25438110-5.html.csv, bleu-1: 46.47, bleu-2: 25.73, bleu-3: 12.93
table: 2-12161422-23.html.csv, bleu-1: 46.44, bleu-2: 25.72, bleu-3: 12.90
table: 2-10775890-10.html.csv, bleu-1: 46.41, bleu-2: 25.68, bleu-3: 12.88
table: 2-10869646-12.html.csv, bleu-1: 46.50, bleu-2: 25.78, bleu-3: 12.99
table: 2-14611590-4.html.csv, bleu-1: 46.49, bleu-2: 25.79, bleu-3: 12.98
table: 1-2731431-1.html.csv, bleu-1: 46.52, bleu-2: 25.81, bleu-3: 12.97
table: 2-12320552-17.html.csv, bleu-1: 46.51, bleu-2: 25.80, bleu-3: 12.95
table: 2-10897046-5.html.csv, bleu-1: 46.52, bleu-2: 25.84, bleu-3: 13.01
table: 2-12206617-3.html.csv, bleu-1: 46.55, bleu-2: 25.86, bleu-3: 13.02
table: 2-12206178-4.html.csv, bleu-1: 46.54, bleu-2: 25.85, bleu-3: 13.03
table: 2-15346009-4.html.csv, bleu-1: 46.50, bleu-2: 25.81, bleu-3: 13.00
table: 2-17557270-1.html.csv, bleu-1: 46.49, bleu-2: 25.82, bleu-3: 13.00
table: 2-18060467-5.html.csv, bleu-1: 46.49, bleu-2: 25.83, bleu-3: 13.00
table: 2-10774891-12.html.csv, bleu-1: 46.60, bleu-2: 25.96, bleu-3: 13.15
table: 2-17344651-5.html.csv, bleu-1: 46.58, bleu-2: 25.95, bleu-3: 13.14
table: 2-16382861-1.html.csv, bleu-1: 46.62, bleu-2: 25.98, bleu-3: 13.16
table: 2-18961052-1.html.csv, bleu-1: 46.66, bleu-2: 26.04, bleu-3: 13.22
table: 2-13552019-7.html.csv, bleu-1: 46.68, bleu-2: 26.06, bleu-3: 13.23
table: 2-1621705-1.html.csv, bleu-1: 46.67, bleu-2: 26.03, bleu-3: 13.20
table: 2-180200-1.html.csv, bleu-1: 46.67, bleu-2: 26.04, bleu-3: 13.20
table: 2-12322518-3.html.csv, bleu-1: 46.69, bleu-2: 26.04, bleu-3: 13.18
table: 2-15122771-2.html.csv, bleu-1: 46.71, bleu-2: 26.05, bleu-3: 13.18
table: 2-13908184-17.html.csv, bleu-1: 46.70, bleu-2: 26.06, bleu-3: 13.18
table: 2-11603116-4.html.csv, bleu-1: 46.69, bleu-2: 26.06, bleu-3: 13.19
table: 2-11803648-18.html.csv, bleu-1: 46.63, bleu-2: 26.04, bleu-3: 13.19
table: 2-12449312-2.html.csv, bleu-1: 46.63, bleu-2: 26.03, bleu-3: 13.17
table: 2-1233860-1.html.csv, bleu-1: 46.63, bleu-2: 26.02, bleu-3: 13.18
table: 2-11960196-3.html.csv, bleu-1: 46.64, bleu-2: 26.01, bleu-3: 13.17
table: 1-27011761-2.html.csv, bleu-1: 46.66, bleu-2: 26.02, bleu-3: 13.17
table: 2-10650028-1.html.csv, bleu-1: 46.63, bleu-2: 26.01, bleu-3: 13.14
table: 1-29584601-1.html.csv, bleu-1: 46.60, bleu-2: 25.99, bleu-3: 13.14
table: 2-17873606-7.html.csv, bleu-1: 46.60, bleu-2: 25.97, bleu-3: 13.11
table: 2-14655820-2.html.csv, bleu-1: 46.62, bleu-2: 26.00, bleu-3: 13.13
table: 2-15349635-1.html.csv, bleu-1: 46.59, bleu-2: 25.97, bleu-3: 13.11
table: 2-172426-1.html.csv, bleu-1: 46.55, bleu-2: 25.92, bleu-3: 13.08
table: 2-1530048-1.html.csv, bleu-1: 46.56, bleu-2: 25.94, bleu-3: 13.07
table: 2-15679812-3.html.csv, bleu-1: 46.55, bleu-2: 25.88, bleu-3: 13.04
table: 2-15334146-1.html.csv, bleu-1: 46.53, bleu-2: 25.85, bleu-3: 13.04
table: 2-14100026-6.html.csv, bleu-1: 46.54, bleu-2: 25.87, bleu-3: 13.05
table: 2-1725690-2.html.csv, bleu-1: 46.52, bleu-2: 25.84, bleu-3: 13.02
table: 2-150343-3.html.csv, bleu-1: 46.48, bleu-2: 25.83, bleu-3: 13.03
table: 2-14282690-16.html.csv, bleu-1: 46.49, bleu-2: 25.82, bleu-3: 13.00
table: 2-1438835-1.html.csv, bleu-1: 46.48, bleu-2: 25.82, bleu-3: 13.01
table: 2-18561011-2.html.csv, bleu-1: 46.48, bleu-2: 25.81, bleu-3: 13.00
table: 2-17747000-1.html.csv, bleu-1: 46.48, bleu-2: 25.82, bleu-3: 13.01
table: 2-17990473-1.html.csv, bleu-1: 46.48, bleu-2: 25.81, bleu-3: 12.99
table: 2-1127788-3.html.csv, bleu-1: 46.50, bleu-2: 25.82, bleu-3: 13.00
table: 1-23117208-5.html.csv, bleu-1: 46.47, bleu-2: 25.79, bleu-3: 12.99
table: 2-12076689-7.html.csv, bleu-1: 46.47, bleu-2: 25.81, bleu-3: 13.01
table: 2-18493407-1.html.csv, bleu-1: 46.45, bleu-2: 25.76, bleu-3: 12.99
table: 1-26464364-1.html.csv, bleu-1: 46.47, bleu-2: 25.78, bleu-3: 13.01
table: 2-17231086-6.html.csv, bleu-1: 46.47, bleu-2: 25.79, bleu-3: 13.01
table: 2-12193971-2.html.csv, bleu-1: 46.46, bleu-2: 25.76, bleu-3: 12.99
table: 2-14851245-3.html.csv, bleu-1: 46.46, bleu-2: 25.76, bleu-3: 12.97
table: 1-29920800-1.html.csv, bleu-1: 46.48, bleu-2: 25.75, bleu-3: 12.95
table: 2-101336-1.html.csv, bleu-1: 46.52, bleu-2: 25.80, bleu-3: 13.01
table: 2-13312898-1.html.csv, bleu-1: 46.51, bleu-2: 25.80, bleu-3: 13.00
table: 2-11677760-22.html.csv, bleu-1: 46.50, bleu-2: 25.80, bleu-3: 12.99
table: 1-2668298-19.html.csv, bleu-1: 46.47, bleu-2: 25.79, bleu-3: 12.97
table: 2-11677100-6.html.csv, bleu-1: 46.44, bleu-2: 25.78, bleu-3: 12.96
table: 2-15764352-1.html.csv, bleu-1: 46.45, bleu-2: 25.78, bleu-3: 12.96
table: 2-1834853-3.html.csv, bleu-1: 46.46, bleu-2: 25.78, bleu-3: 12.96
table: 2-1727962-5.html.csv, bleu-1: 46.46, bleu-2: 25.80, bleu-3: 12.98
table: 2-16366700-2.html.csv, bleu-1: 46.46, bleu-2: 25.81, bleu-3: 12.98
table: 2-11847348-3.html.csv, bleu-1: 46.46, bleu-2: 25.80, bleu-3: 12.98
table: 2-1137274-4.html.csv, bleu-1: 46.46, bleu-2: 25.79, bleu-3: 12.97
table: 2-10789881-4.html.csv, bleu-1: 46.44, bleu-2: 25.78, bleu-3: 12.97
table: 2-15331382-2.html.csv, bleu-1: 46.44, bleu-2: 25.79, bleu-3: 12.98
table: 2-1257226-3.html.csv, bleu-1: 46.44, bleu-2: 25.79, bleu-3: 12.98
table: 2-1035855-1.html.csv, bleu-1: 46.45, bleu-2: 25.79, bleu-3: 12.96
table: 2-13219504-10.html.csv, bleu-1: 46.44, bleu-2: 25.78, bleu-3: 12.93
table: 2-15621965-7.html.csv, bleu-1: 46.47, bleu-2: 25.80, bleu-3: 12.91
table: 1-24132054-1.html.csv, bleu-1: 46.47, bleu-2: 25.79, bleu-3: 12.90
table: 2-10814471-4.html.csv, bleu-1: 46.46, bleu-2: 25.76, bleu-3: 12.89
table: 2-10776330-18.html.csv, bleu-1: 46.47, bleu-2: 25.76, bleu-3: 12.89
table: 2-1123324-2.html.csv, bleu-1: 46.46, bleu-2: 25.77, bleu-3: 12.90
table: 2-10361426-2.html.csv, bleu-1: 46.45, bleu-2: 25.75, bleu-3: 12.88
table: 2-147235-16.html.csv, bleu-1: 46.45, bleu-2: 25.77, bleu-3: 12.90
table: 2-14643093-1.html.csv, bleu-1: 46.45, bleu-2: 25.76, bleu-3: 12.88
table: 2-13932013-1.html.csv, bleu-1: 46.42, bleu-2: 25.72, bleu-3: 12.87
table: 2-1612222-2.html.csv, bleu-1: 46.42, bleu-2: 25.71, bleu-3: 12.85
table: 1-25614153-1.html.csv, bleu-1: 46.41, bleu-2: 25.71, bleu-3: 12.84
table: 2-17445415-2.html.csv, bleu-1: 46.39, bleu-2: 25.67, bleu-3: 12.82
table: 2-18156552-1.html.csv, bleu-1: 46.38, bleu-2: 25.67, bleu-3: 12.81
table: 2-18781865-4.html.csv, bleu-1: 46.36, bleu-2: 25.63, bleu-3: 12.78
table: 2-16653153-30.html.csv, bleu-1: 46.41, bleu-2: 25.66, bleu-3: 12.79
table: 2-18576668-1.html.csv, bleu-1: 46.39, bleu-2: 25.64, bleu-3: 12.77
table: 2-10790397-7.html.csv, bleu-1: 46.48, bleu-2: 25.75, bleu-3: 12.90
table: 2-10809351-8.html.csv, bleu-1: 46.54, bleu-2: 25.83, bleu-3: 12.98
table: 2-171666-1.html.csv, bleu-1: 46.53, bleu-2: 25.80, bleu-3: 12.96
table: 2-15278857-2.html.csv, bleu-1: 46.55, bleu-2: 25.80, bleu-3: 12.93
table: 2-1096038-12.html.csv, bleu-1: 46.53, bleu-2: 25.78, bleu-3: 12.91
table: 2-10631744-2.html.csv, bleu-1: 46.54, bleu-2: 25.81, bleu-3: 12.95
table: 1-2850912-7.html.csv, bleu-1: 46.49, bleu-2: 25.77, bleu-3: 12.93
table: 2-167235-8.html.csv, bleu-1: 46.50, bleu-2: 25.79, bleu-3: 12.95
table: 1-27744844-7.html.csv, bleu-1: 46.50, bleu-2: 25.80, bleu-3: 12.93
table: 2-11233501-3.html.csv, bleu-1: 46.50, bleu-2: 25.76, bleu-3: 12.91
table: 2-18715280-4.html.csv, bleu-1: 46.50, bleu-2: 25.74, bleu-3: 12.89
table: 2-12206243-10.html.csv, bleu-1: 46.50, bleu-2: 25.73, bleu-3: 12.87
table: 2-15547694-1.html.csv, bleu-1: 46.47, bleu-2: 25.69, bleu-3: 12.85
table: 2-15090962-1.html.csv, bleu-1: 46.50, bleu-2: 25.71, bleu-3: 12.86
table: 1-27784580-1.html.csv, bleu-1: 46.46, bleu-2: 25.68, bleu-3: 12.84
table: 2-14195712-1.html.csv, bleu-1: 46.45, bleu-2: 25.66, bleu-3: 12.83
table: 2-18314300-1.html.csv, bleu-1: 46.47, bleu-2: 25.67, bleu-3: 12.84
table: 2-12269075-1.html.csv, bleu-1: 46.50, bleu-2: 25.71, bleu-3: 12.88
table: 2-10809823-14.html.csv, bleu-1: 46.58, bleu-2: 25.82, bleu-3: 13.00
table: 2-11735769-3.html.csv, bleu-1: 46.59, bleu-2: 25.83, bleu-3: 13.02
table: 2-13566976-7.html.csv, bleu-1: 46.61, bleu-2: 25.83, bleu-3: 13.02
table: 2-15201858-1.html.csv, bleu-1: 46.59, bleu-2: 25.81, bleu-3: 13.00
table: 2-12206243-5.html.csv, bleu-1: 46.62, bleu-2: 25.83, bleu-3: 13.01
table: 2-12058560-1.html.csv, bleu-1: 46.66, bleu-2: 25.88, bleu-3: 13.07
table: 2-18726561-5.html.csv, bleu-1: 46.64, bleu-2: 25.87, bleu-3: 13.06
table: 2-16474033-9.html.csv, bleu-1: 46.63, bleu-2: 25.86, bleu-3: 13.04
table: 2-11312764-4.html.csv, bleu-1: 46.62, bleu-2: 25.86, bleu-3: 13.04
table: 2-17200019-10.html.csv, bleu-1: 46.60, bleu-2: 25.84, bleu-3: 13.03
table: 2-1122933-2.html.csv, bleu-1: 46.57, bleu-2: 25.81, bleu-3: 13.02
table: 1-2602958-4.html.csv, bleu-1: 46.58, bleu-2: 25.82, bleu-3: 13.02
table: 2-12531523-1.html.csv, bleu-1: 46.61, bleu-2: 25.86, bleu-3: 13.06
table: 2-15264525-1.html.csv, bleu-1: 46.61, bleu-2: 25.87, bleu-3: 13.07
table: 1-25368177-1.html.csv, bleu-1: 46.60, bleu-2: 25.86, bleu-3: 13.04
table: 2-18593648-14.html.csv, bleu-1: 46.56, bleu-2: 25.82, bleu-3: 13.02
table: 2-1762882-13.html.csv, bleu-1: 46.51, bleu-2: 25.79, bleu-3: 13.01
table: 2-12076353-1.html.csv, bleu-1: 46.58, bleu-2: 25.86, bleu-3: 13.08
table: 2-14101654-10.html.csv, bleu-1: 46.54, bleu-2: 25.81, bleu-3: 13.05
table: 2-1377586-1.html.csv, bleu-1: 46.59, bleu-2: 25.88, bleu-3: 13.11
table: 2-10807673-8.html.csv, bleu-1: 46.57, bleu-2: 25.86, bleu-3: 13.10
table: 2-12546630-1.html.csv, bleu-1: 46.59, bleu-2: 25.91, bleu-3: 13.16
table: 2-10869646-7.html.csv, bleu-1: 46.59, bleu-2: 25.89, bleu-3: 13.16
table: 2-17932930-3.html.csv, bleu-1: 46.58, bleu-2: 25.88, bleu-3: 13.15
table: 2-18154969-1.html.csv, bleu-1: 46.59, bleu-2: 25.89, bleu-3: 13.16
table: 2-17438913-3.html.csv, bleu-1: 46.57, bleu-2: 25.87, bleu-3: 13.15
table: 2-11873099-3.html.csv, bleu-1: 46.58, bleu-2: 25.87, bleu-3: 13.13
table: 2-15826161-2.html.csv, bleu-1: 46.58, bleu-2: 25.88, bleu-3: 13.12
table: 2-17503198-4.html.csv, bleu-1: 46.59, bleu-2: 25.89, bleu-3: 13.13
table: 1-2668393-10.html.csv, bleu-1: 46.58, bleu-2: 25.88, bleu-3: 13.11
table: 2-16910989-5.html.csv, bleu-1: 46.63, bleu-2: 25.93, bleu-3: 13.16
table: 2-18424482-2.html.csv, bleu-1: 46.61, bleu-2: 25.92, bleu-3: 13.17
table: 2-16343705-3.html.csv, bleu-1: 46.59, bleu-2: 25.88, bleu-3: 13.15
table: 2-12207528-2.html.csv, bleu-1: 46.57, bleu-2: 25.86, bleu-3: 13.12
table: 2-1140097-1.html.csv, bleu-1: 46.58, bleu-2: 25.86, bleu-3: 13.12
table: 1-25800134-16.html.csv, bleu-1: 46.54, bleu-2: 25.83, bleu-3: 13.10
table: 2-11713303-2.html.csv, bleu-1: 46.51, bleu-2: 25.80, bleu-3: 13.08
table: 2-1877416-2.html.csv, bleu-1: 46.50, bleu-2: 25.80, bleu-3: 13.06
table: 2-14305653-58.html.csv, bleu-1: 46.50, bleu-2: 25.77, bleu-3: 13.04
table: 2-1198175-1.html.csv, bleu-1: 46.49, bleu-2: 25.78, bleu-3: 13.04
table: 2-15486062-1.html.csv, bleu-1: 46.56, bleu-2: 25.82, bleu-3: 13.03
table: 2-11667521-17.html.csv, bleu-1: 46.55, bleu-2: 25.81, bleu-3: 13.01
table: 2-11921877-4.html.csv, bleu-1: 46.53, bleu-2: 25.78, bleu-3: 13.00
table: 2-1598242-3.html.csv, bleu-1: 46.58, bleu-2: 25.83, bleu-3: 13.02
table: 2-16953587-4.html.csv, bleu-1: 46.59, bleu-2: 25.83, bleu-3: 13.02
table: 2-1137694-3.html.csv, bleu-1: 46.60, bleu-2: 25.84, bleu-3: 13.01
table: 2-10753786-4.html.csv, bleu-1: 46.61, bleu-2: 25.85, bleu-3: 13.01
table: 2-16474033-6.html.csv, bleu-1: 46.59, bleu-2: 25.84, bleu-3: 13.01
table: 2-1205598-2.html.csv, bleu-1: 46.58, bleu-2: 25.83, bleu-3: 13.02
table: 2-17634218-19.html.csv, bleu-1: 46.59, bleu-2: 25.81, bleu-3: 12.99
table: 2-1564278-3.html.csv, bleu-1: 46.57, bleu-2: 25.81, bleu-3: 12.98
table: 2-1224141-2.html.csv, bleu-1: 46.57, bleu-2: 25.80, bleu-3: 12.96
table: 2-10806592-9.html.csv, bleu-1: 46.55, bleu-2: 25.77, bleu-3: 12.95
table: 2-15184672-3.html.csv, bleu-1: 46.54, bleu-2: 25.76, bleu-3: 12.94
table: 2-15544826-1.html.csv, bleu-1: 46.56, bleu-2: 25.79, bleu-3: 12.94
table: 1-27744976-11.html.csv, bleu-1: 46.56, bleu-2: 25.79, bleu-3: 12.94
table: 2-11051845-5.html.csv, bleu-1: 46.58, bleu-2: 25.79, bleu-3: 12.94
table: 2-18844321-1.html.csv, bleu-1: 46.59, bleu-2: 25.79, bleu-3: 12.94
table: 2-12406580-1.html.csv, bleu-1: 46.58, bleu-2: 25.77, bleu-3: 12.94
table: 2-1408278-5.html.csv, bleu-1: 46.56, bleu-2: 25.76, bleu-3: 12.93
table: 2-13117332-1.html.csv, bleu-1: 46.59, bleu-2: 25.78, bleu-3: 12.94
table: 2-1421422-10.html.csv, bleu-1: 46.59, bleu-2: 25.76, bleu-3: 12.93
table: 2-11266821-1.html.csv, bleu-1: 46.58, bleu-2: 25.76, bleu-3: 12.93
table: 2-16981551-2.html.csv, bleu-1: 46.59, bleu-2: 25.76, bleu-3: 12.93
table: 2-18792952-6.html.csv, bleu-1: 46.59, bleu-2: 25.78, bleu-3: 12.95
table: 1-29063233-1.html.csv, bleu-1: 46.61, bleu-2: 25.80, bleu-3: 12.93
table: 2-14562754-1.html.csv, bleu-1: 46.61, bleu-2: 25.81, bleu-3: 12.94
table: 2-17110962-1.html.csv, bleu-1: 46.58, bleu-2: 25.79, bleu-3: 12.94
table: 2-10823719-14.html.csv, bleu-1: 46.57, bleu-2: 25.79, bleu-3: 12.94
table: 1-254234-1.html.csv, bleu-1: 46.59, bleu-2: 25.82, bleu-3: 12.95
table: 2-14115168-4.html.csv, bleu-1: 46.64, bleu-2: 25.85, bleu-3: 12.97
table: 2-15272585-8.html.csv, bleu-1: 46.62, bleu-2: 25.84, bleu-3: 12.97
table: 2-17383465-1.html.csv, bleu-1: 46.62, bleu-2: 25.85, bleu-3: 12.99
table: 2-17877429-1.html.csv, bleu-1: 46.61, bleu-2: 25.86, bleu-3: 12.98
table: 2-1206583-1.html.csv, bleu-1: 46.60, bleu-2: 25.85, bleu-3: 12.98
table: 2-10830492-6.html.csv, bleu-1: 46.59, bleu-2: 25.86, bleu-3: 12.98
table: 2-14895621-2.html.csv, bleu-1: 46.61, bleu-2: 25.88, bleu-3: 13.00
table: 2-17916431-2.html.csv, bleu-1: 46.60, bleu-2: 25.87, bleu-3: 12.98
table: 1-29556461-9.html.csv, bleu-1: 46.67, bleu-2: 25.95, bleu-3: 13.08
table: 1-262501-1.html.csv, bleu-1: 46.67, bleu-2: 25.95, bleu-3: 13.07
table: 2-15985025-2.html.csv, bleu-1: 46.66, bleu-2: 25.93, bleu-3: 13.07
table: 2-1171445-1.html.csv, bleu-1: 46.65, bleu-2: 25.93, bleu-3: 13.06
table: 2-1755878-2.html.csv, bleu-1: 46.67, bleu-2: 25.95, bleu-3: 13.07
table: 2-18183510-18.html.csv, bleu-1: 46.65, bleu-2: 25.93, bleu-3: 13.06
table: 2-17941795-5.html.csv, bleu-1: 46.62, bleu-2: 25.91, bleu-3: 13.04
table: 2-11449311-2.html.csv, bleu-1: 46.64, bleu-2: 25.91, bleu-3: 13.03
table: 2-12261926-2.html.csv, bleu-1: 46.64, bleu-2: 25.92, bleu-3: 13.03
table: 2-1145226-3.html.csv, bleu-1: 46.62, bleu-2: 25.91, bleu-3: 13.02
table: 2-16779943-2.html.csv, bleu-1: 46.63, bleu-2: 25.90, bleu-3: 13.02
table: 2-14013485-3.html.csv, bleu-1: 46.59, bleu-2: 25.88, bleu-3: 13.00
table: 2-1219581-1.html.csv, bleu-1: 46.65, bleu-2: 25.91, bleu-3: 13.04
table: 2-11772462-4.html.csv, bleu-1: 46.65, bleu-2: 25.91, bleu-3: 13.04
table: 2-1664787-1.html.csv, bleu-1: 46.65, bleu-2: 25.91, bleu-3: 13.04
table: 2-1672976-1.html.csv, bleu-1: 46.65, bleu-2: 25.91, bleu-3: 13.03
table: 2-10608850-2.html.csv, bleu-1: 46.65, bleu-2: 25.91, bleu-3: 13.02
table: 2-10806852-2.html.csv, bleu-1: 46.65, bleu-2: 25.91, bleu-3: 13.02
table: 2-17626681-8.html.csv, bleu-1: 46.63, bleu-2: 25.89, bleu-3: 13.01
table: 2-16578883-3.html.csv, bleu-1: 46.64, bleu-2: 25.90, bleu-3: 13.00
table: 2-13312898-52.html.csv, bleu-1: 46.66, bleu-2: 25.93, bleu-3: 13.03
table: 2-13870048-3.html.csv, bleu-1: 46.64, bleu-2: 25.90, bleu-3: 13.02
table: 1-27700375-11.html.csv, bleu-1: 46.65, bleu-2: 25.92, bleu-3: 13.02
table: 1-23286158-10.html.csv, bleu-1: 46.64, bleu-2: 25.92, bleu-3: 13.02
table: 2-16351829-3.html.csv, bleu-1: 46.64, bleu-2: 25.90, bleu-3: 13.00
table: 2-11307139-5.html.csv, bleu-1: 46.62, bleu-2: 25.89, bleu-3: 12.99
table: 2-18646220-4.html.csv, bleu-1: 46.59, bleu-2: 25.87, bleu-3: 12.97
table: 2-10826385-15.html.csv, bleu-1: 46.61, bleu-2: 25.89, bleu-3: 13.00
table: 2-11803648-22.html.csv, bleu-1: 46.62, bleu-2: 25.91, bleu-3: 13.01
table: 2-10816490-4.html.csv, bleu-1: 46.61, bleu-2: 25.90, bleu-3: 12.99
table: 2-10773616-7.html.csv, bleu-1: 46.62, bleu-2: 25.90, bleu-3: 13.00
table: 2-10642140-3.html.csv, bleu-1: 46.61, bleu-2: 25.89, bleu-3: 12.98
table: 2-18130923-3.html.csv, bleu-1: 46.64, bleu-2: 25.92, bleu-3: 13.00
table: 1-27755603-10.html.csv, bleu-1: 46.63, bleu-2: 25.91, bleu-3: 12.99
table: 1-245800-2.html.csv, bleu-1: 46.63, bleu-2: 25.92, bleu-3: 12.99
table: 2-16682451-1.html.csv, bleu-1: 46.62, bleu-2: 25.90, bleu-3: 12.99
table: 1-23508196-5.html.csv, bleu-1: 46.63, bleu-2: 25.91, bleu-3: 13.00
table: 2-14887186-1.html.csv, bleu-1: 46.65, bleu-2: 25.93, bleu-3: 13.01
table: 2-10808346-12.html.csv, bleu-1: 46.72, bleu-2: 26.03, bleu-3: 13.12
table: 2-1195142-2.html.csv, bleu-1: 46.75, bleu-2: 26.07, bleu-3: 13.16
table: 2-1160735-1.html.csv, bleu-1: 46.75, bleu-2: 26.07, bleu-3: 13.16
table: 2-17426846-5.html.csv, bleu-1: 46.74, bleu-2: 26.06, bleu-3: 13.15
table: 2-18191407-14.html.csv, bleu-1: 46.75, bleu-2: 26.06, bleu-3: 13.14
table: 2-16620096-1.html.csv, bleu-1: 46.76, bleu-2: 26.07, bleu-3: 13.15
table: 2-11938731-7.html.csv, bleu-1: 46.75, bleu-2: 26.06, bleu-3: 13.14
table: 2-18501314-1.html.csv, bleu-1: 46.74, bleu-2: 26.05, bleu-3: 13.13
table: 2-1219546-1.html.csv, bleu-1: 46.75, bleu-2: 26.07, bleu-3: 13.14
table: 2-10809823-6.html.csv, bleu-1: 46.76, bleu-2: 26.08, bleu-3: 13.14
table: 2-16193559-1.html.csv, bleu-1: 46.74, bleu-2: 26.05, bleu-3: 13.12
table: 2-16514480-3.html.csv, bleu-1: 46.74, bleu-2: 26.04, bleu-3: 13.11
table: 2-14323347-2.html.csv, bleu-1: 46.73, bleu-2: 26.04, bleu-3: 13.10
table: 2-15100419-13.html.csv, bleu-1: 46.77, bleu-2: 26.08, bleu-3: 13.14
table: 2-17344651-1.html.csv, bleu-1: 46.75, bleu-2: 26.06, bleu-3: 13.13
table: 2-16212384-2.html.csv, bleu-1: 46.75, bleu-2: 26.05, bleu-3: 13.14
table: 1-26250145-1.html.csv, bleu-1: 46.76, bleu-2: 26.06, bleu-3: 13.15
table: 2-14769579-3.html.csv, bleu-1: 46.77, bleu-2: 26.06, bleu-3: 13.15
table: 2-18045035-18.html.csv, bleu-1: 46.76, bleu-2: 26.06, bleu-3: 13.15
table: 2-15080761-3.html.csv, bleu-1: 46.78, bleu-2: 26.08, bleu-3: 13.16
table: 1-2342078-2.html.csv, bleu-1: 46.79, bleu-2: 26.10, bleu-3: 13.19
table: 2-17933602-1.html.csv, bleu-1: 46.79, bleu-2: 26.10, bleu-3: 13.18
table: 1-24565004-14.html.csv, bleu-1: 46.76, bleu-2: 26.09, bleu-3: 13.17
table: 2-13594823-1.html.csv, bleu-1: 46.79, bleu-2: 26.14, bleu-3: 13.23
table: 2-18169093-3.html.csv, bleu-1: 46.75, bleu-2: 26.11, bleu-3: 13.22
table: 2-10866507-1.html.csv, bleu-1: 46.75, bleu-2: 26.11, bleu-3: 13.21
table: 2-10362070-3.html.csv, bleu-1: 46.76, bleu-2: 26.11, bleu-3: 13.20
table: 2-17340355-10.html.csv, bleu-1: 46.79, bleu-2: 26.14, bleu-3: 13.24
table: 2-16225902-4.html.csv, bleu-1: 46.78, bleu-2: 26.14, bleu-3: 13.22
table: 2-1682026-9.html.csv, bleu-1: 46.78, bleu-2: 26.13, bleu-3: 13.21
table: 1-25304789-1.html.csv, bleu-1: 46.75, bleu-2: 26.11, bleu-3: 13.21
table: 1-29302711-13.html.csv, bleu-1: 46.76, bleu-2: 26.12, bleu-3: 13.19
table: 2-10790099-5.html.csv, bleu-1: 46.78, bleu-2: 26.14, bleu-3: 13.20
table: 2-17717526-12.html.csv, bleu-1: 46.78, bleu-2: 26.12, bleu-3: 13.19
table: 2-14610267-2.html.csv, bleu-1: 46.77, bleu-2: 26.10, bleu-3: 13.17
table: 2-17323092-8.html.csv, bleu-1: 46.78, bleu-2: 26.10, bleu-3: 13.16
table: 2-10263245-1.html.csv, bleu-1: 46.81, bleu-2: 26.13, bleu-3: 13.18
table: 2-13244501-6.html.csv, bleu-1: 46.81, bleu-2: 26.12, bleu-3: 13.17
table: 2-12817505-2.html.csv, bleu-1: 46.80, bleu-2: 26.12, bleu-3: 13.15
table: 2-10696381-3.html.csv, bleu-1: 46.82, bleu-2: 26.15, bleu-3: 13.18
table: 2-18934536-1.html.csv, bleu-1: 46.80, bleu-2: 26.12, bleu-3: 13.17
table: 2-1226543-6.html.csv, bleu-1: 46.79, bleu-2: 26.11, bleu-3: 13.17
table: 1-24901152-4.html.csv, bleu-1: 46.77, bleu-2: 26.10, bleu-3: 13.16
table: 2-17625749-2.html.csv, bleu-1: 46.76, bleu-2: 26.09, bleu-3: 13.14
table: 2-11312764-5.html.csv, bleu-1: 46.73, bleu-2: 26.08, bleu-3: 13.13
table: 2-13821848-1.html.csv, bleu-1: 46.73, bleu-2: 26.08, bleu-3: 13.14
table: 2-16013858-7.html.csv, bleu-1: 46.74, bleu-2: 26.09, bleu-3: 13.15
table: 2-1235742-1.html.csv, bleu-1: 46.77, bleu-2: 26.11, bleu-3: 13.16
table: 2-17624865-1.html.csv, bleu-1: 46.74, bleu-2: 26.09, bleu-3: 13.14
table: 2-13018091-1.html.csv, bleu-1: 46.74, bleu-2: 26.08, bleu-3: 13.14
table: 2-14303579-16.html.csv, bleu-1: 46.73, bleu-2: 26.07, bleu-3: 13.13
table: 2-10746808-4.html.csv, bleu-1: 46.71, bleu-2: 26.06, bleu-3: 13.13
table: 2-18078622-1.html.csv, bleu-1: 46.69, bleu-2: 26.05, bleu-3: 13.13
table: 2-18565896-1.html.csv, bleu-1: 46.71, bleu-2: 26.05, bleu-3: 13.11
table: 2-14305802-4.html.csv, bleu-1: 46.74, bleu-2: 26.09, bleu-3: 13.15
table: 2-166570-2.html.csv, bleu-1: 46.71, bleu-2: 26.06, bleu-3: 13.14
table: 2-1111973-1.html.csv, bleu-1: 46.72, bleu-2: 26.09, bleu-3: 13.18
table: 2-14781412-8.html.csv, bleu-1: 46.71, bleu-2: 26.08, bleu-3: 13.17
table: 2-11128774-8.html.csv, bleu-1: 46.74, bleu-2: 26.08, bleu-3: 13.17
table: 2-1825751-2.html.csv, bleu-1: 46.77, bleu-2: 26.11, bleu-3: 13.19
table: 2-184806-1.html.csv, bleu-1: 46.76, bleu-2: 26.10, bleu-3: 13.18
table: 2-18812209-20.html.csv, bleu-1: 46.82, bleu-2: 26.17, bleu-3: 13.26
table: 2-17387785-4.html.csv, bleu-1: 46.78, bleu-2: 26.14, bleu-3: 13.24
table: 2-17355628-9.html.csv, bleu-1: 46.78, bleu-2: 26.15, bleu-3: 13.25
table: 2-1446835-2.html.csv, bleu-1: 46.79, bleu-2: 26.14, bleu-3: 13.23
table: 1-25352318-1.html.csv, bleu-1: 46.79, bleu-2: 26.14, bleu-3: 13.22
table: 2-10885968-7.html.csv, bleu-1: 46.78, bleu-2: 26.13, bleu-3: 13.20
table: 2-10883333-20.html.csv, bleu-1: 46.78, bleu-2: 26.13, bleu-3: 13.20
table: 2-14020863-7.html.csv, bleu-1: 46.78, bleu-2: 26.14, bleu-3: 13.20
table: 2-15123292-1.html.csv, bleu-1: 46.82, bleu-2: 26.18, bleu-3: 13.24
table: 2-10746808-5.html.csv, bleu-1: 46.82, bleu-2: 26.17, bleu-3: 13.23
table: 2-1742186-16.html.csv, bleu-1: 46.81, bleu-2: 26.17, bleu-3: 13.24
table: 1-23014476-1.html.csv, bleu-1: 46.78, bleu-2: 26.14, bleu-3: 13.22
table: 2-10790397-6.html.csv, bleu-1: 46.77, bleu-2: 26.13, bleu-3: 13.21
table: 2-18624865-5.html.csv, bleu-1: 46.80, bleu-2: 26.17, bleu-3: 13.23
table: 2-10722506-4.html.csv, bleu-1: 46.77, bleu-2: 26.14, bleu-3: 13.22
table: 2-10061118-2.html.csv, bleu-1: 46.77, bleu-2: 26.15, bleu-3: 13.22
table: 2-14395920-1.html.csv, bleu-1: 46.76, bleu-2: 26.13, bleu-3: 13.21
table: 2-17486851-1.html.csv, bleu-1: 46.75, bleu-2: 26.12, bleu-3: 13.20
table: 2-12901325-10.html.csv, bleu-1: 46.76, bleu-2: 26.12, bleu-3: 13.18
table: 2-16893837-4.html.csv, bleu-1: 46.73, bleu-2: 26.11, bleu-3: 13.18
table: 2-11364514-2.html.csv, bleu-1: 46.75, bleu-2: 26.14, bleu-3: 13.21
table: 2-1221065-7.html.csv, bleu-1: 46.75, bleu-2: 26.14, bleu-3: 13.21
table: 2-1123329-2.html.csv, bleu-1: 46.74, bleu-2: 26.13, bleu-3: 13.20
table: 2-18122130-4.html.csv, bleu-1: 46.77, bleu-2: 26.17, bleu-3: 13.22
table: 2-15154539-6.html.csv, bleu-1: 46.77, bleu-2: 26.15, bleu-3: 13.21
table: 1-24924576-2.html.csv, bleu-1: 46.77, bleu-2: 26.15, bleu-3: 13.20
table: 2-18552926-7.html.csv, bleu-1: 46.82, bleu-2: 26.23, bleu-3: 13.29
table: 2-11623598-1.html.csv, bleu-1: 46.81, bleu-2: 26.22, bleu-3: 13.28
table: 2-1570558-1.html.csv, bleu-1: 46.79, bleu-2: 26.20, bleu-3: 13.26
table: 2-13761074-11.html.csv, bleu-1: 46.80, bleu-2: 26.21, bleu-3: 13.27
table: 2-17382411-4.html.csv, bleu-1: 46.78, bleu-2: 26.19, bleu-3: 13.26
table: 2-1756060-2.html.csv, bleu-1: 46.75, bleu-2: 26.18, bleu-3: 13.24
table: 2-1140112-5.html.csv, bleu-1: 46.78, bleu-2: 26.21, bleu-3: 13.27
table: 2-11535001-1.html.csv, bleu-1: 46.80, bleu-2: 26.24, bleu-3: 13.30
table: 2-18698934-2.html.csv, bleu-1: 46.80, bleu-2: 26.23, bleu-3: 13.30
table: 2-13844614-5.html.csv, bleu-1: 46.79, bleu-2: 26.22, bleu-3: 13.28
table: 2-17370522-15.html.csv, bleu-1: 46.78, bleu-2: 26.22, bleu-3: 13.29
table: 2-18947170-9.html.csv, bleu-1: 46.78, bleu-2: 26.22, bleu-3: 13.29
table: 2-11739153-3.html.csv, bleu-1: 46.80, bleu-2: 26.23, bleu-3: 13.30
table: 1-24143253-1.html.csv, bleu-1: 46.78, bleu-2: 26.21, bleu-3: 13.28
table: 1-28677723-5.html.csv, bleu-1: 46.76, bleu-2: 26.19, bleu-3: 13.28
table: 2-18789596-2.html.csv, bleu-1: 46.76, bleu-2: 26.17, bleu-3: 13.27
table: 2-12206056-8.html.csv, bleu-1: 46.76, bleu-2: 26.17, bleu-3: 13.26
table: 1-28132970-5.html.csv, bleu-1: 46.74, bleu-2: 26.15, bleu-3: 13.24
table: 2-1364343-4.html.csv, bleu-1: 46.71, bleu-2: 26.11, bleu-3: 13.22
table: 2-15399991-3.html.csv, bleu-1: 46.74, bleu-2: 26.15, bleu-3: 13.25
table: 2-18096431-7.html.csv, bleu-1: 46.74, bleu-2: 26.17, bleu-3: 13.28
table: 2-18169845-3.html.csv, bleu-1: 46.74, bleu-2: 26.18, bleu-3: 13.28
table: 2-16514480-5.html.csv, bleu-1: 46.73, bleu-2: 26.16, bleu-3: 13.27
table: 2-17807292-5.html.csv, bleu-1: 46.72, bleu-2: 26.15, bleu-3: 13.26
table: 1-26168687-3.html.csv, bleu-1: 46.72, bleu-2: 26.15, bleu-3: 13.25
table: 2-10779468-2.html.csv, bleu-1: 46.70, bleu-2: 26.13, bleu-3: 13.23
table: 2-17262467-1.html.csv, bleu-1: 46.71, bleu-2: 26.13, bleu-3: 13.21
table: 2-17915-12.html.csv, bleu-1: 46.72, bleu-2: 26.12, bleu-3: 13.21
table: 2-18217231-2.html.csv, bleu-1: 46.72, bleu-2: 26.12, bleu-3: 13.20
table: 2-1640715-2.html.csv, bleu-1: 46.74, bleu-2: 26.13, bleu-3: 13.20
table: 2-17443121-2.html.csv, bleu-1: 46.74, bleu-2: 26.13, bleu-3: 13.20
table: 2-16823523-9.html.csv, bleu-1: 46.76, bleu-2: 26.15, bleu-3: 13.22
table: 2-12719328-2.html.csv, bleu-1: 46.76, bleu-2: 26.15, bleu-3: 13.22
table: 2-17736890-2.html.csv, bleu-1: 46.76, bleu-2: 26.15, bleu-3: 13.22
table: 2-11771022-8.html.csv, bleu-1: 46.79, bleu-2: 26.18, bleu-3: 13.25
table: 2-17188888-2.html.csv, bleu-1: 46.82, bleu-2: 26.22, bleu-3: 13.27
table: 2-13312898-28.html.csv, bleu-1: 46.85, bleu-2: 26.23, bleu-3: 13.27
table: 1-28210383-1.html.csv, bleu-1: 46.84, bleu-2: 26.23, bleu-3: 13.25
table: 2-18553497-4.html.csv, bleu-1: 46.86, bleu-2: 26.25, bleu-3: 13.27
table: 2-10766119-14.html.csv, bleu-1: 46.87, bleu-2: 26.28, bleu-3: 13.30
table: 2-15860092-6.html.csv, bleu-1: 46.87, bleu-2: 26.26, bleu-3: 13.28
table: 2-12423174-1.html.csv, bleu-1: 46.87, bleu-2: 26.27, bleu-3: 13.28
table: 2-1546813-1.html.csv, bleu-1: 46.88, bleu-2: 26.26, bleu-3: 13.27
table: 2-13298969-2.html.csv, bleu-1: 46.86, bleu-2: 26.24, bleu-3: 13.26
table: 2-17798269-8.html.csv, bleu-1: 46.89, bleu-2: 26.28, bleu-3: 13.29
table: 2-17514817-1.html.csv, bleu-1: 46.87, bleu-2: 26.26, bleu-3: 13.29
table: 2-11513647-4.html.csv, bleu-1: 46.86, bleu-2: 26.27, bleu-3: 13.29
table: 2-18178551-1.html.csv, bleu-1: 46.87, bleu-2: 26.26, bleu-3: 13.28
table: 2-15272646-6.html.csv, bleu-1: 46.84, bleu-2: 26.24, bleu-3: 13.27
table: 2-11218948-6.html.csv, bleu-1: 46.82, bleu-2: 26.23, bleu-3: 13.26
table: 2-10257-5.html.csv, bleu-1: 46.82, bleu-2: 26.22, bleu-3: 13.26
table: 2-1122973-1.html.csv, bleu-1: 46.80, bleu-2: 26.21, bleu-3: 13.24
table: 2-17430068-2.html.csv, bleu-1: 46.80, bleu-2: 26.21, bleu-3: 13.25
table: 2-11787570-4.html.csv, bleu-1: 46.80, bleu-2: 26.19, bleu-3: 13.23
table: 2-169662-2.html.csv, bleu-1: 46.79, bleu-2: 26.18, bleu-3: 13.22
table: 2-11570929-1.html.csv, bleu-1: 46.79, bleu-2: 26.19, bleu-3: 13.23
table: 2-18622227-6.html.csv, bleu-1: 46.78, bleu-2: 26.17, bleu-3: 13.22
table: 2-18674332-1.html.csv, bleu-1: 46.78, bleu-2: 26.15, bleu-3: 13.21
table: 1-23466021-4.html.csv, bleu-1: 46.77, bleu-2: 26.13, bleu-3: 13.20
table: 1-28051859-3.html.csv, bleu-1: 46.76, bleu-2: 26.12, bleu-3: 13.19
table: 2-13955731-4.html.csv, bleu-1: 46.79, bleu-2: 26.16, bleu-3: 13.22
table: 2-15250161-2.html.csv, bleu-1: 46.78, bleu-2: 26.15, bleu-3: 13.22
table: 2-14496392-1.html.csv, bleu-1: 46.77, bleu-2: 26.16, bleu-3: 13.23
table: 2-12472200-7.html.csv, bleu-1: 46.75, bleu-2: 26.14, bleu-3: 13.22
table: 2-18925638-1.html.csv, bleu-1: 46.76, bleu-2: 26.15, bleu-3: 13.23
table: 2-1291598-3.html.csv, bleu-1: 46.76, bleu-2: 26.15, bleu-3: 13.23
table: 2-11173692-2.html.csv, bleu-1: 46.76, bleu-2: 26.13, bleu-3: 13.22
table: 1-25551880-2.html.csv, bleu-1: 46.76, bleu-2: 26.14, bleu-3: 13.21
table: 2-17142388-1.html.csv, bleu-1: 46.74, bleu-2: 26.13, bleu-3: 13.21
table: 2-14978398-2.html.csv, bleu-1: 46.74, bleu-2: 26.14, bleu-3: 13.21
table: 2-1861948-2.html.csv, bleu-1: 46.74, bleu-2: 26.13, bleu-3: 13.21
table: 2-15009679-7.html.csv, bleu-1: 46.74, bleu-2: 26.14, bleu-3: 13.21
table: 2-1140106-1.html.csv, bleu-1: 46.73, bleu-2: 26.13, bleu-3: 13.22
table: 2-11221360-2.html.csv, bleu-1: 46.72, bleu-2: 26.12, bleu-3: 13.20
table: 2-13873532-1.html.csv, bleu-1: 46.70, bleu-2: 26.11, bleu-3: 13.19
table: 2-13566745-1.html.csv, bleu-1: 46.69, bleu-2: 26.10, bleu-3: 13.19
table: 2-17822046-1.html.csv, bleu-1: 46.69, bleu-2: 26.10, bleu-3: 13.19
table: 2-14860855-3.html.csv, bleu-1: 46.68, bleu-2: 26.09, bleu-3: 13.19
total corpus BLEU score = 46.68/26.09/13.19
