Some weights of GPT2LMHeadModel were not initialized from the model checkpoint at gpt2 and are newly initialized: ['h.0.attn.masked_bias', 'h.1.attn.masked_bias', 'h.2.attn.masked_bias', 'h.3.attn.masked_bias', 'h.4.attn.masked_bias', 'h.5.attn.masked_bias', 'h.6.attn.masked_bias', 'h.7.attn.masked_bias', 'h.8.attn.masked_bias', 'h.9.attn.masked_bias', 'h.10.attn.masked_bias', 'h.11.attn.masked_bias', 'lm_head.weight']
You should probably TRAIN this model on a down-stream task to be able to use it for predictions and inference.
/project/6027213/shankar5/envs/logicnlg/env/lib/python3.7/site-packages/nltk/translate/bleu_score.py:516: UserWarning: 
The hypothesis contains 0 counts of 3-gram overlaps.
Therefore the BLEU score evaluates to 0, independently of
how many N-gram overlaps of lower order it contains.
Consider using lower n-gram order or use SmoothingFunction()
  warnings.warn(_msg)
/project/6027213/shankar5/envs/logicnlg/env/lib/python3.7/site-packages/nltk/translate/bleu_score.py:516: UserWarning: 
The hypothesis contains 0 counts of 2-gram overlaps.
Therefore the BLEU score evaluates to 0, independently of
how many N-gram overlaps of lower order it contains.
Consider using lower n-gram order or use SmoothingFunction()
  warnings.warn(_msg)
{'batch_size': '3', 'gold_train': 'data/train_lm_preprocessed_templt.json', 'gold_test': 'data/test_lm.json', 'data_tables': 'data/tables/', 'epochs': '15', 'stage': '2', 'max_length': '800', 'model': 'gpt2', 'device': 'cuda', 'learning_rate': '2e-6', 'checkpoint_dir': 'model_checkpoints/', 'log_dir': 'model_logs/', 'model_stage1_file': 'C2F_stage1_epoch9.pt', 'model_test_file': 'C2F_stage2_epoch14.pt', 'test_output_dir': 'output/', 'max_decoding_length': '50', 'top_k': '1', 'top_p': '0.0'}
2-18424778-6.html.csv
table: 2-18424778-6.html.csv, bleu-1: 54.31, bleu-2: 41.66, bleu-3: 32.34
2-1458666-4.html.csv
table: 2-1458666-4.html.csv, bleu-1: 48.88, bleu-2: 38.45, bleu-3: 30.17
2-12164751-7.html.csv
table: 2-12164751-7.html.csv, bleu-1: 47.28, bleu-2: 31.50, bleu-3: 20.12
1-27987623-1.html.csv
table: 1-27987623-1.html.csv, bleu-1: 41.35, bleu-2: 26.14, bleu-3: 15.09
2-11036258-13.html.csv
table: 2-11036258-13.html.csv, bleu-1: 39.50, bleu-2: 23.13, bleu-3: 12.07
2-11545282-4.html.csv
table: 2-11545282-4.html.csv, bleu-1: 35.73, bleu-2: 19.27, bleu-3: 10.06
2-15715109-9.html.csv
table: 2-15715109-9.html.csv, bleu-1: 32.92, bleu-2: 17.91, bleu-3: 9.58
1-2668420-17.html.csv
table: 1-2668420-17.html.csv, bleu-1: 33.62, bleu-2: 17.26, bleu-3: 9.47
2-17245565-6.html.csv
table: 2-17245565-6.html.csv, bleu-1: 31.80, bleu-2: 15.34, bleu-3: 8.42
2-11613207-1.html.csv
table: 2-11613207-1.html.csv, bleu-1: 32.88, bleu-2: 14.16, bleu-3: 7.58
2-12275551-1.html.csv
table: 2-12275551-1.html.csv, bleu-1: 33.41, bleu-2: 12.87, bleu-3: 6.89
2-10790804-13.html.csv
table: 2-10790804-13.html.csv, bleu-1: 34.04, bleu-2: 13.87, bleu-3: 7.54
2-1123314-1.html.csv
table: 2-1123314-1.html.csv, bleu-1: 33.54, bleu-2: 13.26, bleu-3: 6.96
2-14227676-3.html.csv
table: 2-14227676-3.html.csv, bleu-1: 32.91, bleu-2: 13.19, bleu-3: 6.46
2-17814838-6.html.csv
table: 2-17814838-6.html.csv, bleu-1: 33.75, bleu-2: 13.74, bleu-3: 6.53
2-13913673-5.html.csv
table: 2-13913673-5.html.csv, bleu-1: 35.63, bleu-2: 15.12, bleu-3: 7.19
2-18379129-5.html.csv
table: 2-18379129-5.html.csv, bleu-1: 36.00, bleu-2: 14.94, bleu-3: 6.77
2-13135264-6.html.csv
table: 2-13135264-6.html.csv, bleu-1: 35.79, bleu-2: 14.31, bleu-3: 6.57
1-262534-2.html.csv
table: 1-262534-2.html.csv, bleu-1: 35.02, bleu-2: 13.79, bleu-3: 6.23
2-18662679-7.html.csv
table: 2-18662679-7.html.csv, bleu-1: 35.41, bleu-2: 13.10, bleu-3: 5.92
2-18842947-2.html.csv
table: 2-18842947-2.html.csv, bleu-1: 36.58, bleu-2: 13.84, bleu-3: 6.80
2-10362162-2.html.csv
table: 2-10362162-2.html.csv, bleu-1: 36.37, bleu-2: 13.70, bleu-3: 6.49
2-1219456-1.html.csv
table: 2-1219456-1.html.csv, bleu-1: 36.45, bleu-2: 14.29, bleu-3: 7.00
2-1122485-2.html.csv
table: 2-1122485-2.html.csv, bleu-1: 36.15, bleu-2: 13.81, bleu-3: 6.76
2-11025881-1.html.csv
table: 2-11025881-1.html.csv, bleu-1: 35.75, bleu-2: 13.26, bleu-3: 6.49
1-2897457-3.html.csv
table: 1-2897457-3.html.csv, bleu-1: 35.81, bleu-2: 13.18, bleu-3: 6.24
2-13649804-1.html.csv
table: 2-13649804-1.html.csv, bleu-1: 35.07, bleu-2: 12.69, bleu-3: 6.01
2-16023753-2.html.csv
table: 2-16023753-2.html.csv, bleu-1: 35.69, bleu-2: 12.61, bleu-3: 5.80
2-13962594-1.html.csv
table: 2-13962594-1.html.csv, bleu-1: 35.73, bleu-2: 12.70, bleu-3: 5.97
2-14611590-3.html.csv
table: 2-14611590-3.html.csv, bleu-1: 35.41, bleu-2: 12.39, bleu-3: 5.77
2-1554464-3.html.csv
table: 2-1554464-3.html.csv, bleu-1: 35.06, bleu-2: 11.99, bleu-3: 5.58
2-15679690-3.html.csv
table: 2-15679690-3.html.csv, bleu-1: 35.05, bleu-2: 11.98, bleu-3: 5.49
2-1204658-17.html.csv
table: 2-1204658-17.html.csv, bleu-1: 35.44, bleu-2: 12.63, bleu-3: 5.69
2-15205941-2.html.csv
table: 2-15205941-2.html.csv, bleu-1: 34.40, bleu-2: 12.26, bleu-3: 5.52
2-11097691-2.html.csv
table: 2-11097691-2.html.csv, bleu-1: 34.25, bleu-2: 11.91, bleu-3: 5.37
2-10808681-18.html.csv
table: 2-10808681-18.html.csv, bleu-1: 35.03, bleu-2: 12.89, bleu-3: 5.99
2-10776330-14.html.csv
table: 2-10776330-14.html.csv, bleu-1: 35.18, bleu-2: 13.02, bleu-3: 5.97
2-14939494-2.html.csv
table: 2-14939494-2.html.csv, bleu-1: 34.81, bleu-2: 12.93, bleu-3: 5.81
2-10651573-1.html.csv
table: 2-10651573-1.html.csv, bleu-1: 35.63, bleu-2: 13.70, bleu-3: 6.42
1-27547668-2.html.csv
table: 1-27547668-2.html.csv, bleu-1: 35.64, bleu-2: 13.99, bleu-3: 6.60
2-1226502-2.html.csv
table: 2-1226502-2.html.csv, bleu-1: 35.41, bleu-2: 13.84, bleu-3: 6.44
2-170969-2.html.csv
table: 2-170969-2.html.csv, bleu-1: 35.47, bleu-2: 14.07, bleu-3: 6.48
2-10747009-9.html.csv
table: 2-10747009-9.html.csv, bleu-1: 35.57, bleu-2: 14.28, bleu-3: 6.63
2-11512626-6.html.csv
table: 2-11512626-6.html.csv, bleu-1: 35.82, bleu-2: 14.33, bleu-3: 6.48
2-14584488-11.html.csv
table: 2-14584488-11.html.csv, bleu-1: 35.46, bleu-2: 14.16, bleu-3: 6.34
2-12617978-7.html.csv
table: 2-12617978-7.html.csv, bleu-1: 35.23, bleu-2: 13.95, bleu-3: 6.20
1-27771406-1.html.csv
table: 1-27771406-1.html.csv, bleu-1: 34.84, bleu-2: 13.65, bleu-3: 6.07
2-12197750-6.html.csv
table: 2-12197750-6.html.csv, bleu-1: 35.02, bleu-2: 13.66, bleu-3: 6.06
2-18935018-1.html.csv
table: 2-18935018-1.html.csv, bleu-1: 34.92, bleu-2: 13.54, bleu-3: 6.03
2-12913985-5.html.csv
table: 2-12913985-5.html.csv, bleu-1: 35.07, bleu-2: 13.69, bleu-3: 6.13
2-15780049-10.html.csv
table: 2-15780049-10.html.csv, bleu-1: 34.96, bleu-2: 13.80, bleu-3: 6.18
1-24138601-2.html.csv
table: 1-24138601-2.html.csv, bleu-1: 35.50, bleu-2: 14.04, bleu-3: 6.34
2-13810690-10.html.csv
table: 2-13810690-10.html.csv, bleu-1: 35.67, bleu-2: 14.35, bleu-3: 6.64
2-12807827-2.html.csv
table: 2-12807827-2.html.csv, bleu-1: 35.86, bleu-2: 14.39, bleu-3: 6.52
2-15828727-6.html.csv
table: 2-15828727-6.html.csv, bleu-1: 35.84, bleu-2: 14.33, bleu-3: 6.40
1-2655016-4.html.csv
table: 1-2655016-4.html.csv, bleu-1: 35.80, bleu-2: 14.19, bleu-3: 6.28
2-1123150-1.html.csv
table: 2-1123150-1.html.csv, bleu-1: 35.57, bleu-2: 13.99, bleu-3: 6.17
2-16806446-2.html.csv
table: 2-16806446-2.html.csv, bleu-1: 35.43, bleu-2: 13.94, bleu-3: 6.22
2-1172877-1.html.csv
table: 2-1172877-1.html.csv, bleu-1: 35.28, bleu-2: 13.95, bleu-3: 6.12
2-17445673-2.html.csv
table: 2-17445673-2.html.csv, bleu-1: 35.29, bleu-2: 13.88, bleu-3: 6.01
2-12572989-1.html.csv
table: 2-12572989-1.html.csv, bleu-1: 35.10, bleu-2: 13.78, bleu-3: 5.97
2-1122902-1.html.csv
table: 2-1122902-1.html.csv, bleu-1: 35.38, bleu-2: 14.30, bleu-3: 6.56
2-12586672-1.html.csv
table: 2-12586672-1.html.csv, bleu-1: 35.00, bleu-2: 14.07, bleu-3: 6.45
2-14255774-8.html.csv
table: 2-14255774-8.html.csv, bleu-1: 35.41, bleu-2: 14.19, bleu-3: 6.35
2-17964087-2.html.csv
table: 2-17964087-2.html.csv, bleu-1: 35.38, bleu-2: 14.19, bleu-3: 6.26
2-14320222-15.html.csv
table: 2-14320222-15.html.csv, bleu-1: 35.13, bleu-2: 14.10, bleu-3: 6.24
2-18546846-1.html.csv
table: 2-18546846-1.html.csv, bleu-1: 35.50, bleu-2: 14.53, bleu-3: 6.58
2-18087075-2.html.csv
table: 2-18087075-2.html.csv, bleu-1: 35.79, bleu-2: 14.72, bleu-3: 6.49
2-14883-2.html.csv
table: 2-14883-2.html.csv, bleu-1: 35.77, bleu-2: 14.51, bleu-3: 6.39
2-11965402-8.html.csv
table: 2-11965402-8.html.csv, bleu-1: 35.91, bleu-2: 14.68, bleu-3: 6.55
2-17389615-6.html.csv
table: 2-17389615-6.html.csv, bleu-1: 36.01, bleu-2: 14.77, bleu-3: 6.46
2-12503727-1.html.csv
table: 2-12503727-1.html.csv, bleu-1: 35.84, bleu-2: 14.62, bleu-3: 6.37
2-12207449-2.html.csv
table: 2-12207449-2.html.csv, bleu-1: 35.98, bleu-2: 14.80, bleu-3: 6.60
2-1111175-9.html.csv
table: 2-1111175-9.html.csv, bleu-1: 36.24, bleu-2: 14.95, bleu-3: 6.52
2-13044634-2.html.csv
table: 2-13044634-2.html.csv, bleu-1: 36.10, bleu-2: 14.75, bleu-3: 6.43
2-12582968-1.html.csv
table: 2-12582968-1.html.csv, bleu-1: 35.95, bleu-2: 14.76, bleu-3: 6.34
2-10809271-4.html.csv
table: 2-10809271-4.html.csv, bleu-1: 36.11, bleu-2: 14.89, bleu-3: 6.36
2-12410929-70.html.csv
table: 2-12410929-70.html.csv, bleu-1: 36.21, bleu-2: 14.82, bleu-3: 6.34
2-1064216-1.html.csv
table: 2-1064216-1.html.csv, bleu-1: 36.07, bleu-2: 14.76, bleu-3: 6.26
2-11739153-4.html.csv
table: 2-11739153-4.html.csv, bleu-1: 36.38, bleu-2: 15.05, bleu-3: 6.47
2-17751797-2.html.csv
table: 2-17751797-2.html.csv, bleu-1: 36.25, bleu-2: 14.90, bleu-3: 6.39
2-11552877-1.html.csv
table: 2-11552877-1.html.csv, bleu-1: 36.19, bleu-2: 14.87, bleu-3: 6.34
2-14820149-3.html.csv
table: 2-14820149-3.html.csv, bleu-1: 36.01, bleu-2: 14.71, bleu-3: 6.26
2-10773753-1.html.csv
table: 2-10773753-1.html.csv, bleu-1: 36.18, bleu-2: 14.82, bleu-3: 6.40
1-286271-1.html.csv
table: 1-286271-1.html.csv, bleu-1: 36.38, bleu-2: 15.02, bleu-3: 6.47
2-12108114-5.html.csv
table: 2-12108114-5.html.csv, bleu-1: 36.24, bleu-2: 14.93, bleu-3: 6.45
2-1137274-2.html.csv
table: 2-1137274-2.html.csv, bleu-1: 36.30, bleu-2: 14.82, bleu-3: 6.38
1-23314951-4.html.csv
table: 1-23314951-4.html.csv, bleu-1: 36.04, bleu-2: 14.65, bleu-3: 6.31
2-10788451-14.html.csv
table: 2-10788451-14.html.csv, bleu-1: 36.11, bleu-2: 14.65, bleu-3: 6.33
2-11128774-10.html.csv
table: 2-11128774-10.html.csv, bleu-1: 36.15, bleu-2: 14.72, bleu-3: 6.33
2-11964047-6.html.csv
table: 2-11964047-6.html.csv, bleu-1: 36.18, bleu-2: 14.86, bleu-3: 6.54
2-17505751-2.html.csv
table: 2-17505751-2.html.csv, bleu-1: 36.22, bleu-2: 14.96, bleu-3: 6.66
2-10776330-15.html.csv
table: 2-10776330-15.html.csv, bleu-1: 36.71, bleu-2: 15.61, bleu-3: 7.31
2-12392766-3.html.csv
table: 2-12392766-3.html.csv, bleu-1: 36.57, bleu-2: 15.54, bleu-3: 7.23
2-1710991-1.html.csv
table: 2-1710991-1.html.csv, bleu-1: 36.54, bleu-2: 15.47, bleu-3: 7.16
2-1140095-1.html.csv
table: 2-1140095-1.html.csv, bleu-1: 36.43, bleu-2: 15.43, bleu-3: 7.12
2-17471066-1.html.csv
table: 2-17471066-1.html.csv, bleu-1: 36.27, bleu-2: 15.31, bleu-3: 7.05
2-1123180-2.html.csv
table: 2-1123180-2.html.csv, bleu-1: 36.18, bleu-2: 15.30, bleu-3: 6.98
2-16712803-2.html.csv
table: 2-16712803-2.html.csv, bleu-1: 36.34, bleu-2: 15.49, bleu-3: 7.17
2-1746765-1.html.csv
table: 2-1746765-1.html.csv, bleu-1: 36.40, bleu-2: 15.62, bleu-3: 7.30
2-15198842-20.html.csv
table: 2-15198842-20.html.csv, bleu-1: 36.49, bleu-2: 15.66, bleu-3: 7.23
1-2419754-1.html.csv
table: 1-2419754-1.html.csv, bleu-1: 36.59, bleu-2: 15.77, bleu-3: 7.28
2-11545282-1.html.csv
table: 2-11545282-1.html.csv, bleu-1: 36.72, bleu-2: 15.98, bleu-3: 7.49
2-17746881-1.html.csv
table: 2-17746881-1.html.csv, bleu-1: 36.84, bleu-2: 15.86, bleu-3: 7.42
2-11636955-27.html.csv
table: 2-11636955-27.html.csv, bleu-1: 36.58, bleu-2: 15.71, bleu-3: 7.35
2-17928444-1.html.csv
table: 2-17928444-1.html.csv, bleu-1: 36.57, bleu-2: 15.69, bleu-3: 7.35
2-11452712-1.html.csv
table: 2-11452712-1.html.csv, bleu-1: 36.75, bleu-2: 15.91, bleu-3: 7.55
2-15887683-4.html.csv
table: 2-15887683-4.html.csv, bleu-1: 36.62, bleu-2: 15.89, bleu-3: 7.48
2-16218498-1.html.csv
table: 2-16218498-1.html.csv, bleu-1: 36.67, bleu-2: 15.93, bleu-3: 7.42
2-1140105-6.html.csv
table: 2-1140105-6.html.csv, bleu-1: 36.81, bleu-2: 16.16, bleu-3: 7.66
2-17355716-9.html.csv
table: 2-17355716-9.html.csv, bleu-1: 37.04, bleu-2: 16.37, bleu-3: 7.85
1-23157997-13.html.csv
table: 1-23157997-13.html.csv, bleu-1: 36.97, bleu-2: 16.37, bleu-3: 7.78
2-11916083-27.html.csv
table: 2-11916083-27.html.csv, bleu-1: 36.89, bleu-2: 16.28, bleu-3: 7.71
2-1122338-1.html.csv
table: 2-1122338-1.html.csv, bleu-1: 36.83, bleu-2: 16.17, bleu-3: 7.65
2-1236238-1.html.csv
table: 2-1236238-1.html.csv, bleu-1: 37.00, bleu-2: 16.34, bleu-3: 7.81
1-27756014-5.html.csv
table: 1-27756014-5.html.csv, bleu-1: 37.03, bleu-2: 16.35, bleu-3: 7.74
2-1621212-1.html.csv
table: 2-1621212-1.html.csv, bleu-1: 36.99, bleu-2: 16.24, bleu-3: 7.68
2-10807990-7.html.csv
table: 2-10807990-7.html.csv, bleu-1: 37.22, bleu-2: 16.52, bleu-3: 7.91
2-18912995-9.html.csv
table: 2-18912995-9.html.csv, bleu-1: 37.18, bleu-2: 16.42, bleu-3: 7.87
2-18198579-6.html.csv
table: 2-18198579-6.html.csv, bleu-1: 36.93, bleu-2: 16.28, bleu-3: 7.81
2-14604250-1.html.csv
table: 2-14604250-1.html.csv, bleu-1: 37.04, bleu-2: 16.40, bleu-3: 7.82
2-14347546-17.html.csv
table: 2-14347546-17.html.csv, bleu-1: 37.02, bleu-2: 16.42, bleu-3: 7.76
2-1213811-1.html.csv
table: 2-1213811-1.html.csv, bleu-1: 37.05, bleu-2: 16.28, bleu-3: 7.70
2-15211468-5.html.csv
table: 2-15211468-5.html.csv, bleu-1: 36.95, bleu-2: 16.15, bleu-3: 7.63
2-10826385-9.html.csv
table: 2-10826385-9.html.csv, bleu-1: 36.97, bleu-2: 16.14, bleu-3: 7.66
2-11522060-6.html.csv
table: 2-11522060-6.html.csv, bleu-1: 36.94, bleu-2: 16.17, bleu-3: 7.60
2-16073541-1.html.csv
table: 2-16073541-1.html.csv, bleu-1: 36.94, bleu-2: 16.12, bleu-3: 7.60
2-187504-13.html.csv
table: 2-187504-13.html.csv, bleu-1: 37.07, bleu-2: 16.21, bleu-3: 7.57
1-23248940-9.html.csv
table: 1-23248940-9.html.csv, bleu-1: 37.23, bleu-2: 16.33, bleu-3: 7.68
2-12251219-2.html.csv
table: 2-12251219-2.html.csv, bleu-1: 37.17, bleu-2: 16.32, bleu-3: 7.71
2-15089329-1.html.csv
table: 2-15089329-1.html.csv, bleu-1: 37.22, bleu-2: 16.32, bleu-3: 7.73
2-10788451-2.html.csv
table: 2-10788451-2.html.csv, bleu-1: 37.33, bleu-2: 16.45, bleu-3: 7.83
2-16351707-18.html.csv
table: 2-16351707-18.html.csv, bleu-1: 37.28, bleu-2: 16.35, bleu-3: 7.77
2-15526447-1.html.csv
table: 2-15526447-1.html.csv, bleu-1: 37.16, bleu-2: 16.23, bleu-3: 7.71
2-11677691-4.html.csv
table: 2-11677691-4.html.csv, bleu-1: 37.04, bleu-2: 16.13, bleu-3: 7.65
2-12030247-8.html.csv
table: 2-12030247-8.html.csv, bleu-1: 37.20, bleu-2: 16.37, bleu-3: 7.88
2-11936264-2.html.csv
table: 2-11936264-2.html.csv, bleu-1: 37.28, bleu-2: 16.38, bleu-3: 7.89
1-2602958-5.html.csv
table: 1-2602958-5.html.csv, bleu-1: 37.23, bleu-2: 16.32, bleu-3: 7.86
2-1233146-1.html.csv
table: 2-1233146-1.html.csv, bleu-1: 37.06, bleu-2: 16.21, bleu-3: 7.80
2-11105214-2.html.csv
table: 2-11105214-2.html.csv, bleu-1: 37.05, bleu-2: 16.16, bleu-3: 7.75
2-16400024-2.html.csv
table: 2-16400024-2.html.csv, bleu-1: 37.06, bleu-2: 16.14, bleu-3: 7.69
1-25997153-1.html.csv
table: 1-25997153-1.html.csv, bleu-1: 37.11, bleu-2: 16.11, bleu-3: 7.64
2-18855244-2.html.csv
table: 2-18855244-2.html.csv, bleu-1: 37.11, bleu-2: 16.14, bleu-3: 7.59
2-14076898-4.html.csv
table: 2-14076898-4.html.csv, bleu-1: 37.17, bleu-2: 16.09, bleu-3: 7.54
1-27484208-1.html.csv
table: 1-27484208-1.html.csv, bleu-1: 37.12, bleu-2: 16.00, bleu-3: 7.49
2-16045118-20.html.csv
table: 2-16045118-20.html.csv, bleu-1: 37.15, bleu-2: 16.00, bleu-3: 7.47
2-18048776-7.html.csv
table: 2-18048776-7.html.csv, bleu-1: 37.23, bleu-2: 16.04, bleu-3: 7.54
2-18890652-1.html.csv
table: 2-18890652-1.html.csv, bleu-1: 37.09, bleu-2: 15.95, bleu-3: 7.48
2-14148130-1.html.csv
table: 2-14148130-1.html.csv, bleu-1: 37.18, bleu-2: 15.90, bleu-3: 7.43
2-1262592-1.html.csv
table: 2-1262592-1.html.csv, bleu-1: 37.10, bleu-2: 15.82, bleu-3: 7.38
2-10234157-2.html.csv
table: 2-10234157-2.html.csv, bleu-1: 36.97, bleu-2: 15.71, bleu-3: 7.33
2-1129026-1.html.csv
table: 2-1129026-1.html.csv, bleu-1: 36.95, bleu-2: 15.73, bleu-3: 7.29
2-18726561-4.html.csv
table: 2-18726561-4.html.csv, bleu-1: 36.94, bleu-2: 15.73, bleu-3: 7.24
2-11344569-3.html.csv
table: 2-11344569-3.html.csv, bleu-1: 37.22, bleu-2: 16.11, bleu-3: 7.60
2-12523044-5.html.csv
table: 2-12523044-5.html.csv, bleu-1: 37.25, bleu-2: 16.19, bleu-3: 7.69
2-10883333-10.html.csv
table: 2-10883333-10.html.csv, bleu-1: 37.32, bleu-2: 16.24, bleu-3: 7.77
2-1226566-2.html.csv
table: 2-1226566-2.html.csv, bleu-1: 37.21, bleu-2: 16.15, bleu-3: 7.72
2-10783853-3.html.csv
table: 2-10783853-3.html.csv, bleu-1: 37.24, bleu-2: 16.20, bleu-3: 7.73
2-1715880-3.html.csv
table: 2-1715880-3.html.csv, bleu-1: 37.04, bleu-2: 16.09, bleu-3: 7.68
2-1222904-1.html.csv
table: 2-1222904-1.html.csv, bleu-1: 36.89, bleu-2: 16.01, bleu-3: 7.64
2-12167074-1.html.csv
table: 2-12167074-1.html.csv, bleu-1: 36.80, bleu-2: 15.95, bleu-3: 7.59
2-13041602-7.html.csv
table: 2-13041602-7.html.csv, bleu-1: 36.83, bleu-2: 15.98, bleu-3: 7.64
2-1137700-3.html.csv
table: 2-1137700-3.html.csv, bleu-1: 36.86, bleu-2: 16.06, bleu-3: 7.73
2-10826385-8.html.csv
table: 2-10826385-8.html.csv, bleu-1: 36.93, bleu-2: 16.18, bleu-3: 7.83
1-25887826-17.html.csv
table: 1-25887826-17.html.csv, bleu-1: 36.78, bleu-2: 16.08, bleu-3: 7.78
2-14272086-7.html.csv
table: 2-14272086-7.html.csv, bleu-1: 36.87, bleu-2: 16.20, bleu-3: 7.90
2-17455843-3.html.csv
table: 2-17455843-3.html.csv, bleu-1: 36.82, bleu-2: 16.19, bleu-3: 7.88
2-1543453-1.html.csv
table: 2-1543453-1.html.csv, bleu-1: 36.81, bleu-2: 16.11, bleu-3: 7.83
2-18732289-1.html.csv
table: 2-18732289-1.html.csv, bleu-1: 36.77, bleu-2: 16.04, bleu-3: 7.78
2-18153721-5.html.csv
table: 2-18153721-5.html.csv, bleu-1: 36.61, bleu-2: 15.94, bleu-3: 7.74
2-10918196-1.html.csv
table: 2-10918196-1.html.csv, bleu-1: 36.71, bleu-2: 16.08, bleu-3: 7.86
2-1689029-2.html.csv
table: 2-1689029-2.html.csv, bleu-1: 36.65, bleu-2: 16.05, bleu-3: 7.82
2-12962773-9.html.csv
table: 2-12962773-9.html.csv, bleu-1: 36.66, bleu-2: 16.03, bleu-3: 7.79
2-1204658-16.html.csv
table: 2-1204658-16.html.csv, bleu-1: 36.66, bleu-2: 16.05, bleu-3: 7.82
2-18789626-2.html.csv
table: 2-18789626-2.html.csv, bleu-1: 36.58, bleu-2: 16.01, bleu-3: 7.80
2-1131463-1.html.csv
table: 2-1131463-1.html.csv, bleu-1: 36.51, bleu-2: 15.99, bleu-3: 7.75
2-16783017-5.html.csv
table: 2-16783017-5.html.csv, bleu-1: 36.39, bleu-2: 15.90, bleu-3: 7.71
2-1140114-1.html.csv
table: 2-1140114-1.html.csv, bleu-1: 36.31, bleu-2: 15.88, bleu-3: 7.71
2-1226338-2.html.csv
table: 2-1226338-2.html.csv, bleu-1: 36.37, bleu-2: 15.88, bleu-3: 7.67
2-15427957-1.html.csv
table: 2-15427957-1.html.csv, bleu-1: 36.31, bleu-2: 15.79, bleu-3: 7.63
2-11309680-2.html.csv
table: 2-11309680-2.html.csv, bleu-1: 36.37, bleu-2: 15.84, bleu-3: 7.61
2-16512496-2.html.csv
table: 2-16512496-2.html.csv, bleu-1: 36.62, bleu-2: 16.13, bleu-3: 7.89
2-1517891-1.html.csv
table: 2-1517891-1.html.csv, bleu-1: 36.63, bleu-2: 16.13, bleu-3: 7.85
2-12207158-4.html.csv
table: 2-12207158-4.html.csv, bleu-1: 36.83, bleu-2: 16.33, bleu-3: 8.06
2-16593799-8.html.csv
table: 2-16593799-8.html.csv, bleu-1: 36.90, bleu-2: 16.36, bleu-3: 8.01
2-17924362-1.html.csv
table: 2-17924362-1.html.csv, bleu-1: 36.93, bleu-2: 16.31, bleu-3: 7.97
2-1122440-5.html.csv
table: 2-1122440-5.html.csv, bleu-1: 36.86, bleu-2: 16.23, bleu-3: 7.93
2-1097299-1.html.csv
table: 2-1097299-1.html.csv, bleu-1: 36.84, bleu-2: 16.14, bleu-3: 7.88
1-2933761-1.html.csv
table: 1-2933761-1.html.csv, bleu-1: 36.82, bleu-2: 16.05, bleu-3: 7.83
2-11566142-1.html.csv
table: 2-11566142-1.html.csv, bleu-1: 36.74, bleu-2: 15.99, bleu-3: 7.79
2-17760670-5.html.csv
table: 2-17760670-5.html.csv, bleu-1: 36.82, bleu-2: 16.11, bleu-3: 7.91
2-17311797-7.html.csv
table: 2-17311797-7.html.csv, bleu-1: 36.90, bleu-2: 16.24, bleu-3: 8.02
2-13041602-6.html.csv
table: 2-13041602-6.html.csv, bleu-1: 36.97, bleu-2: 16.33, bleu-3: 8.10
2-149693-1.html.csv
table: 2-149693-1.html.csv, bleu-1: 36.86, bleu-2: 16.26, bleu-3: 8.06
2-14752049-4.html.csv
table: 2-14752049-4.html.csv, bleu-1: 36.82, bleu-2: 16.26, bleu-3: 8.02
2-11963735-4.html.csv
table: 2-11963735-4.html.csv, bleu-1: 36.85, bleu-2: 16.31, bleu-3: 8.05
2-11630008-8.html.csv
table: 2-11630008-8.html.csv, bleu-1: 36.80, bleu-2: 16.28, bleu-3: 8.01
2-17311812-7.html.csv
table: 2-17311812-7.html.csv, bleu-1: 36.78, bleu-2: 16.20, bleu-3: 7.97
2-1179778-1.html.csv
table: 2-1179778-1.html.csv, bleu-1: 36.78, bleu-2: 16.19, bleu-3: 7.93
2-12535990-1.html.csv
table: 2-12535990-1.html.csv, bleu-1: 36.86, bleu-2: 16.30, bleu-3: 8.05
2-15194193-3.html.csv
table: 2-15194193-3.html.csv, bleu-1: 36.85, bleu-2: 16.26, bleu-3: 8.01
2-18598581-2.html.csv
table: 2-18598581-2.html.csv, bleu-1: 36.83, bleu-2: 16.25, bleu-3: 8.01
2-17455843-2.html.csv
table: 2-17455843-2.html.csv, bleu-1: 36.85, bleu-2: 16.31, bleu-3: 8.07
1-28059992-1.html.csv
table: 1-28059992-1.html.csv, bleu-1: 36.76, bleu-2: 16.26, bleu-3: 8.03
2-14175075-5.html.csv
table: 2-14175075-5.html.csv, bleu-1: 36.66, bleu-2: 16.21, bleu-3: 7.99
2-12206689-4.html.csv
table: 2-12206689-4.html.csv, bleu-1: 36.72, bleu-2: 16.27, bleu-3: 8.02
2-16212245-1.html.csv
table: 2-16212245-1.html.csv, bleu-1: 36.66, bleu-2: 16.24, bleu-3: 7.98
2-15558076-1.html.csv
table: 2-15558076-1.html.csv, bleu-1: 36.67, bleu-2: 16.28, bleu-3: 8.01
1-25030512-41.html.csv
table: 1-25030512-41.html.csv, bleu-1: 36.64, bleu-2: 16.22, bleu-3: 7.97
2-15177130-1.html.csv
table: 2-15177130-1.html.csv, bleu-1: 36.61, bleu-2: 16.23, bleu-3: 7.96
2-15389424-1.html.csv
table: 2-15389424-1.html.csv, bleu-1: 36.61, bleu-2: 16.24, bleu-3: 7.92
2-1520559-1.html.csv
table: 2-1520559-1.html.csv, bleu-1: 36.69, bleu-2: 16.33, bleu-3: 7.99
2-1123236-2.html.csv
table: 2-1123236-2.html.csv, bleu-1: 36.75, bleu-2: 16.37, bleu-3: 7.95
1-2649597-1.html.csv
table: 1-2649597-1.html.csv, bleu-1: 36.77, bleu-2: 16.41, bleu-3: 7.98
2-18122130-2.html.csv
table: 2-18122130-2.html.csv, bleu-1: 36.70, bleu-2: 16.37, bleu-3: 7.97
2-10826072-12.html.csv
table: 2-10826072-12.html.csv, bleu-1: 36.68, bleu-2: 16.33, bleu-3: 7.96
2-15621965-11.html.csv
table: 2-15621965-11.html.csv, bleu-1: 36.63, bleu-2: 16.26, bleu-3: 7.92
2-18662026-3.html.csv
table: 2-18662026-3.html.csv, bleu-1: 36.68, bleu-2: 16.29, bleu-3: 7.89
2-17684663-3.html.csv
table: 2-17684663-3.html.csv, bleu-1: 36.65, bleu-2: 16.32, bleu-3: 7.95
2-11737744-5.html.csv
table: 2-11737744-5.html.csv, bleu-1: 36.73, bleu-2: 16.40, bleu-3: 7.95
2-11867642-3.html.csv
table: 2-11867642-3.html.csv, bleu-1: 36.64, bleu-2: 16.32, bleu-3: 7.91
2-12792876-1.html.csv
table: 2-12792876-1.html.csv, bleu-1: 36.75, bleu-2: 16.44, bleu-3: 8.01
2-15957062-7.html.csv
table: 2-15957062-7.html.csv, bleu-1: 36.69, bleu-2: 16.44, bleu-3: 7.98
2-17337904-12.html.csv
table: 2-17337904-12.html.csv, bleu-1: 36.65, bleu-2: 16.44, bleu-3: 7.94
1-27722734-12.html.csv
table: 1-27722734-12.html.csv, bleu-1: 36.66, bleu-2: 16.43, bleu-3: 7.94
2-10521952-3.html.csv
table: 2-10521952-3.html.csv, bleu-1: 36.58, bleu-2: 16.38, bleu-3: 7.91
2-18178608-9.html.csv
table: 2-18178608-9.html.csv, bleu-1: 36.56, bleu-2: 16.32, bleu-3: 7.87
1-25847911-1.html.csv
table: 1-25847911-1.html.csv, bleu-1: 36.52, bleu-2: 16.25, bleu-3: 7.84
2-15038728-5.html.csv
table: 2-15038728-5.html.csv, bleu-1: 36.43, bleu-2: 16.18, bleu-3: 7.81
2-14924851-1.html.csv
table: 2-14924851-1.html.csv, bleu-1: 36.41, bleu-2: 16.17, bleu-3: 7.81
2-1722194-5.html.csv
table: 2-1722194-5.html.csv, bleu-1: 36.37, bleu-2: 16.12, bleu-3: 7.78
1-28138035-20.html.csv
table: 1-28138035-20.html.csv, bleu-1: 36.39, bleu-2: 16.16, bleu-3: 7.76
2-160994-4.html.csv
table: 2-160994-4.html.csv, bleu-1: 36.41, bleu-2: 16.20, bleu-3: 7.83
2-174663-2.html.csv
table: 2-174663-2.html.csv, bleu-1: 36.32, bleu-2: 16.13, bleu-3: 7.80
2-17290101-4.html.csv
table: 2-17290101-4.html.csv, bleu-1: 36.30, bleu-2: 16.12, bleu-3: 7.82
2-1027162-1.html.csv
table: 2-1027162-1.html.csv, bleu-1: 36.30, bleu-2: 16.12, bleu-3: 7.78
2-10826072-21.html.csv
table: 2-10826072-21.html.csv, bleu-1: 36.36, bleu-2: 16.16, bleu-3: 7.82
2-10790397-10.html.csv
table: 2-10790397-10.html.csv, bleu-1: 36.36, bleu-2: 16.13, bleu-3: 7.79
2-161972-5.html.csv
table: 2-161972-5.html.csv, bleu-1: 36.43, bleu-2: 16.24, bleu-3: 7.86
2-1846235-1.html.csv
table: 2-1846235-1.html.csv, bleu-1: 36.40, bleu-2: 16.22, bleu-3: 7.84
2-1050189-1.html.csv
table: 2-1050189-1.html.csv, bleu-1: 36.39, bleu-2: 16.23, bleu-3: 7.83
2-18762971-2.html.csv
table: 2-18762971-2.html.csv, bleu-1: 36.39, bleu-2: 16.21, bleu-3: 7.82
2-1114755-1.html.csv
table: 2-1114755-1.html.csv, bleu-1: 36.37, bleu-2: 16.16, bleu-3: 7.79
2-18985137-1.html.csv
table: 2-18985137-1.html.csv, bleu-1: 36.27, bleu-2: 16.11, bleu-3: 7.76
2-15029747-1.html.csv
table: 2-15029747-1.html.csv, bleu-1: 36.25, bleu-2: 16.09, bleu-3: 7.75
2-14670286-4.html.csv
table: 2-14670286-4.html.csv, bleu-1: 36.12, bleu-2: 16.03, bleu-3: 7.72
2-15008664-2.html.csv
table: 2-15008664-2.html.csv, bleu-1: 36.15, bleu-2: 16.03, bleu-3: 7.68
1-24560733-1.html.csv
table: 1-24560733-1.html.csv, bleu-1: 36.18, bleu-2: 15.99, bleu-3: 7.65
2-1507431-4.html.csv
table: 2-1507431-4.html.csv, bleu-1: 36.27, bleu-2: 16.07, bleu-3: 7.69
2-11713403-3.html.csv
table: 2-11713403-3.html.csv, bleu-1: 36.29, bleu-2: 16.09, bleu-3: 7.66
2-12261872-2.html.csv
table: 2-12261872-2.html.csv, bleu-1: 36.25, bleu-2: 16.06, bleu-3: 7.66
2-17371135-8.html.csv
table: 2-17371135-8.html.csv, bleu-1: 36.26, bleu-2: 16.10, bleu-3: 7.66
2-18648572-1.html.csv
table: 2-18648572-1.html.csv, bleu-1: 36.29, bleu-2: 16.15, bleu-3: 7.69
2-17064421-1.html.csv
table: 2-17064421-1.html.csv, bleu-1: 36.24, bleu-2: 16.11, bleu-3: 7.68
2-15869204-4.html.csv
table: 2-15869204-4.html.csv, bleu-1: 36.28, bleu-2: 16.09, bleu-3: 7.65
2-18499677-12.html.csv
table: 2-18499677-12.html.csv, bleu-1: 36.21, bleu-2: 16.03, bleu-3: 7.62
2-18025901-1.html.csv
table: 2-18025901-1.html.csv, bleu-1: 36.15, bleu-2: 16.00, bleu-3: 7.59
2-14971788-1.html.csv
table: 2-14971788-1.html.csv, bleu-1: 36.23, bleu-2: 16.04, bleu-3: 7.61
2-17626681-10.html.csv
table: 2-17626681-10.html.csv, bleu-1: 36.19, bleu-2: 16.03, bleu-3: 7.59
2-15753390-1.html.csv
table: 2-15753390-1.html.csv, bleu-1: 36.13, bleu-2: 16.01, bleu-3: 7.56
2-153162-1.html.csv
table: 2-153162-1.html.csv, bleu-1: 36.13, bleu-2: 15.97, bleu-3: 7.54
2-16740136-1.html.csv
table: 2-16740136-1.html.csv, bleu-1: 36.02, bleu-2: 15.93, bleu-3: 7.51
2-1122039-1.html.csv
table: 2-1122039-1.html.csv, bleu-1: 36.04, bleu-2: 15.96, bleu-3: 7.49
2-14844461-2.html.csv
table: 2-14844461-2.html.csv, bleu-1: 36.05, bleu-2: 15.99, bleu-3: 7.46
2-1805191-33.html.csv
table: 2-1805191-33.html.csv, bleu-1: 36.01, bleu-2: 16.00, bleu-3: 7.50
1-24584486-1.html.csv
table: 1-24584486-1.html.csv, bleu-1: 35.94, bleu-2: 15.97, bleu-3: 7.47
2-10750694-19.html.csv
table: 2-10750694-19.html.csv, bleu-1: 36.03, bleu-2: 16.04, bleu-3: 7.47
2-15378820-1.html.csv
table: 2-15378820-1.html.csv, bleu-1: 36.08, bleu-2: 16.07, bleu-3: 7.44
2-10789881-10.html.csv
table: 2-10789881-10.html.csv, bleu-1: 36.17, bleu-2: 16.09, bleu-3: 7.47
1-23886181-1.html.csv
table: 1-23886181-1.html.csv, bleu-1: 36.09, bleu-2: 16.04, bleu-3: 7.44
2-15845253-1.html.csv
table: 2-15845253-1.html.csv, bleu-1: 36.10, bleu-2: 16.06, bleu-3: 7.40
2-14344570-5.html.csv
table: 2-14344570-5.html.csv, bleu-1: 36.18, bleu-2: 16.12, bleu-3: 7.46
2-16142610-11.html.csv
table: 2-16142610-11.html.csv, bleu-1: 36.20, bleu-2: 16.15, bleu-3: 7.43
2-17325580-10.html.csv
table: 2-17325580-10.html.csv, bleu-1: 36.26, bleu-2: 16.16, bleu-3: 7.40
2-12614827-2.html.csv
table: 2-12614827-2.html.csv, bleu-1: 36.25, bleu-2: 16.14, bleu-3: 7.38
2-12509095-16.html.csv
table: 2-12509095-16.html.csv, bleu-1: 36.26, bleu-2: 16.16, bleu-3: 7.41
2-15387537-1.html.csv
table: 2-15387537-1.html.csv, bleu-1: 36.23, bleu-2: 16.14, bleu-3: 7.42
2-14320222-6.html.csv
table: 2-14320222-6.html.csv, bleu-1: 36.27, bleu-2: 16.14, bleu-3: 7.39
2-1169552-16.html.csv
table: 2-1169552-16.html.csv, bleu-1: 36.22, bleu-2: 16.08, bleu-3: 7.36
2-10784349-18.html.csv
table: 2-10784349-18.html.csv, bleu-1: 36.22, bleu-2: 16.13, bleu-3: 7.38
2-10310098-2.html.csv
table: 2-10310098-2.html.csv, bleu-1: 36.15, bleu-2: 16.08, bleu-3: 7.36
2-1615980-8.html.csv
table: 2-1615980-8.html.csv, bleu-1: 36.21, bleu-2: 16.13, bleu-3: 7.35
2-12450336-19.html.csv
table: 2-12450336-19.html.csv, bleu-1: 36.27, bleu-2: 16.17, bleu-3: 7.41
2-10647639-1.html.csv
table: 2-10647639-1.html.csv, bleu-1: 36.37, bleu-2: 16.28, bleu-3: 7.51
2-1290024-8.html.csv
table: 2-1290024-8.html.csv, bleu-1: 36.37, bleu-2: 16.28, bleu-3: 7.53
2-1706942-1.html.csv
table: 2-1706942-1.html.csv, bleu-1: 36.34, bleu-2: 16.23, bleu-3: 7.50
2-1140522-3.html.csv
table: 2-1140522-3.html.csv, bleu-1: 36.41, bleu-2: 16.22, bleu-3: 7.48
1-28498999-6.html.csv
table: 1-28498999-6.html.csv, bleu-1: 36.41, bleu-2: 16.20, bleu-3: 7.45
2-17832085-4.html.csv
table: 2-17832085-4.html.csv, bleu-1: 36.43, bleu-2: 16.18, bleu-3: 7.44
1-29294042-48.html.csv
table: 1-29294042-48.html.csv, bleu-1: 36.36, bleu-2: 16.12, bleu-3: 7.41
2-14959598-9.html.csv
table: 2-14959598-9.html.csv, bleu-1: 36.45, bleu-2: 16.22, bleu-3: 7.52
2-15524351-5.html.csv
table: 2-15524351-5.html.csv, bleu-1: 36.53, bleu-2: 16.31, bleu-3: 7.59
2-10220460-2.html.csv
table: 2-10220460-2.html.csv, bleu-1: 36.52, bleu-2: 16.29, bleu-3: 7.57
2-15647838-3.html.csv
table: 2-15647838-3.html.csv, bleu-1: 36.59, bleu-2: 16.31, bleu-3: 7.56
2-10774891-18.html.csv
table: 2-10774891-18.html.csv, bleu-1: 36.55, bleu-2: 16.26, bleu-3: 7.53
1-2503102-2.html.csv
table: 1-2503102-2.html.csv, bleu-1: 36.56, bleu-2: 16.22, bleu-3: 7.51
2-14369924-1.html.csv
table: 2-14369924-1.html.csv, bleu-1: 36.52, bleu-2: 16.21, bleu-3: 7.48
2-15663132-1.html.csv
table: 2-15663132-1.html.csv, bleu-1: 36.43, bleu-2: 16.16, bleu-3: 7.46
2-1825661-2.html.csv
table: 2-1825661-2.html.csv, bleu-1: 36.48, bleu-2: 16.18, bleu-3: 7.49
2-12207528-5.html.csv
table: 2-12207528-5.html.csv, bleu-1: 36.54, bleu-2: 16.26, bleu-3: 7.57
2-14662246-5.html.csv
table: 2-14662246-5.html.csv, bleu-1: 36.62, bleu-2: 16.35, bleu-3: 7.64
2-14244631-6.html.csv
table: 2-14244631-6.html.csv, bleu-1: 36.56, bleu-2: 16.30, bleu-3: 7.62
2-1269400-1.html.csv
table: 2-1269400-1.html.csv, bleu-1: 36.52, bleu-2: 16.28, bleu-3: 7.61
1-24910733-1.html.csv
table: 1-24910733-1.html.csv, bleu-1: 36.55, bleu-2: 16.31, bleu-3: 7.61
2-167235-4.html.csv
table: 2-167235-4.html.csv, bleu-1: 36.53, bleu-2: 16.32, bleu-3: 7.60
2-14057447-9.html.csv
table: 2-14057447-9.html.csv, bleu-1: 36.56, bleu-2: 16.30, bleu-3: 7.60
2-12794433-3.html.csv
table: 2-12794433-3.html.csv, bleu-1: 36.55, bleu-2: 16.24, bleu-3: 7.58
2-1226503-1.html.csv
table: 2-1226503-1.html.csv, bleu-1: 36.55, bleu-2: 16.25, bleu-3: 7.56
2-10361861-2.html.csv
table: 2-10361861-2.html.csv, bleu-1: 36.62, bleu-2: 16.19, bleu-3: 7.54
2-16326318-1.html.csv
table: 2-16326318-1.html.csv, bleu-1: 36.56, bleu-2: 16.14, bleu-3: 7.51
2-10773616-16.html.csv
table: 2-10773616-16.html.csv, bleu-1: 36.66, bleu-2: 16.24, bleu-3: 7.58
2-13913673-2.html.csv
table: 2-13913673-2.html.csv, bleu-1: 36.63, bleu-2: 16.22, bleu-3: 7.56
2-1114709-2.html.csv
table: 2-1114709-2.html.csv, bleu-1: 36.60, bleu-2: 16.18, bleu-3: 7.53
2-1363705-1.html.csv
table: 2-1363705-1.html.csv, bleu-1: 36.58, bleu-2: 16.17, bleu-3: 7.52
2-14583258-3.html.csv
table: 2-14583258-3.html.csv, bleu-1: 36.55, bleu-2: 16.16, bleu-3: 7.51
2-16590486-3.html.csv
table: 2-16590486-3.html.csv, bleu-1: 36.47, bleu-2: 16.13, bleu-3: 7.49
2-11873099-17.html.csv
table: 2-11873099-17.html.csv, bleu-1: 36.43, bleu-2: 16.10, bleu-3: 7.46
2-1100124-1.html.csv
table: 2-1100124-1.html.csv, bleu-1: 36.50, bleu-2: 16.14, bleu-3: 7.47
2-1503551-1.html.csv
table: 2-1503551-1.html.csv, bleu-1: 36.49, bleu-2: 16.13, bleu-3: 7.46
2-1145226-5.html.csv
table: 2-1145226-5.html.csv, bleu-1: 36.46, bleu-2: 16.10, bleu-3: 7.45
2-17162268-2.html.csv
table: 2-17162268-2.html.csv, bleu-1: 36.44, bleu-2: 16.14, bleu-3: 7.50
2-17786294-1.html.csv
table: 2-17786294-1.html.csv, bleu-1: 36.44, bleu-2: 16.16, bleu-3: 7.52
2-157294-1.html.csv
table: 2-157294-1.html.csv, bleu-1: 36.44, bleu-2: 16.16, bleu-3: 7.49
2-11048203-1.html.csv
table: 2-11048203-1.html.csv, bleu-1: 36.42, bleu-2: 16.14, bleu-3: 7.49
2-17324893-3.html.csv
table: 2-17324893-3.html.csv, bleu-1: 36.41, bleu-2: 16.10, bleu-3: 7.47
2-1122654-1.html.csv
table: 2-1122654-1.html.csv, bleu-1: 36.39, bleu-2: 16.08, bleu-3: 7.45
2-18017936-2.html.csv
table: 2-18017936-2.html.csv, bleu-1: 36.34, bleu-2: 16.05, bleu-3: 7.42
2-1520959-1.html.csv
table: 2-1520959-1.html.csv, bleu-1: 36.36, bleu-2: 16.02, bleu-3: 7.41
1-23297-3.html.csv
table: 1-23297-3.html.csv, bleu-1: 36.30, bleu-2: 15.97, bleu-3: 7.39
1-23285849-5.html.csv
table: 1-23285849-5.html.csv, bleu-1: 36.35, bleu-2: 16.00, bleu-3: 7.37
2-14123212-1.html.csv
table: 2-14123212-1.html.csv, bleu-1: 36.31, bleu-2: 15.97, bleu-3: 7.34
2-17637041-2.html.csv
table: 2-17637041-2.html.csv, bleu-1: 36.27, bleu-2: 15.92, bleu-3: 7.32
2-13949437-2.html.csv
table: 2-13949437-2.html.csv, bleu-1: 36.27, bleu-2: 15.93, bleu-3: 7.33
2-1235883-1.html.csv
table: 2-1235883-1.html.csv, bleu-1: 36.21, bleu-2: 15.88, bleu-3: 7.31
2-17944591-1.html.csv
table: 2-17944591-1.html.csv, bleu-1: 36.18, bleu-2: 15.83, bleu-3: 7.29
2-18169845-1.html.csv
table: 2-18169845-1.html.csv, bleu-1: 36.12, bleu-2: 15.80, bleu-3: 7.27
2-15179545-1.html.csv
table: 2-15179545-1.html.csv, bleu-1: 36.14, bleu-2: 15.82, bleu-3: 7.26
2-10660136-4.html.csv
table: 2-10660136-4.html.csv, bleu-1: 36.14, bleu-2: 15.80, bleu-3: 7.24
2-18813729-2.html.csv
table: 2-18813729-2.html.csv, bleu-1: 36.13, bleu-2: 15.79, bleu-3: 7.22
2-12446715-4.html.csv
table: 2-12446715-4.html.csv, bleu-1: 36.07, bleu-2: 15.76, bleu-3: 7.21
2-180342-8.html.csv
table: 2-180342-8.html.csv, bleu-1: 36.13, bleu-2: 15.81, bleu-3: 7.26
2-12209065-5.html.csv
table: 2-12209065-5.html.csv, bleu-1: 36.16, bleu-2: 15.81, bleu-3: 7.24
1-2540803-2.html.csv
table: 1-2540803-2.html.csv, bleu-1: 36.20, bleu-2: 15.86, bleu-3: 7.22
2-10167122-1.html.csv
table: 2-10167122-1.html.csv, bleu-1: 36.23, bleu-2: 15.84, bleu-3: 7.20
2-17140608-10.html.csv
table: 2-17140608-10.html.csv, bleu-1: 36.23, bleu-2: 15.85, bleu-3: 7.21
2-11677760-10.html.csv
table: 2-11677760-10.html.csv, bleu-1: 36.20, bleu-2: 15.85, bleu-3: 7.21
2-10669284-1.html.csv
table: 2-10669284-1.html.csv, bleu-1: 36.18, bleu-2: 15.80, bleu-3: 7.19
2-17100961-62.html.csv
table: 2-17100961-62.html.csv, bleu-1: 36.19, bleu-2: 15.80, bleu-3: 7.17
1-2850912-3.html.csv
table: 1-2850912-3.html.csv, bleu-1: 36.15, bleu-2: 15.78, bleu-3: 7.16
2-17467244-2.html.csv
table: 2-17467244-2.html.csv, bleu-1: 36.18, bleu-2: 15.81, bleu-3: 7.17
2-10637415-3.html.csv
table: 2-10637415-3.html.csv, bleu-1: 36.18, bleu-2: 15.81, bleu-3: 7.17
2-18700010-1.html.csv
table: 2-18700010-1.html.csv, bleu-1: 36.15, bleu-2: 15.80, bleu-3: 7.16
2-1023035-3.html.csv
table: 2-1023035-3.html.csv, bleu-1: 36.10, bleu-2: 15.77, bleu-3: 7.14
2-14202514-1.html.csv
table: 2-14202514-1.html.csv, bleu-1: 36.18, bleu-2: 15.83, bleu-3: 7.19
1-27755784-10.html.csv
table: 1-27755784-10.html.csv, bleu-1: 36.20, bleu-2: 15.83, bleu-3: 7.17
1-24028176-2.html.csv
table: 1-24028176-2.html.csv, bleu-1: 36.13, bleu-2: 15.80, bleu-3: 7.15
2-11097420-1.html.csv
table: 2-11097420-1.html.csv, bleu-1: 36.12, bleu-2: 15.77, bleu-3: 7.14
2-11634225-1.html.csv
table: 2-11634225-1.html.csv, bleu-1: 36.09, bleu-2: 15.77, bleu-3: 7.16
2-1103715-1.html.csv
table: 2-1103715-1.html.csv, bleu-1: 36.14, bleu-2: 15.79, bleu-3: 7.16
2-10788451-9.html.csv
table: 2-10788451-9.html.csv, bleu-1: 36.16, bleu-2: 15.83, bleu-3: 7.18
2-11450911-2.html.csv
table: 2-11450911-2.html.csv, bleu-1: 36.18, bleu-2: 15.81, bleu-3: 7.16
2-18255941-6.html.csv
table: 2-18255941-6.html.csv, bleu-1: 36.17, bleu-2: 15.79, bleu-3: 7.14
2-18662679-3.html.csv
table: 2-18662679-3.html.csv, bleu-1: 36.13, bleu-2: 15.74, bleu-3: 7.12
2-1230478-2.html.csv
table: 2-1230478-2.html.csv, bleu-1: 36.09, bleu-2: 15.73, bleu-3: 7.10
2-16912111-3.html.csv
table: 2-16912111-3.html.csv, bleu-1: 36.04, bleu-2: 15.72, bleu-3: 7.10
2-10776330-12.html.csv
table: 2-10776330-12.html.csv, bleu-1: 36.05, bleu-2: 15.74, bleu-3: 7.11
2-16570286-3.html.csv
table: 2-16570286-3.html.csv, bleu-1: 36.04, bleu-2: 15.74, bleu-3: 7.11
1-28298589-4.html.csv
table: 1-28298589-4.html.csv, bleu-1: 36.03, bleu-2: 15.70, bleu-3: 7.09
1-2482547-5.html.csv
table: 1-2482547-5.html.csv, bleu-1: 36.03, bleu-2: 15.67, bleu-3: 7.08
1-25983027-1.html.csv
table: 1-25983027-1.html.csv, bleu-1: 36.04, bleu-2: 15.68, bleu-3: 7.06
2-13745048-3.html.csv
table: 2-13745048-3.html.csv, bleu-1: 36.00, bleu-2: 15.66, bleu-3: 7.04
2-16176685-4.html.csv
table: 2-16176685-4.html.csv, bleu-1: 35.98, bleu-2: 15.63, bleu-3: 7.02
2-167638-3.html.csv
table: 2-167638-3.html.csv, bleu-1: 35.99, bleu-2: 15.66, bleu-3: 7.03
2-12367921-7.html.csv
table: 2-12367921-7.html.csv, bleu-1: 35.97, bleu-2: 15.65, bleu-3: 7.01
2-18781567-2.html.csv
table: 2-18781567-2.html.csv, bleu-1: 36.01, bleu-2: 15.71, bleu-3: 7.06
2-10656107-1.html.csv
table: 2-10656107-1.html.csv, bleu-1: 35.99, bleu-2: 15.70, bleu-3: 7.05
2-14749151-1.html.csv
table: 2-14749151-1.html.csv, bleu-1: 35.96, bleu-2: 15.65, bleu-3: 7.03
2-12988799-9.html.csv
table: 2-12988799-9.html.csv, bleu-1: 35.95, bleu-2: 15.65, bleu-3: 7.01
2-15220147-3.html.csv
table: 2-15220147-3.html.csv, bleu-1: 35.99, bleu-2: 15.66, bleu-3: 6.99
2-11452830-2.html.csv
table: 2-11452830-2.html.csv, bleu-1: 36.03, bleu-2: 15.69, bleu-3: 7.02
2-1139087-2.html.csv
table: 2-1139087-2.html.csv, bleu-1: 36.12, bleu-2: 15.73, bleu-3: 7.00
2-16376436-4.html.csv
table: 2-16376436-4.html.csv, bleu-1: 36.15, bleu-2: 15.74, bleu-3: 7.00
2-11511365-6.html.csv
table: 2-11511365-6.html.csv, bleu-1: 36.19, bleu-2: 15.81, bleu-3: 7.06
2-18639024-14.html.csv
table: 2-18639024-14.html.csv, bleu-1: 36.17, bleu-2: 15.81, bleu-3: 7.04
1-28243691-1.html.csv
table: 1-28243691-1.html.csv, bleu-1: 36.12, bleu-2: 15.77, bleu-3: 7.03
2-16287116-2.html.csv
table: 2-16287116-2.html.csv, bleu-1: 36.13, bleu-2: 15.78, bleu-3: 7.02
2-14890430-2.html.csv
table: 2-14890430-2.html.csv, bleu-1: 36.14, bleu-2: 15.79, bleu-3: 7.02
2-18607260-13.html.csv
table: 2-18607260-13.html.csv, bleu-1: 36.07, bleu-2: 15.76, bleu-3: 7.00
2-14986292-1.html.csv
table: 2-14986292-1.html.csv, bleu-1: 36.04, bleu-2: 15.74, bleu-3: 6.98
2-1722347-2.html.csv
table: 2-1722347-2.html.csv, bleu-1: 36.03, bleu-2: 15.73, bleu-3: 6.98
2-18772558-9.html.csv
table: 2-18772558-9.html.csv, bleu-1: 36.02, bleu-2: 15.71, bleu-3: 6.96
2-1385081-3.html.csv
table: 2-1385081-3.html.csv, bleu-1: 35.99, bleu-2: 15.68, bleu-3: 6.94
2-180719-1.html.csv
table: 2-180719-1.html.csv, bleu-1: 35.98, bleu-2: 15.68, bleu-3: 6.93
2-17206737-6.html.csv
table: 2-17206737-6.html.csv, bleu-1: 35.97, bleu-2: 15.65, bleu-3: 6.91
2-17599325-1.html.csv
table: 2-17599325-1.html.csv, bleu-1: 35.98, bleu-2: 15.63, bleu-3: 6.91
2-16851172-1.html.csv
table: 2-16851172-1.html.csv, bleu-1: 35.96, bleu-2: 15.61, bleu-3: 6.89
2-18842944-2.html.csv
table: 2-18842944-2.html.csv, bleu-1: 36.01, bleu-2: 15.63, bleu-3: 6.88
2-17811141-1.html.csv
table: 2-17811141-1.html.csv, bleu-1: 35.97, bleu-2: 15.59, bleu-3: 6.86
2-18259953-6.html.csv
table: 2-18259953-6.html.csv, bleu-1: 35.96, bleu-2: 15.58, bleu-3: 6.84
2-11756731-10.html.csv
table: 2-11756731-10.html.csv, bleu-1: 35.93, bleu-2: 15.55, bleu-3: 6.83
2-10746808-7.html.csv
table: 2-10746808-7.html.csv, bleu-1: 35.91, bleu-2: 15.55, bleu-3: 6.83
2-1570274-4.html.csv
table: 2-1570274-4.html.csv, bleu-1: 35.90, bleu-2: 15.55, bleu-3: 6.83
2-12186309-1.html.csv
table: 2-12186309-1.html.csv, bleu-1: 35.90, bleu-2: 15.53, bleu-3: 6.83
2-17455843-5.html.csv
table: 2-17455843-5.html.csv, bleu-1: 35.88, bleu-2: 15.49, bleu-3: 6.81
2-18974097-2.html.csv
table: 2-18974097-2.html.csv, bleu-1: 35.90, bleu-2: 15.45, bleu-3: 6.79
2-17991356-3.html.csv
table: 2-17991356-3.html.csv, bleu-1: 35.89, bleu-2: 15.43, bleu-3: 6.79
2-12392569-3.html.csv
table: 2-12392569-3.html.csv, bleu-1: 35.92, bleu-2: 15.47, bleu-3: 6.82
2-14783550-1.html.csv
table: 2-14783550-1.html.csv, bleu-1: 35.90, bleu-2: 15.46, bleu-3: 6.80
2-1620397-5.html.csv
table: 2-1620397-5.html.csv, bleu-1: 35.91, bleu-2: 15.43, bleu-3: 6.79
2-17290150-5.html.csv
table: 2-17290150-5.html.csv, bleu-1: 35.88, bleu-2: 15.40, bleu-3: 6.77
2-10869646-20.html.csv
table: 2-10869646-20.html.csv, bleu-1: 35.89, bleu-2: 15.41, bleu-3: 6.76
2-11138928-1.html.csv
table: 2-11138928-1.html.csv, bleu-1: 35.89, bleu-2: 15.43, bleu-3: 6.75
2-14640450-3.html.csv
table: 2-14640450-3.html.csv, bleu-1: 35.91, bleu-2: 15.45, bleu-3: 6.78
2-1756688-1.html.csv
table: 2-1756688-1.html.csv, bleu-1: 35.92, bleu-2: 15.41, bleu-3: 6.76
2-14841421-2.html.csv
table: 2-14841421-2.html.csv, bleu-1: 35.95, bleu-2: 15.46, bleu-3: 6.75
2-1053453-8.html.csv
table: 2-1053453-8.html.csv, bleu-1: 35.92, bleu-2: 15.43, bleu-3: 6.73
2-10289926-9.html.csv
table: 2-10289926-9.html.csv, bleu-1: 35.89, bleu-2: 15.39, bleu-3: 6.71
2-15494883-26.html.csv
table: 2-15494883-26.html.csv, bleu-1: 35.92, bleu-2: 15.40, bleu-3: 6.70
2-12275654-1.html.csv
table: 2-12275654-1.html.csv, bleu-1: 35.90, bleu-2: 15.39, bleu-3: 6.68
2-16055831-2.html.csv
table: 2-16055831-2.html.csv, bleu-1: 35.91, bleu-2: 15.37, bleu-3: 6.67
2-17674688-2.html.csv
table: 2-17674688-2.html.csv, bleu-1: 35.95, bleu-2: 15.40, bleu-3: 6.66
2-15968208-6.html.csv
table: 2-15968208-6.html.csv, bleu-1: 35.98, bleu-2: 15.39, bleu-3: 6.66
2-18936749-1.html.csv
table: 2-18936749-1.html.csv, bleu-1: 35.96, bleu-2: 15.40, bleu-3: 6.68
2-10621888-3.html.csv
table: 2-10621888-3.html.csv, bleu-1: 35.94, bleu-2: 15.38, bleu-3: 6.66
2-1332332-1.html.csv
table: 2-1332332-1.html.csv, bleu-1: 35.97, bleu-2: 15.38, bleu-3: 6.65
2-11137150-4.html.csv
table: 2-11137150-4.html.csv, bleu-1: 36.01, bleu-2: 15.44, bleu-3: 6.69
2-10809351-5.html.csv
table: 2-10809351-5.html.csv, bleu-1: 36.07, bleu-2: 15.51, bleu-3: 6.75
2-15191894-1.html.csv
table: 2-15191894-1.html.csv, bleu-1: 36.03, bleu-2: 15.48, bleu-3: 6.73
2-14565148-5.html.csv
table: 2-14565148-5.html.csv, bleu-1: 35.98, bleu-2: 15.46, bleu-3: 6.72
2-17306260-1.html.csv
table: 2-17306260-1.html.csv, bleu-1: 35.96, bleu-2: 15.43, bleu-3: 6.70
2-13189034-1.html.csv
table: 2-13189034-1.html.csv, bleu-1: 35.92, bleu-2: 15.39, bleu-3: 6.68
2-11961051-5.html.csv
table: 2-11961051-5.html.csv, bleu-1: 35.96, bleu-2: 15.43, bleu-3: 6.72
2-15163175-2.html.csv
table: 2-15163175-2.html.csv, bleu-1: 35.99, bleu-2: 15.40, bleu-3: 6.70
2-178242-2.html.csv
table: 2-178242-2.html.csv, bleu-1: 35.96, bleu-2: 15.41, bleu-3: 6.70
2-12774720-3.html.csv
table: 2-12774720-3.html.csv, bleu-1: 35.94, bleu-2: 15.37, bleu-3: 6.68
2-11561548-9.html.csv
table: 2-11561548-9.html.csv, bleu-1: 36.00, bleu-2: 15.46, bleu-3: 6.77
2-10776330-7.html.csv
table: 2-10776330-7.html.csv, bleu-1: 36.09, bleu-2: 15.59, bleu-3: 6.90
2-17162239-5.html.csv
table: 2-17162239-5.html.csv, bleu-1: 36.09, bleu-2: 15.59, bleu-3: 6.89
2-1226463-1.html.csv
table: 2-1226463-1.html.csv, bleu-1: 36.07, bleu-2: 15.59, bleu-3: 6.87
2-1218008-1.html.csv
table: 2-1218008-1.html.csv, bleu-1: 36.10, bleu-2: 15.61, bleu-3: 6.90
2-1671401-1.html.csv
table: 2-1671401-1.html.csv, bleu-1: 36.11, bleu-2: 15.62, bleu-3: 6.91
2-10563642-3.html.csv
table: 2-10563642-3.html.csv, bleu-1: 36.15, bleu-2: 15.63, bleu-3: 6.92
1-2897457-4.html.csv
table: 1-2897457-4.html.csv, bleu-1: 36.12, bleu-2: 15.62, bleu-3: 6.90
2-15100419-7.html.csv
table: 2-15100419-7.html.csv, bleu-1: 36.12, bleu-2: 15.61, bleu-3: 6.90
2-11902366-4.html.csv
table: 2-11902366-4.html.csv, bleu-1: 36.15, bleu-2: 15.64, bleu-3: 6.93
2-1210297-2.html.csv
table: 2-1210297-2.html.csv, bleu-1: 36.14, bleu-2: 15.61, bleu-3: 6.91
2-17344651-6.html.csv
table: 2-17344651-6.html.csv, bleu-1: 36.21, bleu-2: 15.69, bleu-3: 6.98
2-1803594-1.html.csv
table: 2-1803594-1.html.csv, bleu-1: 36.18, bleu-2: 15.65, bleu-3: 6.96
2-10966872-2.html.csv
table: 2-10966872-2.html.csv, bleu-1: 36.14, bleu-2: 15.62, bleu-3: 6.95
2-11963209-7.html.csv
table: 2-11963209-7.html.csv, bleu-1: 36.14, bleu-2: 15.62, bleu-3: 6.93
2-17058178-8.html.csv
table: 2-17058178-8.html.csv, bleu-1: 36.15, bleu-2: 15.60, bleu-3: 6.92
2-10282772-2.html.csv
table: 2-10282772-2.html.csv, bleu-1: 36.12, bleu-2: 15.57, bleu-3: 6.90
2-1563605-1.html.csv
table: 2-1563605-1.html.csv, bleu-1: 36.08, bleu-2: 15.56, bleu-3: 6.91
1-2417308-3.html.csv
table: 1-2417308-3.html.csv, bleu-1: 36.05, bleu-2: 15.52, bleu-3: 6.89
2-11154357-4.html.csv
table: 2-11154357-4.html.csv, bleu-1: 36.02, bleu-2: 15.52, bleu-3: 6.88
2-10790651-10.html.csv
table: 2-10790651-10.html.csv, bleu-1: 36.01, bleu-2: 15.51, bleu-3: 6.86
1-23286158-7.html.csv
table: 1-23286158-7.html.csv, bleu-1: 36.04, bleu-2: 15.54, bleu-3: 6.87
1-27610775-1.html.csv
table: 1-27610775-1.html.csv, bleu-1: 36.06, bleu-2: 15.58, bleu-3: 6.91
2-11739153-7.html.csv
table: 2-11739153-7.html.csv, bleu-1: 36.04, bleu-2: 15.57, bleu-3: 6.90
2-16002638-1.html.csv
table: 2-16002638-1.html.csv, bleu-1: 36.06, bleu-2: 15.58, bleu-3: 6.90
2-18084-3.html.csv
table: 2-18084-3.html.csv, bleu-1: 36.08, bleu-2: 15.61, bleu-3: 6.89
2-16386910-4.html.csv
table: 2-16386910-4.html.csv, bleu-1: 36.10, bleu-2: 15.62, bleu-3: 6.87
2-15353223-1.html.csv
table: 2-15353223-1.html.csv, bleu-1: 36.09, bleu-2: 15.61, bleu-3: 6.86
2-10776868-9.html.csv
table: 2-10776868-9.html.csv, bleu-1: 36.12, bleu-2: 15.64, bleu-3: 6.88
2-11945691-3.html.csv
table: 2-11945691-3.html.csv, bleu-1: 36.13, bleu-2: 15.61, bleu-3: 6.87
2-12454334-1.html.csv
table: 2-12454334-1.html.csv, bleu-1: 36.09, bleu-2: 15.59, bleu-3: 6.85
2-11782763-1.html.csv
table: 2-11782763-1.html.csv, bleu-1: 36.07, bleu-2: 15.56, bleu-3: 6.84
2-18569021-5.html.csv
table: 2-18569021-5.html.csv, bleu-1: 36.08, bleu-2: 15.55, bleu-3: 6.83
2-17511295-5.html.csv
table: 2-17511295-5.html.csv, bleu-1: 36.08, bleu-2: 15.57, bleu-3: 6.82
2-11035487-1.html.csv
table: 2-11035487-1.html.csv, bleu-1: 36.08, bleu-2: 15.57, bleu-3: 6.81
2-17807586-1.html.csv
table: 2-17807586-1.html.csv, bleu-1: 36.07, bleu-2: 15.56, bleu-3: 6.80
2-18847736-2.html.csv
table: 2-18847736-2.html.csv, bleu-1: 36.10, bleu-2: 15.58, bleu-3: 6.82
2-10537807-4.html.csv
table: 2-10537807-4.html.csv, bleu-1: 36.11, bleu-2: 15.60, bleu-3: 6.82
2-10932739-2.html.csv
table: 2-10932739-2.html.csv, bleu-1: 36.08, bleu-2: 15.59, bleu-3: 6.81
2-12207924-4.html.csv
table: 2-12207924-4.html.csv, bleu-1: 36.14, bleu-2: 15.66, bleu-3: 6.88
2-18496100-2.html.csv
table: 2-18496100-2.html.csv, bleu-1: 36.18, bleu-2: 15.72, bleu-3: 6.93
1-25438110-5.html.csv
table: 1-25438110-5.html.csv, bleu-1: 36.14, bleu-2: 15.70, bleu-3: 6.91
2-12161422-23.html.csv
table: 2-12161422-23.html.csv, bleu-1: 36.14, bleu-2: 15.69, bleu-3: 6.92
2-10775890-10.html.csv
table: 2-10775890-10.html.csv, bleu-1: 36.12, bleu-2: 15.68, bleu-3: 6.91
2-10869646-12.html.csv
table: 2-10869646-12.html.csv, bleu-1: 36.22, bleu-2: 15.80, bleu-3: 7.02
2-14611590-4.html.csv
table: 2-14611590-4.html.csv, bleu-1: 36.22, bleu-2: 15.83, bleu-3: 7.06
1-2731431-1.html.csv
table: 1-2731431-1.html.csv, bleu-1: 36.30, bleu-2: 15.90, bleu-3: 7.12
2-12320552-17.html.csv
table: 2-12320552-17.html.csv, bleu-1: 36.29, bleu-2: 15.90, bleu-3: 7.13
2-10897046-5.html.csv
table: 2-10897046-5.html.csv, bleu-1: 36.29, bleu-2: 15.92, bleu-3: 7.15
2-12206617-3.html.csv
table: 2-12206617-3.html.csv, bleu-1: 36.30, bleu-2: 15.93, bleu-3: 7.17
2-12206178-4.html.csv
table: 2-12206178-4.html.csv, bleu-1: 36.33, bleu-2: 15.95, bleu-3: 7.17
2-15346009-4.html.csv
table: 2-15346009-4.html.csv, bleu-1: 36.31, bleu-2: 15.92, bleu-3: 7.16
2-17557270-1.html.csv
table: 2-17557270-1.html.csv, bleu-1: 36.26, bleu-2: 15.90, bleu-3: 7.14
2-18060467-5.html.csv
table: 2-18060467-5.html.csv, bleu-1: 36.23, bleu-2: 15.89, bleu-3: 7.14
2-10774891-12.html.csv
table: 2-10774891-12.html.csv, bleu-1: 36.33, bleu-2: 16.01, bleu-3: 7.25
2-17344651-5.html.csv
table: 2-17344651-5.html.csv, bleu-1: 36.35, bleu-2: 16.04, bleu-3: 7.26
2-16382861-1.html.csv
table: 2-16382861-1.html.csv, bleu-1: 36.37, bleu-2: 16.08, bleu-3: 7.31
2-18961052-1.html.csv
table: 2-18961052-1.html.csv, bleu-1: 36.33, bleu-2: 16.04, bleu-3: 7.29
2-13552019-7.html.csv
table: 2-13552019-7.html.csv, bleu-1: 36.38, bleu-2: 16.08, bleu-3: 7.28
2-1621705-1.html.csv
table: 2-1621705-1.html.csv, bleu-1: 36.35, bleu-2: 16.06, bleu-3: 7.26
2-180200-1.html.csv
table: 2-180200-1.html.csv, bleu-1: 36.36, bleu-2: 16.07, bleu-3: 7.26
2-12322518-3.html.csv
table: 2-12322518-3.html.csv, bleu-1: 36.37, bleu-2: 16.07, bleu-3: 7.24
2-15122771-2.html.csv
table: 2-15122771-2.html.csv, bleu-1: 36.43, bleu-2: 16.14, bleu-3: 7.31
2-13908184-17.html.csv
table: 2-13908184-17.html.csv, bleu-1: 36.44, bleu-2: 16.15, bleu-3: 7.30
2-11603116-4.html.csv
table: 2-11603116-4.html.csv, bleu-1: 36.40, bleu-2: 16.13, bleu-3: 7.28
2-11803648-18.html.csv
table: 2-11803648-18.html.csv, bleu-1: 36.35, bleu-2: 16.11, bleu-3: 7.27
2-12449312-2.html.csv
table: 2-12449312-2.html.csv, bleu-1: 36.38, bleu-2: 16.15, bleu-3: 7.31
2-1233860-1.html.csv
table: 2-1233860-1.html.csv, bleu-1: 36.36, bleu-2: 16.12, bleu-3: 7.30
2-11960196-3.html.csv
table: 2-11960196-3.html.csv, bleu-1: 36.37, bleu-2: 16.09, bleu-3: 7.28
1-27011761-2.html.csv
table: 1-27011761-2.html.csv, bleu-1: 36.37, bleu-2: 16.10, bleu-3: 7.31
2-10650028-1.html.csv
table: 2-10650028-1.html.csv, bleu-1: 36.32, bleu-2: 16.07, bleu-3: 7.29
1-29584601-1.html.csv
table: 1-29584601-1.html.csv, bleu-1: 36.28, bleu-2: 16.05, bleu-3: 7.28
2-17873606-7.html.csv
table: 2-17873606-7.html.csv, bleu-1: 36.32, bleu-2: 16.06, bleu-3: 7.27
2-14655820-2.html.csv
table: 2-14655820-2.html.csv, bleu-1: 36.34, bleu-2: 16.07, bleu-3: 7.27
2-15349635-1.html.csv
table: 2-15349635-1.html.csv, bleu-1: 36.34, bleu-2: 16.09, bleu-3: 7.29
2-172426-1.html.csv
table: 2-172426-1.html.csv, bleu-1: 36.30, bleu-2: 16.06, bleu-3: 7.27
2-1530048-1.html.csv
table: 2-1530048-1.html.csv, bleu-1: 36.25, bleu-2: 16.03, bleu-3: 7.26
2-15679812-3.html.csv
table: 2-15679812-3.html.csv, bleu-1: 36.27, bleu-2: 16.04, bleu-3: 7.24
2-15334146-1.html.csv
table: 2-15334146-1.html.csv, bleu-1: 36.27, bleu-2: 16.05, bleu-3: 7.25
2-14100026-6.html.csv
table: 2-14100026-6.html.csv, bleu-1: 36.33, bleu-2: 16.09, bleu-3: 7.30
2-1725690-2.html.csv
table: 2-1725690-2.html.csv, bleu-1: 36.30, bleu-2: 16.07, bleu-3: 7.29
2-150343-3.html.csv
table: 2-150343-3.html.csv, bleu-1: 36.29, bleu-2: 16.07, bleu-3: 7.27
2-14282690-16.html.csv
table: 2-14282690-16.html.csv, bleu-1: 36.30, bleu-2: 16.09, bleu-3: 7.29
2-1438835-1.html.csv
table: 2-1438835-1.html.csv, bleu-1: 36.26, bleu-2: 16.07, bleu-3: 7.27
2-18561011-2.html.csv
table: 2-18561011-2.html.csv, bleu-1: 36.26, bleu-2: 16.08, bleu-3: 7.27
2-17747000-1.html.csv
table: 2-17747000-1.html.csv, bleu-1: 36.27, bleu-2: 16.10, bleu-3: 7.28
2-17990473-1.html.csv
table: 2-17990473-1.html.csv, bleu-1: 36.29, bleu-2: 16.11, bleu-3: 7.27
2-1127788-3.html.csv
table: 2-1127788-3.html.csv, bleu-1: 36.30, bleu-2: 16.11, bleu-3: 7.26
1-23117208-5.html.csv
table: 1-23117208-5.html.csv, bleu-1: 36.27, bleu-2: 16.08, bleu-3: 7.25
2-12076689-7.html.csv
table: 2-12076689-7.html.csv, bleu-1: 36.28, bleu-2: 16.09, bleu-3: 7.26
2-18493407-1.html.csv
table: 2-18493407-1.html.csv, bleu-1: 36.28, bleu-2: 16.05, bleu-3: 7.25
1-26464364-1.html.csv
table: 1-26464364-1.html.csv, bleu-1: 36.30, bleu-2: 16.08, bleu-3: 7.24
2-17231086-6.html.csv
table: 2-17231086-6.html.csv, bleu-1: 36.29, bleu-2: 16.06, bleu-3: 7.22
2-12193971-2.html.csv
table: 2-12193971-2.html.csv, bleu-1: 36.27, bleu-2: 16.03, bleu-3: 7.21
2-14851245-3.html.csv
table: 2-14851245-3.html.csv, bleu-1: 36.31, bleu-2: 16.08, bleu-3: 7.24
1-29920800-1.html.csv
table: 1-29920800-1.html.csv, bleu-1: 36.32, bleu-2: 16.06, bleu-3: 7.23
2-101336-1.html.csv
table: 2-101336-1.html.csv, bleu-1: 36.29, bleu-2: 16.04, bleu-3: 7.22
2-13312898-1.html.csv
table: 2-13312898-1.html.csv, bleu-1: 36.30, bleu-2: 16.04, bleu-3: 7.20
2-11677760-22.html.csv
table: 2-11677760-22.html.csv, bleu-1: 36.30, bleu-2: 16.02, bleu-3: 7.19
1-2668298-19.html.csv
table: 1-2668298-19.html.csv, bleu-1: 36.29, bleu-2: 16.02, bleu-3: 7.19
2-11677100-6.html.csv
table: 2-11677100-6.html.csv, bleu-1: 36.28, bleu-2: 16.01, bleu-3: 7.17
2-15764352-1.html.csv
table: 2-15764352-1.html.csv, bleu-1: 36.30, bleu-2: 16.01, bleu-3: 7.16
2-1834853-3.html.csv
table: 2-1834853-3.html.csv, bleu-1: 36.28, bleu-2: 16.00, bleu-3: 7.15
2-1727962-5.html.csv
table: 2-1727962-5.html.csv, bleu-1: 36.30, bleu-2: 16.02, bleu-3: 7.13
2-16366700-2.html.csv
table: 2-16366700-2.html.csv, bleu-1: 36.31, bleu-2: 16.03, bleu-3: 7.12
2-11847348-3.html.csv
table: 2-11847348-3.html.csv, bleu-1: 36.35, bleu-2: 16.07, bleu-3: 7.12
2-1137274-4.html.csv
table: 2-1137274-4.html.csv, bleu-1: 36.34, bleu-2: 16.07, bleu-3: 7.10
2-10789881-4.html.csv
table: 2-10789881-4.html.csv, bleu-1: 36.35, bleu-2: 16.06, bleu-3: 7.10
2-15331382-2.html.csv
table: 2-15331382-2.html.csv, bleu-1: 36.34, bleu-2: 16.07, bleu-3: 7.12
2-1257226-3.html.csv
table: 2-1257226-3.html.csv, bleu-1: 36.32, bleu-2: 16.04, bleu-3: 7.10
2-1035855-1.html.csv
table: 2-1035855-1.html.csv, bleu-1: 36.34, bleu-2: 16.07, bleu-3: 7.13
2-13219504-10.html.csv
table: 2-13219504-10.html.csv, bleu-1: 36.35, bleu-2: 16.09, bleu-3: 7.12
2-15621965-7.html.csv
table: 2-15621965-7.html.csv, bleu-1: 36.36, bleu-2: 16.09, bleu-3: 7.11
1-24132054-1.html.csv
table: 1-24132054-1.html.csv, bleu-1: 36.39, bleu-2: 16.09, bleu-3: 7.09
2-10814471-4.html.csv
table: 2-10814471-4.html.csv, bleu-1: 36.37, bleu-2: 16.08, bleu-3: 7.09
2-10776330-18.html.csv
table: 2-10776330-18.html.csv, bleu-1: 36.38, bleu-2: 16.09, bleu-3: 7.09
2-1123324-2.html.csv
table: 2-1123324-2.html.csv, bleu-1: 36.38, bleu-2: 16.10, bleu-3: 7.10
2-10361426-2.html.csv
table: 2-10361426-2.html.csv, bleu-1: 36.39, bleu-2: 16.10, bleu-3: 7.11
2-147235-16.html.csv
table: 2-147235-16.html.csv, bleu-1: 36.34, bleu-2: 16.08, bleu-3: 7.10
2-14643093-1.html.csv
table: 2-14643093-1.html.csv, bleu-1: 36.35, bleu-2: 16.09, bleu-3: 7.09
2-13932013-1.html.csv
table: 2-13932013-1.html.csv, bleu-1: 36.34, bleu-2: 16.09, bleu-3: 7.08
2-1612222-2.html.csv
table: 2-1612222-2.html.csv, bleu-1: 36.32, bleu-2: 16.08, bleu-3: 7.07
1-25614153-1.html.csv
table: 1-25614153-1.html.csv, bleu-1: 36.29, bleu-2: 16.06, bleu-3: 7.06
2-17445415-2.html.csv
table: 2-17445415-2.html.csv, bleu-1: 36.26, bleu-2: 16.04, bleu-3: 7.05
2-18156552-1.html.csv
table: 2-18156552-1.html.csv, bleu-1: 36.25, bleu-2: 16.04, bleu-3: 7.05
2-18781865-4.html.csv
table: 2-18781865-4.html.csv, bleu-1: 36.26, bleu-2: 16.04, bleu-3: 7.05
2-16653153-30.html.csv
table: 2-16653153-30.html.csv, bleu-1: 36.25, bleu-2: 16.03, bleu-3: 7.04
2-18576668-1.html.csv
table: 2-18576668-1.html.csv, bleu-1: 36.24, bleu-2: 16.01, bleu-3: 7.03
2-10790397-7.html.csv
table: 2-10790397-7.html.csv, bleu-1: 36.33, bleu-2: 16.12, bleu-3: 7.15
2-10809351-8.html.csv
table: 2-10809351-8.html.csv, bleu-1: 36.40, bleu-2: 16.21, bleu-3: 7.22
2-171666-1.html.csv
table: 2-171666-1.html.csv, bleu-1: 36.37, bleu-2: 16.18, bleu-3: 7.21
2-15278857-2.html.csv
table: 2-15278857-2.html.csv, bleu-1: 36.35, bleu-2: 16.15, bleu-3: 7.19
2-1096038-12.html.csv
table: 2-1096038-12.html.csv, bleu-1: 36.34, bleu-2: 16.16, bleu-3: 7.18
2-10631744-2.html.csv
table: 2-10631744-2.html.csv, bleu-1: 36.31, bleu-2: 16.13, bleu-3: 7.17
1-2850912-7.html.csv
table: 1-2850912-7.html.csv, bleu-1: 36.30, bleu-2: 16.12, bleu-3: 7.16
2-167235-8.html.csv
table: 2-167235-8.html.csv, bleu-1: 36.27, bleu-2: 16.10, bleu-3: 7.14
1-27744844-7.html.csv
table: 1-27744844-7.html.csv, bleu-1: 36.27, bleu-2: 16.10, bleu-3: 7.13
2-11233501-3.html.csv
table: 2-11233501-3.html.csv, bleu-1: 36.25, bleu-2: 16.07, bleu-3: 7.12
2-18715280-4.html.csv
table: 2-18715280-4.html.csv, bleu-1: 36.26, bleu-2: 16.08, bleu-3: 7.11
2-12206243-10.html.csv
table: 2-12206243-10.html.csv, bleu-1: 36.24, bleu-2: 16.05, bleu-3: 7.10
2-15547694-1.html.csv
table: 2-15547694-1.html.csv, bleu-1: 36.26, bleu-2: 16.06, bleu-3: 7.09
2-15090962-1.html.csv
table: 2-15090962-1.html.csv, bleu-1: 36.25, bleu-2: 16.05, bleu-3: 7.08
1-27784580-1.html.csv
table: 1-27784580-1.html.csv, bleu-1: 36.22, bleu-2: 16.02, bleu-3: 7.07
2-14195712-1.html.csv
table: 2-14195712-1.html.csv, bleu-1: 36.24, bleu-2: 16.02, bleu-3: 7.06
2-18314300-1.html.csv
table: 2-18314300-1.html.csv, bleu-1: 36.22, bleu-2: 16.00, bleu-3: 7.04
2-12269075-1.html.csv
table: 2-12269075-1.html.csv, bleu-1: 36.20, bleu-2: 15.98, bleu-3: 7.04
2-10809823-14.html.csv
table: 2-10809823-14.html.csv, bleu-1: 36.26, bleu-2: 16.06, bleu-3: 7.11
2-11735769-3.html.csv
table: 2-11735769-3.html.csv, bleu-1: 36.30, bleu-2: 16.09, bleu-3: 7.11
2-13566976-7.html.csv
table: 2-13566976-7.html.csv, bleu-1: 36.32, bleu-2: 16.10, bleu-3: 7.12
2-15201858-1.html.csv
table: 2-15201858-1.html.csv, bleu-1: 36.29, bleu-2: 16.07, bleu-3: 7.11
2-12206243-5.html.csv
table: 2-12206243-5.html.csv, bleu-1: 36.31, bleu-2: 16.07, bleu-3: 7.12
2-12058560-1.html.csv
table: 2-12058560-1.html.csv, bleu-1: 36.36, bleu-2: 16.13, bleu-3: 7.17
2-18726561-5.html.csv
table: 2-18726561-5.html.csv, bleu-1: 36.35, bleu-2: 16.14, bleu-3: 7.19
2-16474033-9.html.csv
table: 2-16474033-9.html.csv, bleu-1: 36.34, bleu-2: 16.12, bleu-3: 7.18
2-11312764-4.html.csv
table: 2-11312764-4.html.csv, bleu-1: 36.32, bleu-2: 16.11, bleu-3: 7.19
2-17200019-10.html.csv
table: 2-17200019-10.html.csv, bleu-1: 36.30, bleu-2: 16.10, bleu-3: 7.18
2-1122933-2.html.csv
table: 2-1122933-2.html.csv, bleu-1: 36.28, bleu-2: 16.08, bleu-3: 7.17
1-2602958-4.html.csv
table: 1-2602958-4.html.csv, bleu-1: 36.31, bleu-2: 16.10, bleu-3: 7.18
2-12531523-1.html.csv
table: 2-12531523-1.html.csv, bleu-1: 36.28, bleu-2: 16.10, bleu-3: 7.18
2-15264525-1.html.csv
table: 2-15264525-1.html.csv, bleu-1: 36.30, bleu-2: 16.12, bleu-3: 7.19
1-25368177-1.html.csv
table: 1-25368177-1.html.csv, bleu-1: 36.26, bleu-2: 16.10, bleu-3: 7.18
2-18593648-14.html.csv
table: 2-18593648-14.html.csv, bleu-1: 36.25, bleu-2: 16.08, bleu-3: 7.16
2-1762882-13.html.csv
table: 2-1762882-13.html.csv, bleu-1: 36.22, bleu-2: 16.06, bleu-3: 7.15
2-12076353-1.html.csv
table: 2-12076353-1.html.csv, bleu-1: 36.28, bleu-2: 16.12, bleu-3: 7.21
2-14101654-10.html.csv
table: 2-14101654-10.html.csv, bleu-1: 36.24, bleu-2: 16.10, bleu-3: 7.19
2-1377586-1.html.csv
table: 2-1377586-1.html.csv, bleu-1: 36.22, bleu-2: 16.07, bleu-3: 7.18
2-10807673-8.html.csv
table: 2-10807673-8.html.csv, bleu-1: 36.22, bleu-2: 16.06, bleu-3: 7.17
2-12546630-1.html.csv
table: 2-12546630-1.html.csv, bleu-1: 36.21, bleu-2: 16.07, bleu-3: 7.16
2-10869646-7.html.csv
table: 2-10869646-7.html.csv, bleu-1: 36.21, bleu-2: 16.07, bleu-3: 7.16
2-17932930-3.html.csv
table: 2-17932930-3.html.csv, bleu-1: 36.18, bleu-2: 16.05, bleu-3: 7.15
2-18154969-1.html.csv
table: 2-18154969-1.html.csv, bleu-1: 36.18, bleu-2: 16.05, bleu-3: 7.15
2-17438913-3.html.csv
table: 2-17438913-3.html.csv, bleu-1: 36.17, bleu-2: 16.03, bleu-3: 7.14
2-11873099-3.html.csv
table: 2-11873099-3.html.csv, bleu-1: 36.17, bleu-2: 16.04, bleu-3: 7.14
2-15826161-2.html.csv
table: 2-15826161-2.html.csv, bleu-1: 36.19, bleu-2: 16.07, bleu-3: 7.16
2-17503198-4.html.csv
table: 2-17503198-4.html.csv, bleu-1: 36.16, bleu-2: 16.06, bleu-3: 7.15
1-2668393-10.html.csv
table: 1-2668393-10.html.csv, bleu-1: 36.14, bleu-2: 16.05, bleu-3: 7.14
2-16910989-5.html.csv
table: 2-16910989-5.html.csv, bleu-1: 36.13, bleu-2: 16.02, bleu-3: 7.13
2-18424482-2.html.csv
table: 2-18424482-2.html.csv, bleu-1: 36.12, bleu-2: 16.01, bleu-3: 7.12
2-16343705-3.html.csv
table: 2-16343705-3.html.csv, bleu-1: 36.10, bleu-2: 15.99, bleu-3: 7.10
2-12207528-2.html.csv
table: 2-12207528-2.html.csv, bleu-1: 36.10, bleu-2: 15.98, bleu-3: 7.09
2-1140097-1.html.csv
table: 2-1140097-1.html.csv, bleu-1: 36.11, bleu-2: 15.98, bleu-3: 7.10
1-25800134-16.html.csv
table: 1-25800134-16.html.csv, bleu-1: 36.08, bleu-2: 15.97, bleu-3: 7.09
2-11713303-2.html.csv
table: 2-11713303-2.html.csv, bleu-1: 36.06, bleu-2: 15.95, bleu-3: 7.08
2-1877416-2.html.csv
table: 2-1877416-2.html.csv, bleu-1: 36.07, bleu-2: 15.94, bleu-3: 7.07
2-14305653-58.html.csv
table: 2-14305653-58.html.csv, bleu-1: 36.05, bleu-2: 15.91, bleu-3: 7.06
2-1198175-1.html.csv
table: 2-1198175-1.html.csv, bleu-1: 36.03, bleu-2: 15.90, bleu-3: 7.04
2-15486062-1.html.csv
table: 2-15486062-1.html.csv, bleu-1: 36.16, bleu-2: 16.01, bleu-3: 7.08
2-11667521-17.html.csv
table: 2-11667521-17.html.csv, bleu-1: 36.12, bleu-2: 15.98, bleu-3: 7.07
2-11921877-4.html.csv
table: 2-11921877-4.html.csv, bleu-1: 36.14, bleu-2: 16.00, bleu-3: 7.06
2-1598242-3.html.csv
table: 2-1598242-3.html.csv, bleu-1: 36.17, bleu-2: 16.02, bleu-3: 7.08
2-16953587-4.html.csv
table: 2-16953587-4.html.csv, bleu-1: 36.16, bleu-2: 16.02, bleu-3: 7.07
2-1137694-3.html.csv
table: 2-1137694-3.html.csv, bleu-1: 36.15, bleu-2: 16.03, bleu-3: 7.08
2-10753786-4.html.csv
table: 2-10753786-4.html.csv, bleu-1: 36.16, bleu-2: 16.02, bleu-3: 7.08
2-16474033-6.html.csv
table: 2-16474033-6.html.csv, bleu-1: 36.15, bleu-2: 16.00, bleu-3: 7.07
2-1205598-2.html.csv
table: 2-1205598-2.html.csv, bleu-1: 36.15, bleu-2: 15.99, bleu-3: 7.06
2-17634218-19.html.csv
table: 2-17634218-19.html.csv, bleu-1: 36.16, bleu-2: 15.99, bleu-3: 7.05
2-1564278-3.html.csv
table: 2-1564278-3.html.csv, bleu-1: 36.16, bleu-2: 16.00, bleu-3: 7.04
2-1224141-2.html.csv
table: 2-1224141-2.html.csv, bleu-1: 36.15, bleu-2: 15.97, bleu-3: 7.02
2-10806592-9.html.csv
table: 2-10806592-9.html.csv, bleu-1: 36.16, bleu-2: 15.98, bleu-3: 7.01
2-15184672-3.html.csv
table: 2-15184672-3.html.csv, bleu-1: 36.13, bleu-2: 15.95, bleu-3: 7.00
2-15544826-1.html.csv
table: 2-15544826-1.html.csv, bleu-1: 36.15, bleu-2: 15.97, bleu-3: 7.01
1-27744976-11.html.csv
table: 1-27744976-11.html.csv, bleu-1: 36.15, bleu-2: 15.97, bleu-3: 7.00
2-11051845-5.html.csv
table: 2-11051845-5.html.csv, bleu-1: 36.13, bleu-2: 15.97, bleu-3: 7.00
2-18844321-1.html.csv
table: 2-18844321-1.html.csv, bleu-1: 36.12, bleu-2: 15.95, bleu-3: 6.99
2-12406580-1.html.csv
table: 2-12406580-1.html.csv, bleu-1: 36.11, bleu-2: 15.95, bleu-3: 7.00
2-1408278-5.html.csv
table: 2-1408278-5.html.csv, bleu-1: 36.11, bleu-2: 15.97, bleu-3: 6.99
2-13117332-1.html.csv
table: 2-13117332-1.html.csv, bleu-1: 36.13, bleu-2: 15.99, bleu-3: 7.01
2-1421422-10.html.csv
table: 2-1421422-10.html.csv, bleu-1: 36.09, bleu-2: 15.97, bleu-3: 7.00
2-11266821-1.html.csv
table: 2-11266821-1.html.csv, bleu-1: 36.11, bleu-2: 15.99, bleu-3: 7.03
2-16981551-2.html.csv
table: 2-16981551-2.html.csv, bleu-1: 36.10, bleu-2: 16.00, bleu-3: 7.03
2-18792952-6.html.csv
table: 2-18792952-6.html.csv, bleu-1: 36.09, bleu-2: 15.99, bleu-3: 7.02
1-29063233-1.html.csv
table: 1-29063233-1.html.csv, bleu-1: 36.12, bleu-2: 15.99, bleu-3: 7.01
2-14562754-1.html.csv
table: 2-14562754-1.html.csv, bleu-1: 36.10, bleu-2: 15.98, bleu-3: 7.00
2-17110962-1.html.csv
table: 2-17110962-1.html.csv, bleu-1: 36.11, bleu-2: 15.99, bleu-3: 7.01
2-10823719-14.html.csv
table: 2-10823719-14.html.csv, bleu-1: 36.14, bleu-2: 16.02, bleu-3: 7.02
1-254234-1.html.csv
table: 1-254234-1.html.csv, bleu-1: 36.19, bleu-2: 16.05, bleu-3: 7.01
2-14115168-4.html.csv
table: 2-14115168-4.html.csv, bleu-1: 36.20, bleu-2: 16.05, bleu-3: 7.00
2-15272585-8.html.csv
table: 2-15272585-8.html.csv, bleu-1: 36.21, bleu-2: 16.06, bleu-3: 7.00
2-17383465-1.html.csv
table: 2-17383465-1.html.csv, bleu-1: 36.20, bleu-2: 16.05, bleu-3: 6.99
2-17877429-1.html.csv
table: 2-17877429-1.html.csv, bleu-1: 36.21, bleu-2: 16.08, bleu-3: 7.00
2-1206583-1.html.csv
table: 2-1206583-1.html.csv, bleu-1: 36.19, bleu-2: 16.06, bleu-3: 6.99
2-10830492-6.html.csv
table: 2-10830492-6.html.csv, bleu-1: 36.18, bleu-2: 16.04, bleu-3: 6.99
2-14895621-2.html.csv
table: 2-14895621-2.html.csv, bleu-1: 36.17, bleu-2: 16.02, bleu-3: 6.98
2-17916431-2.html.csv
table: 2-17916431-2.html.csv, bleu-1: 36.17, bleu-2: 16.02, bleu-3: 6.97
1-29556461-9.html.csv
table: 1-29556461-9.html.csv, bleu-1: 36.22, bleu-2: 16.08, bleu-3: 7.05
1-262501-1.html.csv
table: 1-262501-1.html.csv, bleu-1: 36.22, bleu-2: 16.07, bleu-3: 7.04
2-15985025-2.html.csv
table: 2-15985025-2.html.csv, bleu-1: 36.23, bleu-2: 16.09, bleu-3: 7.04
2-1171445-1.html.csv
table: 2-1171445-1.html.csv, bleu-1: 36.24, bleu-2: 16.10, bleu-3: 7.05
2-1755878-2.html.csv
table: 2-1755878-2.html.csv, bleu-1: 36.22, bleu-2: 16.08, bleu-3: 7.04
2-18183510-18.html.csv
table: 2-18183510-18.html.csv, bleu-1: 36.19, bleu-2: 16.07, bleu-3: 7.03
2-17941795-5.html.csv
table: 2-17941795-5.html.csv, bleu-1: 36.16, bleu-2: 16.06, bleu-3: 7.02
2-11449311-2.html.csv
table: 2-11449311-2.html.csv, bleu-1: 36.17, bleu-2: 16.07, bleu-3: 7.02
2-12261926-2.html.csv
table: 2-12261926-2.html.csv, bleu-1: 36.15, bleu-2: 16.07, bleu-3: 7.02
2-1145226-3.html.csv
table: 2-1145226-3.html.csv, bleu-1: 36.12, bleu-2: 16.04, bleu-3: 7.01
2-16779943-2.html.csv
table: 2-16779943-2.html.csv, bleu-1: 36.13, bleu-2: 16.02, bleu-3: 7.00
2-14013485-3.html.csv
table: 2-14013485-3.html.csv, bleu-1: 36.11, bleu-2: 15.99, bleu-3: 6.99
2-1219581-1.html.csv
table: 2-1219581-1.html.csv, bleu-1: 36.08, bleu-2: 15.96, bleu-3: 6.98
2-11772462-4.html.csv
table: 2-11772462-4.html.csv, bleu-1: 36.07, bleu-2: 15.94, bleu-3: 6.97
2-1664787-1.html.csv
table: 2-1664787-1.html.csv, bleu-1: 36.07, bleu-2: 15.93, bleu-3: 6.96
2-1672976-1.html.csv
table: 2-1672976-1.html.csv, bleu-1: 36.06, bleu-2: 15.91, bleu-3: 6.95
2-10608850-2.html.csv
table: 2-10608850-2.html.csv, bleu-1: 36.06, bleu-2: 15.91, bleu-3: 6.95
2-10806852-2.html.csv
table: 2-10806852-2.html.csv, bleu-1: 36.10, bleu-2: 15.93, bleu-3: 6.96
2-17626681-8.html.csv
table: 2-17626681-8.html.csv, bleu-1: 36.10, bleu-2: 15.93, bleu-3: 6.97
2-16578883-3.html.csv
table: 2-16578883-3.html.csv, bleu-1: 36.12, bleu-2: 15.91, bleu-3: 6.96
2-13312898-52.html.csv
table: 2-13312898-52.html.csv, bleu-1: 36.15, bleu-2: 15.96, bleu-3: 6.99
2-13870048-3.html.csv
table: 2-13870048-3.html.csv, bleu-1: 36.14, bleu-2: 15.93, bleu-3: 6.98
1-27700375-11.html.csv
table: 1-27700375-11.html.csv, bleu-1: 36.13, bleu-2: 15.92, bleu-3: 6.97
1-23286158-10.html.csv
table: 1-23286158-10.html.csv, bleu-1: 36.12, bleu-2: 15.92, bleu-3: 6.99
2-16351829-3.html.csv
table: 2-16351829-3.html.csv, bleu-1: 36.15, bleu-2: 15.96, bleu-3: 7.02
2-11307139-5.html.csv
table: 2-11307139-5.html.csv, bleu-1: 36.14, bleu-2: 15.94, bleu-3: 7.01
2-18646220-4.html.csv
table: 2-18646220-4.html.csv, bleu-1: 36.10, bleu-2: 15.92, bleu-3: 7.00
2-10826385-15.html.csv
table: 2-10826385-15.html.csv, bleu-1: 36.11, bleu-2: 15.93, bleu-3: 6.99
2-11803648-22.html.csv
table: 2-11803648-22.html.csv, bleu-1: 36.08, bleu-2: 15.91, bleu-3: 6.98
2-10816490-4.html.csv
table: 2-10816490-4.html.csv, bleu-1: 36.10, bleu-2: 15.89, bleu-3: 6.98
2-10773616-7.html.csv
table: 2-10773616-7.html.csv, bleu-1: 36.14, bleu-2: 15.92, bleu-3: 6.98
2-10642140-3.html.csv
table: 2-10642140-3.html.csv, bleu-1: 36.14, bleu-2: 15.93, bleu-3: 6.97
2-18130923-3.html.csv
table: 2-18130923-3.html.csv, bleu-1: 36.14, bleu-2: 15.95, bleu-3: 6.98
1-27755603-10.html.csv
table: 1-27755603-10.html.csv, bleu-1: 36.14, bleu-2: 15.94, bleu-3: 6.97
1-245800-2.html.csv
table: 1-245800-2.html.csv, bleu-1: 36.11, bleu-2: 15.93, bleu-3: 6.96
2-16682451-1.html.csv
table: 2-16682451-1.html.csv, bleu-1: 36.09, bleu-2: 15.92, bleu-3: 6.95
1-23508196-5.html.csv
table: 1-23508196-5.html.csv, bleu-1: 36.06, bleu-2: 15.90, bleu-3: 6.94
2-14887186-1.html.csv
table: 2-14887186-1.html.csv, bleu-1: 36.08, bleu-2: 15.91, bleu-3: 6.93
2-10808346-12.html.csv
table: 2-10808346-12.html.csv, bleu-1: 36.13, bleu-2: 15.97, bleu-3: 7.00
2-1195142-2.html.csv
table: 2-1195142-2.html.csv, bleu-1: 36.14, bleu-2: 15.98, bleu-3: 6.99
2-1160735-1.html.csv
table: 2-1160735-1.html.csv, bleu-1: 36.12, bleu-2: 15.98, bleu-3: 6.98
2-17426846-5.html.csv
table: 2-17426846-5.html.csv, bleu-1: 36.12, bleu-2: 15.97, bleu-3: 6.98
2-18191407-14.html.csv
table: 2-18191407-14.html.csv, bleu-1: 36.13, bleu-2: 15.97, bleu-3: 7.00
2-16620096-1.html.csv
table: 2-16620096-1.html.csv, bleu-1: 36.15, bleu-2: 16.00, bleu-3: 7.02
2-11938731-7.html.csv
table: 2-11938731-7.html.csv, bleu-1: 36.18, bleu-2: 16.02, bleu-3: 7.04
2-18501314-1.html.csv
table: 2-18501314-1.html.csv, bleu-1: 36.19, bleu-2: 16.02, bleu-3: 7.04
2-1219546-1.html.csv
table: 2-1219546-1.html.csv, bleu-1: 36.19, bleu-2: 16.00, bleu-3: 7.03
2-10809823-6.html.csv
table: 2-10809823-6.html.csv, bleu-1: 36.19, bleu-2: 16.00, bleu-3: 7.03
2-16193559-1.html.csv
table: 2-16193559-1.html.csv, bleu-1: 36.20, bleu-2: 16.02, bleu-3: 7.06
2-16514480-3.html.csv
table: 2-16514480-3.html.csv, bleu-1: 36.22, bleu-2: 16.03, bleu-3: 7.06
2-14323347-2.html.csv
table: 2-14323347-2.html.csv, bleu-1: 36.20, bleu-2: 16.02, bleu-3: 7.05
2-15100419-13.html.csv
table: 2-15100419-13.html.csv, bleu-1: 36.19, bleu-2: 16.01, bleu-3: 7.04
2-17344651-1.html.csv
table: 2-17344651-1.html.csv, bleu-1: 36.19, bleu-2: 16.00, bleu-3: 7.03
2-16212384-2.html.csv
table: 2-16212384-2.html.csv, bleu-1: 36.19, bleu-2: 16.01, bleu-3: 7.02
1-26250145-1.html.csv
table: 1-26250145-1.html.csv, bleu-1: 36.19, bleu-2: 16.01, bleu-3: 7.02
2-14769579-3.html.csv
table: 2-14769579-3.html.csv, bleu-1: 36.17, bleu-2: 16.00, bleu-3: 7.01
2-18045035-18.html.csv
table: 2-18045035-18.html.csv, bleu-1: 36.14, bleu-2: 15.98, bleu-3: 7.00
2-15080761-3.html.csv
table: 2-15080761-3.html.csv, bleu-1: 36.16, bleu-2: 16.00, bleu-3: 7.00
1-2342078-2.html.csv
table: 1-2342078-2.html.csv, bleu-1: 36.18, bleu-2: 16.03, bleu-3: 7.02
2-17933602-1.html.csv
table: 2-17933602-1.html.csv, bleu-1: 36.17, bleu-2: 16.03, bleu-3: 7.02
1-24565004-14.html.csv
table: 1-24565004-14.html.csv, bleu-1: 36.18, bleu-2: 16.03, bleu-3: 7.01
2-13594823-1.html.csv
table: 2-13594823-1.html.csv, bleu-1: 36.17, bleu-2: 16.02, bleu-3: 7.00
2-18169093-3.html.csv
table: 2-18169093-3.html.csv, bleu-1: 36.14, bleu-2: 16.01, bleu-3: 6.99
2-10866507-1.html.csv
table: 2-10866507-1.html.csv, bleu-1: 36.13, bleu-2: 16.01, bleu-3: 6.98
2-10362070-3.html.csv
table: 2-10362070-3.html.csv, bleu-1: 36.13, bleu-2: 16.00, bleu-3: 6.98
2-17340355-10.html.csv
table: 2-17340355-10.html.csv, bleu-1: 36.12, bleu-2: 15.98, bleu-3: 6.97
2-16225902-4.html.csv
table: 2-16225902-4.html.csv, bleu-1: 36.11, bleu-2: 15.97, bleu-3: 6.96
2-1682026-9.html.csv
table: 2-1682026-9.html.csv, bleu-1: 36.12, bleu-2: 15.97, bleu-3: 6.96
1-25304789-1.html.csv
table: 1-25304789-1.html.csv, bleu-1: 36.10, bleu-2: 15.96, bleu-3: 6.96
1-29302711-13.html.csv
table: 1-29302711-13.html.csv, bleu-1: 36.08, bleu-2: 15.96, bleu-3: 6.96
2-10790099-5.html.csv
table: 2-10790099-5.html.csv, bleu-1: 36.11, bleu-2: 16.00, bleu-3: 6.99
2-17717526-12.html.csv
table: 2-17717526-12.html.csv, bleu-1: 36.10, bleu-2: 15.99, bleu-3: 6.98
2-14610267-2.html.csv
table: 2-14610267-2.html.csv, bleu-1: 36.07, bleu-2: 15.97, bleu-3: 6.97
2-17323092-8.html.csv
table: 2-17323092-8.html.csv, bleu-1: 36.09, bleu-2: 15.96, bleu-3: 6.96
2-10263245-1.html.csv
table: 2-10263245-1.html.csv, bleu-1: 36.11, bleu-2: 15.97, bleu-3: 6.98
2-13244501-6.html.csv
table: 2-13244501-6.html.csv, bleu-1: 36.12, bleu-2: 15.97, bleu-3: 6.98
2-12817505-2.html.csv
table: 2-12817505-2.html.csv, bleu-1: 36.14, bleu-2: 15.99, bleu-3: 6.99
2-10696381-3.html.csv
table: 2-10696381-3.html.csv, bleu-1: 36.17, bleu-2: 16.03, bleu-3: 7.03
2-18934536-1.html.csv
table: 2-18934536-1.html.csv, bleu-1: 36.16, bleu-2: 16.02, bleu-3: 7.02
2-1226543-6.html.csv
table: 2-1226543-6.html.csv, bleu-1: 36.18, bleu-2: 16.01, bleu-3: 7.01
1-24901152-4.html.csv
table: 1-24901152-4.html.csv, bleu-1: 36.14, bleu-2: 15.99, bleu-3: 7.00
2-17625749-2.html.csv
table: 2-17625749-2.html.csv, bleu-1: 36.16, bleu-2: 16.02, bleu-3: 7.03
2-11312764-5.html.csv
table: 2-11312764-5.html.csv, bleu-1: 36.14, bleu-2: 16.00, bleu-3: 7.02
2-13821848-1.html.csv
table: 2-13821848-1.html.csv, bleu-1: 36.16, bleu-2: 16.00, bleu-3: 7.01
2-16013858-7.html.csv
table: 2-16013858-7.html.csv, bleu-1: 36.14, bleu-2: 15.99, bleu-3: 7.00
2-1235742-1.html.csv
table: 2-1235742-1.html.csv, bleu-1: 36.16, bleu-2: 16.00, bleu-3: 6.99
2-17624865-1.html.csv
table: 2-17624865-1.html.csv, bleu-1: 36.14, bleu-2: 15.98, bleu-3: 6.98
2-13018091-1.html.csv
table: 2-13018091-1.html.csv, bleu-1: 36.12, bleu-2: 15.96, bleu-3: 6.97
2-14303579-16.html.csv
table: 2-14303579-16.html.csv, bleu-1: 36.09, bleu-2: 15.94, bleu-3: 6.96
2-10746808-4.html.csv
table: 2-10746808-4.html.csv, bleu-1: 36.10, bleu-2: 15.93, bleu-3: 6.96
2-18078622-1.html.csv
table: 2-18078622-1.html.csv, bleu-1: 36.08, bleu-2: 15.91, bleu-3: 6.95
2-18565896-1.html.csv
table: 2-18565896-1.html.csv, bleu-1: 36.09, bleu-2: 15.92, bleu-3: 6.95
2-14305802-4.html.csv
table: 2-14305802-4.html.csv, bleu-1: 36.11, bleu-2: 15.93, bleu-3: 6.97
2-166570-2.html.csv
table: 2-166570-2.html.csv, bleu-1: 36.09, bleu-2: 15.92, bleu-3: 6.96
2-1111973-1.html.csv
table: 2-1111973-1.html.csv, bleu-1: 36.05, bleu-2: 15.90, bleu-3: 6.95
2-14781412-8.html.csv
table: 2-14781412-8.html.csv, bleu-1: 36.04, bleu-2: 15.90, bleu-3: 6.95
2-11128774-8.html.csv
table: 2-11128774-8.html.csv, bleu-1: 36.03, bleu-2: 15.88, bleu-3: 6.94
2-1825751-2.html.csv
table: 2-1825751-2.html.csv, bleu-1: 36.03, bleu-2: 15.86, bleu-3: 6.93
2-184806-1.html.csv
table: 2-184806-1.html.csv, bleu-1: 36.04, bleu-2: 15.85, bleu-3: 6.92
2-18812209-20.html.csv
table: 2-18812209-20.html.csv, bleu-1: 36.06, bleu-2: 15.88, bleu-3: 6.96
2-17387785-4.html.csv
table: 2-17387785-4.html.csv, bleu-1: 36.05, bleu-2: 15.87, bleu-3: 6.95
2-17355628-9.html.csv
table: 2-17355628-9.html.csv, bleu-1: 36.06, bleu-2: 15.87, bleu-3: 6.94
2-1446835-2.html.csv
table: 2-1446835-2.html.csv, bleu-1: 36.05, bleu-2: 15.85, bleu-3: 6.93
1-25352318-1.html.csv
table: 1-25352318-1.html.csv, bleu-1: 36.04, bleu-2: 15.83, bleu-3: 6.92
2-10885968-7.html.csv
table: 2-10885968-7.html.csv, bleu-1: 36.02, bleu-2: 15.81, bleu-3: 6.92
2-10883333-20.html.csv
table: 2-10883333-20.html.csv, bleu-1: 36.02, bleu-2: 15.82, bleu-3: 6.91
2-14020863-7.html.csv
table: 2-14020863-7.html.csv, bleu-1: 36.02, bleu-2: 15.83, bleu-3: 6.92
2-15123292-1.html.csv
table: 2-15123292-1.html.csv, bleu-1: 36.06, bleu-2: 15.88, bleu-3: 6.98
2-10746808-5.html.csv
table: 2-10746808-5.html.csv, bleu-1: 36.06, bleu-2: 15.87, bleu-3: 6.97
2-1742186-16.html.csv
table: 2-1742186-16.html.csv, bleu-1: 36.05, bleu-2: 15.85, bleu-3: 6.96
1-23014476-1.html.csv
table: 1-23014476-1.html.csv, bleu-1: 36.05, bleu-2: 15.85, bleu-3: 6.95
2-10790397-6.html.csv
table: 2-10790397-6.html.csv, bleu-1: 36.07, bleu-2: 15.87, bleu-3: 6.96
2-18624865-5.html.csv
table: 2-18624865-5.html.csv, bleu-1: 36.05, bleu-2: 15.85, bleu-3: 6.95
2-10722506-4.html.csv
table: 2-10722506-4.html.csv, bleu-1: 36.02, bleu-2: 15.83, bleu-3: 6.94
2-10061118-2.html.csv
table: 2-10061118-2.html.csv, bleu-1: 36.02, bleu-2: 15.84, bleu-3: 6.94
2-14395920-1.html.csv
table: 2-14395920-1.html.csv, bleu-1: 36.02, bleu-2: 15.81, bleu-3: 6.93
2-17486851-1.html.csv
table: 2-17486851-1.html.csv, bleu-1: 36.02, bleu-2: 15.82, bleu-3: 6.94
2-12901325-10.html.csv
table: 2-12901325-10.html.csv, bleu-1: 36.02, bleu-2: 15.80, bleu-3: 6.93
2-16893837-4.html.csv
table: 2-16893837-4.html.csv, bleu-1: 36.03, bleu-2: 15.80, bleu-3: 6.93
2-11364514-2.html.csv
table: 2-11364514-2.html.csv, bleu-1: 36.05, bleu-2: 15.83, bleu-3: 6.95
2-1221065-7.html.csv
table: 2-1221065-7.html.csv, bleu-1: 36.02, bleu-2: 15.81, bleu-3: 6.94
2-1123329-2.html.csv
table: 2-1123329-2.html.csv, bleu-1: 36.01, bleu-2: 15.80, bleu-3: 6.94
2-18122130-4.html.csv
table: 2-18122130-4.html.csv, bleu-1: 36.01, bleu-2: 15.81, bleu-3: 6.94
2-15154539-6.html.csv
table: 2-15154539-6.html.csv, bleu-1: 36.01, bleu-2: 15.81, bleu-3: 6.96
1-24924576-2.html.csv
table: 1-24924576-2.html.csv, bleu-1: 35.99, bleu-2: 15.79, bleu-3: 6.95
2-18552926-7.html.csv
table: 2-18552926-7.html.csv, bleu-1: 36.00, bleu-2: 15.81, bleu-3: 6.97
2-11623598-1.html.csv
table: 2-11623598-1.html.csv, bleu-1: 36.00, bleu-2: 15.81, bleu-3: 6.97
2-1570558-1.html.csv
table: 2-1570558-1.html.csv, bleu-1: 35.99, bleu-2: 15.80, bleu-3: 6.96
2-13761074-11.html.csv
table: 2-13761074-11.html.csv, bleu-1: 36.01, bleu-2: 15.81, bleu-3: 6.97
2-17382411-4.html.csv
table: 2-17382411-4.html.csv, bleu-1: 36.01, bleu-2: 15.82, bleu-3: 6.96
2-1756060-2.html.csv
table: 2-1756060-2.html.csv, bleu-1: 35.99, bleu-2: 15.81, bleu-3: 6.96
2-1140112-5.html.csv
table: 2-1140112-5.html.csv, bleu-1: 36.01, bleu-2: 15.80, bleu-3: 6.96
2-11535001-1.html.csv
table: 2-11535001-1.html.csv, bleu-1: 36.00, bleu-2: 15.79, bleu-3: 6.95
2-18698934-2.html.csv
table: 2-18698934-2.html.csv, bleu-1: 35.97, bleu-2: 15.77, bleu-3: 6.94
2-13844614-5.html.csv
table: 2-13844614-5.html.csv, bleu-1: 35.97, bleu-2: 15.77, bleu-3: 6.93
2-17370522-15.html.csv
table: 2-17370522-15.html.csv, bleu-1: 35.99, bleu-2: 15.80, bleu-3: 6.96
2-18947170-9.html.csv
table: 2-18947170-9.html.csv, bleu-1: 36.02, bleu-2: 15.82, bleu-3: 6.98
2-11739153-3.html.csv
table: 2-11739153-3.html.csv, bleu-1: 36.04, bleu-2: 15.83, bleu-3: 6.97
1-24143253-1.html.csv
table: 1-24143253-1.html.csv, bleu-1: 36.02, bleu-2: 15.82, bleu-3: 6.97
1-28677723-5.html.csv
table: 1-28677723-5.html.csv, bleu-1: 36.00, bleu-2: 15.81, bleu-3: 6.96
2-18789596-2.html.csv
table: 2-18789596-2.html.csv, bleu-1: 36.01, bleu-2: 15.79, bleu-3: 6.95
2-12206056-8.html.csv
table: 2-12206056-8.html.csv, bleu-1: 36.02, bleu-2: 15.79, bleu-3: 6.94
1-28132970-5.html.csv
table: 1-28132970-5.html.csv, bleu-1: 36.01, bleu-2: 15.78, bleu-3: 6.94
2-1364343-4.html.csv
table: 2-1364343-4.html.csv, bleu-1: 36.01, bleu-2: 15.78, bleu-3: 6.93
2-15399991-3.html.csv
table: 2-15399991-3.html.csv, bleu-1: 36.05, bleu-2: 15.83, bleu-3: 6.98
2-18096431-7.html.csv
table: 2-18096431-7.html.csv, bleu-1: 36.05, bleu-2: 15.84, bleu-3: 6.99
2-18169845-3.html.csv
table: 2-18169845-3.html.csv, bleu-1: 36.06, bleu-2: 15.86, bleu-3: 7.00
2-16514480-5.html.csv
table: 2-16514480-5.html.csv, bleu-1: 36.05, bleu-2: 15.85, bleu-3: 7.00
2-17807292-5.html.csv
table: 2-17807292-5.html.csv, bleu-1: 36.03, bleu-2: 15.85, bleu-3: 7.00
1-26168687-3.html.csv
table: 1-26168687-3.html.csv, bleu-1: 36.00, bleu-2: 15.84, bleu-3: 7.00
2-10779468-2.html.csv
table: 2-10779468-2.html.csv, bleu-1: 36.00, bleu-2: 15.83, bleu-3: 6.99
2-17262467-1.html.csv
table: 2-17262467-1.html.csv, bleu-1: 35.99, bleu-2: 15.83, bleu-3: 6.98
2-17915-12.html.csv
table: 2-17915-12.html.csv, bleu-1: 35.99, bleu-2: 15.83, bleu-3: 6.98
2-18217231-2.html.csv
table: 2-18217231-2.html.csv, bleu-1: 36.00, bleu-2: 15.84, bleu-3: 6.98
2-1640715-2.html.csv
table: 2-1640715-2.html.csv, bleu-1: 36.02, bleu-2: 15.86, bleu-3: 6.98
2-17443121-2.html.csv
table: 2-17443121-2.html.csv, bleu-1: 36.03, bleu-2: 15.86, bleu-3: 6.97
2-16823523-9.html.csv
table: 2-16823523-9.html.csv, bleu-1: 36.03, bleu-2: 15.87, bleu-3: 6.97
2-12719328-2.html.csv
table: 2-12719328-2.html.csv, bleu-1: 36.03, bleu-2: 15.87, bleu-3: 6.96
2-17736890-2.html.csv
table: 2-17736890-2.html.csv, bleu-1: 36.01, bleu-2: 15.86, bleu-3: 6.96
2-11771022-8.html.csv
table: 2-11771022-8.html.csv, bleu-1: 36.04, bleu-2: 15.89, bleu-3: 6.98
2-17188888-2.html.csv
table: 2-17188888-2.html.csv, bleu-1: 36.03, bleu-2: 15.89, bleu-3: 6.97
2-13312898-28.html.csv
table: 2-13312898-28.html.csv, bleu-1: 36.06, bleu-2: 15.91, bleu-3: 6.97
1-28210383-1.html.csv
table: 1-28210383-1.html.csv, bleu-1: 36.05, bleu-2: 15.90, bleu-3: 6.96
2-18553497-4.html.csv
table: 2-18553497-4.html.csv, bleu-1: 36.03, bleu-2: 15.88, bleu-3: 6.95
2-10766119-14.html.csv
table: 2-10766119-14.html.csv, bleu-1: 36.04, bleu-2: 15.90, bleu-3: 6.97
2-15860092-6.html.csv
table: 2-15860092-6.html.csv, bleu-1: 36.03, bleu-2: 15.89, bleu-3: 6.96
2-12423174-1.html.csv
table: 2-12423174-1.html.csv, bleu-1: 36.01, bleu-2: 15.87, bleu-3: 6.95
2-1546813-1.html.csv
table: 2-1546813-1.html.csv, bleu-1: 35.99, bleu-2: 15.87, bleu-3: 6.94
2-13298969-2.html.csv
table: 2-13298969-2.html.csv, bleu-1: 35.96, bleu-2: 15.85, bleu-3: 6.94
2-17798269-8.html.csv
table: 2-17798269-8.html.csv, bleu-1: 35.96, bleu-2: 15.87, bleu-3: 6.96
2-17514817-1.html.csv
table: 2-17514817-1.html.csv, bleu-1: 35.94, bleu-2: 15.85, bleu-3: 6.95
2-11513647-4.html.csv
table: 2-11513647-4.html.csv, bleu-1: 35.94, bleu-2: 15.86, bleu-3: 6.96
2-18178551-1.html.csv
table: 2-18178551-1.html.csv, bleu-1: 35.93, bleu-2: 15.84, bleu-3: 6.95
2-15272646-6.html.csv
table: 2-15272646-6.html.csv, bleu-1: 35.92, bleu-2: 15.84, bleu-3: 6.95
2-11218948-6.html.csv
table: 2-11218948-6.html.csv, bleu-1: 35.93, bleu-2: 15.85, bleu-3: 6.96
2-10257-5.html.csv
table: 2-10257-5.html.csv, bleu-1: 35.92, bleu-2: 15.84, bleu-3: 6.96
2-1122973-1.html.csv
table: 2-1122973-1.html.csv, bleu-1: 35.91, bleu-2: 15.84, bleu-3: 6.95
2-17430068-2.html.csv
table: 2-17430068-2.html.csv, bleu-1: 35.90, bleu-2: 15.83, bleu-3: 6.95
2-11787570-4.html.csv
table: 2-11787570-4.html.csv, bleu-1: 35.89, bleu-2: 15.81, bleu-3: 6.94
2-169662-2.html.csv
table: 2-169662-2.html.csv, bleu-1: 35.88, bleu-2: 15.81, bleu-3: 6.93
2-11570929-1.html.csv
table: 2-11570929-1.html.csv, bleu-1: 35.85, bleu-2: 15.79, bleu-3: 6.92
2-18622227-6.html.csv
table: 2-18622227-6.html.csv, bleu-1: 35.84, bleu-2: 15.78, bleu-3: 6.92
2-18674332-1.html.csv
table: 2-18674332-1.html.csv, bleu-1: 35.86, bleu-2: 15.78, bleu-3: 6.92
1-23466021-4.html.csv
table: 1-23466021-4.html.csv, bleu-1: 35.86, bleu-2: 15.78, bleu-3: 6.91
1-28051859-3.html.csv
table: 1-28051859-3.html.csv, bleu-1: 35.84, bleu-2: 15.76, bleu-3: 6.90
2-13955731-4.html.csv
table: 2-13955731-4.html.csv, bleu-1: 35.86, bleu-2: 15.79, bleu-3: 6.91
2-15250161-2.html.csv
table: 2-15250161-2.html.csv, bleu-1: 35.89, bleu-2: 15.82, bleu-3: 6.93
2-14496392-1.html.csv
table: 2-14496392-1.html.csv, bleu-1: 35.86, bleu-2: 15.80, bleu-3: 6.92
2-12472200-7.html.csv
table: 2-12472200-7.html.csv, bleu-1: 35.85, bleu-2: 15.80, bleu-3: 6.92
2-18925638-1.html.csv
table: 2-18925638-1.html.csv, bleu-1: 35.88, bleu-2: 15.83, bleu-3: 6.93
2-1291598-3.html.csv
table: 2-1291598-3.html.csv, bleu-1: 35.90, bleu-2: 15.81, bleu-3: 6.92
2-11173692-2.html.csv
table: 2-11173692-2.html.csv, bleu-1: 35.89, bleu-2: 15.80, bleu-3: 6.91
1-25551880-2.html.csv
table: 1-25551880-2.html.csv, bleu-1: 35.89, bleu-2: 15.80, bleu-3: 6.92
2-17142388-1.html.csv
table: 2-17142388-1.html.csv, bleu-1: 35.86, bleu-2: 15.78, bleu-3: 6.91
2-14978398-2.html.csv
table: 2-14978398-2.html.csv, bleu-1: 35.83, bleu-2: 15.77, bleu-3: 6.90
2-1861948-2.html.csv
table: 2-1861948-2.html.csv, bleu-1: 35.80, bleu-2: 15.76, bleu-3: 6.89
2-15009679-7.html.csv
table: 2-15009679-7.html.csv, bleu-1: 35.81, bleu-2: 15.74, bleu-3: 6.89
2-1140106-1.html.csv
table: 2-1140106-1.html.csv, bleu-1: 35.80, bleu-2: 15.73, bleu-3: 6.88
2-11221360-2.html.csv
table: 2-11221360-2.html.csv, bleu-1: 35.80, bleu-2: 15.72, bleu-3: 6.88
2-13873532-1.html.csv
table: 2-13873532-1.html.csv, bleu-1: 35.79, bleu-2: 15.72, bleu-3: 6.87
2-13566745-1.html.csv
table: 2-13566745-1.html.csv, bleu-1: 35.77, bleu-2: 15.70, bleu-3: 6.86
2-17822046-1.html.csv
table: 2-17822046-1.html.csv, bleu-1: 35.80, bleu-2: 15.72, bleu-3: 6.88
2-14860855-3.html.csv
table: 2-14860855-3.html.csv, bleu-1: 35.78, bleu-2: 15.70, bleu-3: 6.87
total corpus BLEU score = 35.78/15.70/6.87
